Log file open, 11/25/16 11:39:28
LogInit:Display: Running engine for game: TheDeepWest
LogPlatformFile: Not using cached read wrapper
LogInit:Display: RandInit(634375346) SRandInit(634375346).
LogTaskGraph: Started task graph with 5 named threads and 6 total threads with 1 sets of task threads.
LogStats: Stats thread started at 0.098842
LogPluginManager: Loaded Plugin Paper2D, From C:/Program Files (x86)/Epic Games/4.13/Engine/Plugins/2D/Paper2D/Paper2D.uplugin
LogPluginManager: Loaded Plugin LightPropagationVolume, From C:/Program Files (x86)/Epic Games/4.13/Engine/Plugins/Blendables/LightPropagationVolume/LightPropagationVolume.uplugin
LogPluginManager: Loaded Plugin BlankPlugin, From C:/Program Files (x86)/Epic Games/4.13/Engine/Plugins/Developer/BlankPlugin/BlankPlugin.uplugin
LogPluginManager: Loaded Plugin CodeLiteSourceCodeAccess, From C:/Program Files (x86)/Epic Games/4.13/Engine/Plugins/Developer/CodeLiteSourceCodeAccess/CodeLiteSourceCodeAccess.uplugin
LogPluginManager: Loaded Plugin GitSourceControl, From C:/Program Files (x86)/Epic Games/4.13/Engine/Plugins/Developer/GitSourceControl/GitSourceControl.uplugin
LogPluginManager: Loaded Plugin KDevelopSourceCodeAccess, From C:/Program Files (x86)/Epic Games/4.13/Engine/Plugins/Developer/KDevelopSourceCodeAccess/KDevelopSourceCodeAccess.uplugin
LogPluginManager: Loaded Plugin NullSourceCodeAccess, From C:/Program Files (x86)/Epic Games/4.13/Engine/Plugins/Developer/NullSourceCodeAccess/NullSourceCodeAccess.uplugin
LogPluginManager: Loaded Plugin OneSkyLocalizationService, From C:/Program Files (x86)/Epic Games/4.13/Engine/Plugins/Developer/OneSkyLocalizationService/OneSkyLocalizationService.uplugin
LogPluginManager: Loaded Plugin PerforceSourceControl, From C:/Program Files (x86)/Epic Games/4.13/Engine/Plugins/Developer/PerforceSourceControl/PerforceSourceControl.uplugin
LogPluginManager: Loaded Plugin SubversionSourceControl, From C:/Program Files (x86)/Epic Games/4.13/Engine/Plugins/Developer/SubversionSourceControl/SubversionSourceControl.uplugin
LogPluginManager: Loaded Plugin UObjectPlugin, From C:/Program Files (x86)/Epic Games/4.13/Engine/Plugins/Developer/UObjectPlugin/UObjectPlugin.uplugin
LogPluginManager: Loaded Plugin VisualStudioSourceCodeAccess, From C:/Program Files (x86)/Epic Games/4.13/Engine/Plugins/Developer/VisualStudioSourceCodeAccess/VisualStudioSourceCodeAccess.uplugin
LogPluginManager: Loaded Plugin XCodeSourceCodeAccess, From C:/Program Files (x86)/Epic Games/4.13/Engine/Plugins/Developer/XCodeSourceCodeAccess/XCodeSourceCodeAccess.uplugin
LogPluginManager: Loaded Plugin EpicSurvey, From C:/Program Files (x86)/Epic Games/4.13/Engine/Plugins/Editor/EpicSurvey/EpicSurvey.uplugin
LogPluginManager: Loaded Plugin MacGraphicsSwitching, From C:/Program Files (x86)/Epic Games/4.13/Engine/Plugins/Editor/MacGraphicsSwitching/MacGraphicsSwitching.uplugin
LogPluginManager: Loaded Plugin MobileLauncherProfileWizard, From C:/Program Files (x86)/Epic Games/4.13/Engine/Plugins/Editor/MobileLauncherProfileWizard/MobileLauncherProfileWizard.uplugin
LogPluginManager: Loaded Plugin PluginBrowser, From C:/Program Files (x86)/Epic Games/4.13/Engine/Plugins/Editor/PluginBrowser/PluginBrowser.uplugin
LogPluginManager: Loaded Plugin SpeedTreeImporter, From C:/Program Files (x86)/Epic Games/4.13/Engine/Plugins/Editor/SpeedTreeImporter/SpeedTreeImporter.uplugin
LogPluginManager: Loaded Plugin SuperSearchEditor, From C:/Program Files (x86)/Epic Games/4.13/Engine/Plugins/Editor/SuperSearchEditor/SuperSearchEditor.uplugin
LogPluginManager: Loaded Plugin AlembicImporter, From C:/Program Files (x86)/Epic Games/4.13/Engine/Plugins/Experimental/AlembicImporter/AlembicImporter.uplugin
LogPluginManager: Loaded Plugin BlueprintStats, From C:/Program Files (x86)/Epic Games/4.13/Engine/Plugins/Experimental/BlueprintStats/BlueprintStats.uplugin
LogPluginManager: Loaded Plugin CharacterAI, From C:/Program Files (x86)/Epic Games/4.13/Engine/Plugins/Experimental/CharacterAI/CharacterAI.uplugin
LogPluginManager: Loaded Plugin CodeEditor, From C:/Program Files (x86)/Epic Games/4.13/Engine/Plugins/Experimental/CodeEditor/CodeEditor.uplugin
LogPluginManager: Loaded Plugin CodeView, From C:/Program Files (x86)/Epic Games/4.13/Engine/Plugins/Experimental/CodeView/CodeView.uplugin
LogPluginManager: Loaded Plugin HTML5Networking, From C:/Program Files (x86)/Epic Games/4.13/Engine/Plugins/Experimental/HTML5Networking/HTML5Networking.uplugin
LogPluginManager: Loaded Plugin LiveEditor, From C:/Program Files (x86)/Epic Games/4.13/Engine/Plugins/Experimental/LiveEditor/LiveEditor.uplugin
LogPluginManager: Loaded Plugin OSVR, From C:/Program Files (x86)/Epic Games/4.13/Engine/Plugins/Experimental/OSVR/OSVR.uplugin
LogPluginManager: Loaded Plugin Phya, From C:/Program Files (x86)/Epic Games/4.13/Engine/Plugins/Experimental/Phya/Phya.uplugin
LogPluginManager: Loaded Plugin SignificanceManager, From C:/Program Files (x86)/Epic Games/4.13/Engine/Plugins/Experimental/SignificanceManager/SignificanceManager.uplugin
LogPluginManager: Loaded Plugin SimpleHMD, From C:/Program Files (x86)/Epic Games/4.13/Engine/Plugins/Experimental/SimpleHMD/SimpleHMD.uplugin
LogPluginManager: Loaded Plugin StereoPanorama, From C:/Program Files (x86)/Epic Games/4.13/Engine/Plugins/Experimental/StereoPanorama/StereoPanorama.uplugin
LogPluginManager: Loaded Plugin StructBox, From C:/Program Files (x86)/Epic Games/4.13/Engine/Plugins/Experimental/StructBox/StructBox.uplugin
LogPluginManager: Loaded Plugin AndroidMedia, From C:/Program Files (x86)/Epic Games/4.13/Engine/Plugins/Media/AndroidMedia/AndroidMedia.uplugin
LogPluginManager: Loaded Plugin AvfMedia, From C:/Program Files (x86)/Epic Games/4.13/Engine/Plugins/Media/AvfMedia/AvfMedia.uplugin
LogPluginManager: Loaded Plugin MediaPlayerEditor, From C:/Program Files (x86)/Epic Games/4.13/Engine/Plugins/Media/MediaPlayerEditor/MediaPlayerEditor.uplugin
LogPluginManager: Loaded Plugin WmfMedia, From C:/Program Files (x86)/Epic Games/4.13/Engine/Plugins/Media/WmfMedia/WmfMedia.uplugin
LogPluginManager: Loaded Plugin MessagingDebugger, From C:/Program Files (x86)/Epic Games/4.13/Engine/Plugins/Messaging/MessagingDebugger/MessagingDebugger.uplugin
LogPluginManager: Loaded Plugin TcpMessaging, From C:/Program Files (x86)/Epic Games/4.13/Engine/Plugins/Messaging/TcpMessaging/TcpMessaging.uplugin
LogPluginManager: Loaded Plugin UdpMessaging, From C:/Program Files (x86)/Epic Games/4.13/Engine/Plugins/Messaging/UdpMessaging/UdpMessaging.uplugin
LogPluginManager: Loaded Plugin LevelSequenceEditor, From C:/Program Files (x86)/Epic Games/4.13/Engine/Plugins/MovieScene/LevelSequenceEditor/LevelSequenceEditor.uplugin
LogPluginManager: Loaded Plugin MatineeToLevelSequence, From C:/Program Files (x86)/Epic Games/4.13/Engine/Plugins/MovieScene/MatineeToLevelSequence/MatineeToLevelSequence.uplugin
LogPluginManager: Loaded Plugin NetcodeUnitTest, From C:/Program Files (x86)/Epic Games/4.13/Engine/Plugins/NetcodeUnitTest/NetcodeUnitTest/NetcodeUnitTest.uplugin
LogPluginManager: Loaded Plugin NUTUnrealEngine4, From C:/Program Files (x86)/Epic Games/4.13/Engine/Plugins/NetcodeUnitTest/NUTUnrealEngine4/NUTUnrealEngine4.uplugin
LogPluginManager: Loaded Plugin OnlineSubsystemGooglePlay, From C:/Program Files (x86)/Epic Games/4.13/Engine/Plugins/Online/Android/OnlineSubsystemGooglePlay/OnlineSubsystemGooglePlay.uplugin
LogPluginManager: Loaded Plugin OnlineSubsystemIOS, From C:/Program Files (x86)/Epic Games/4.13/Engine/Plugins/Online/IOS/OnlineSubsystemIOS/OnlineSubsystemIOS.uplugin
LogPluginManager: Loaded Plugin OnlineFramework, From C:/Program Files (x86)/Epic Games/4.13/Engine/Plugins/Online/OnlineFramework/OnlineFramework.uplugin
LogPluginManager: Loaded Plugin OnlineSubsystem, From C:/Program Files (x86)/Epic Games/4.13/Engine/Plugins/Online/OnlineSubsystem/OnlineSubsystem.uplugin
LogPluginManager: Loaded Plugin OnlineSubsystemAmazon, From C:/Program Files (x86)/Epic Games/4.13/Engine/Plugins/Online/OnlineSubsystemAmazon/OnlineSubsystemAmazon.uplugin
LogPluginManager: Loaded Plugin OnlineSubsystemFacebook, From C:/Program Files (x86)/Epic Games/4.13/Engine/Plugins/Online/OnlineSubsystemFacebook/OnlineSubsystemFacebook.uplugin
LogPluginManager: Loaded Plugin OnlineSubsystemNull, From C:/Program Files (x86)/Epic Games/4.13/Engine/Plugins/Online/OnlineSubsystemNull/OnlineSubsystemNull.uplugin
LogPluginManager: Loaded Plugin OnlineSubsystemOculus, From C:/Program Files (x86)/Epic Games/4.13/Engine/Plugins/Online/OnlineSubsystemOculus/OnlineSubsystemOculus.uplugin
LogPluginManager: Loaded Plugin OnlineSubsystemSteam, From C:/Program Files (x86)/Epic Games/4.13/Engine/Plugins/Online/OnlineSubsystemSteam/OnlineSubsystemSteam.uplugin
LogPluginManager: Loaded Plugin OnlineSubsystemUtils, From C:/Program Files (x86)/Epic Games/4.13/Engine/Plugins/Online/OnlineSubsystemUtils/OnlineSubsystemUtils.uplugin
LogPluginManager: Loaded Plugin IOSTapJoy, From C:/Program Files (x86)/Epic Games/4.13/Engine/Plugins/Runtime/Advertising/IOSTapJoy/IOSTapJoy.uplugin
LogPluginManager: Loaded Plugin AnalyticsBlueprintLibrary, From C:/Program Files (x86)/Epic Games/4.13/Engine/Plugins/Runtime/Analytics/AnalyticsBlueprintLibrary/AnalyticsBlueprintLibrary.uplugin
LogPluginManager: Loaded Plugin AnalyticsMulticast, From C:/Program Files (x86)/Epic Games/4.13/Engine/Plugins/Runtime/Analytics/AnalyticsMulticast/AnalyticsMulticast.uplugin
LogPluginManager: Loaded Plugin Apsalar, From C:/Program Files (x86)/Epic Games/4.13/Engine/Plugins/Runtime/Analytics/Apsalar/Apsalar.uplugin
LogPluginManager: Loaded Plugin FileLogging, From C:/Program Files (x86)/Epic Games/4.13/Engine/Plugins/Runtime/Analytics/FileLogging/FileLogging.uplugin
LogPluginManager: Loaded Plugin Flurry, From C:/Program Files (x86)/Epic Games/4.13/Engine/Plugins/Runtime/Analytics/Flurry/Flurry.uplugin
LogPluginManager: Loaded Plugin AndroidDeviceProfileSelector, From C:/Program Files (x86)/Epic Games/4.13/Engine/Plugins/Runtime/AndroidDeviceProfileSelector/AndroidDeviceProfileSelector.uplugin
LogPluginManager: Loaded Plugin AndroidMoviePlayer, From C:/Program Files (x86)/Epic Games/4.13/Engine/Plugins/Runtime/AndroidMoviePlayer/AndroidMoviePlayer.uplugin
LogPluginManager: Loaded Plugin AppleMoviePlayer, From C:/Program Files (x86)/Epic Games/4.13/Engine/Plugins/Runtime/AppleMoviePlayer/AppleMoviePlayer.uplugin
LogPluginManager: Loaded Plugin ArchVisCharacter, From C:/Program Files (x86)/Epic Games/4.13/Engine/Plugins/Runtime/ArchVisCharacter/ArchVisCharacter.uplugin
LogPluginManager: Loaded Plugin CableComponent, From C:/Program Files (x86)/Epic Games/4.13/Engine/Plugins/Runtime/CableComponent/CableComponent.uplugin
LogPluginManager: Loaded Plugin CustomMeshComponent, From C:/Program Files (x86)/Epic Games/4.13/Engine/Plugins/Runtime/CustomMeshComponent/CustomMeshComponent.uplugin
LogPluginManager: Loaded Plugin ExampleDeviceProfileSelector, From C:/Program Files (x86)/Epic Games/4.13/Engine/Plugins/Runtime/ExampleDeviceProfileSelector/ExampleDeviceProfileSelector.uplugin
LogPluginManager: Loaded Plugin GearVR, From C:/Program Files (x86)/Epic Games/4.13/Engine/Plugins/Runtime/GearVR/GearVR.uplugin
LogPluginManager: Loaded Plugin GoogleVRController, From C:/Program Files (x86)/Epic Games/4.13/Engine/Plugins/Runtime/GoogleVR/GoogleVRController/GoogleVRController.uplugin
LogPluginManager: Loaded Plugin GoogleVRHMD, From C:/Program Files (x86)/Epic Games/4.13/Engine/Plugins/Runtime/GoogleVR/GoogleVRHMD/GoogleVRHMD.uplugin
LogPluginManager: Loaded Plugin IOSDeviceProfileSelector, From C:/Program Files (x86)/Epic Games/4.13/Engine/Plugins/Runtime/IOSDeviceProfileSelector/IOSDeviceProfileSelector.uplugin
LogPluginManager: Loaded Plugin LeapMotion, From C:/Program Files (x86)/Epic Games/4.13/Engine/Plugins/Runtime/LeapMotion/LeapMotion.uplugin
LogPluginManager: Loaded Plugin LinuxDeviceProfileSelector, From C:/Program Files (x86)/Epic Games/4.13/Engine/Plugins/Runtime/LinuxDeviceProfileSelector/LinuxDeviceProfileSelector.uplugin
LogPluginManager: Loaded Plugin LiveEditorListenServer, From C:/Program Files (x86)/Epic Games/4.13/Engine/Plugins/Runtime/LiveEditorListenServer/LiveEditorListenServer.uplugin
LogPluginManager: Loaded Plugin OculusAudio, From C:/Program Files (x86)/Epic Games/4.13/Engine/Plugins/Runtime/OculusAudio/OculusAudio.uplugin
LogPluginManager: Loaded Plugin OculusInput, From C:/Program Files (x86)/Epic Games/4.13/Engine/Plugins/Runtime/OculusInput/OculusInput.uplugin
LogPluginManager: Loaded Plugin OculusLibrary, From C:/Program Files (x86)/Epic Games/4.13/Engine/Plugins/Runtime/OculusLibrary/OculusLibrary.uplugin
LogPluginManager: Loaded Plugin OculusRift, From C:/Program Files (x86)/Epic Games/4.13/Engine/Plugins/Runtime/OculusRift/OculusRift.uplugin
LogPluginManager: Loaded Plugin Oodle, From C:/Program Files (x86)/Epic Games/4.13/Engine/Plugins/Runtime/PacketHandlers/CompressionComponents/Oodle/Oodle.uplugin
LogPluginManager: Loaded Plugin ProceduralMeshComponent, From C:/Program Files (x86)/Epic Games/4.13/Engine/Plugins/Runtime/ProceduralMeshComponent/ProceduralMeshComponent.uplugin
LogPluginManager: Loaded Plugin SoundMod, From C:/Program Files (x86)/Epic Games/4.13/Engine/Plugins/Runtime/SoundMod/SoundMod.uplugin
LogPluginManager: Loaded Plugin SoundVisualizations, From C:/Program Files (x86)/Epic Games/4.13/Engine/Plugins/Runtime/SoundVisualizations/SoundVisualizations.uplugin
LogPluginManager: Loaded Plugin SteamController, From C:/Program Files (x86)/Epic Games/4.13/Engine/Plugins/Runtime/Steam/SteamController/SteamController.uplugin
LogPluginManager: Loaded Plugin SteamVR, From C:/Program Files (x86)/Epic Games/4.13/Engine/Plugins/Runtime/Steam/SteamVR/SteamVR.uplugin
LogPluginManager: Loaded Plugin WebBrowserWidget, From C:/Program Files (x86)/Epic Games/4.13/Engine/Plugins/Runtime/WebBrowserWidget/WebBrowserWidget.uplugin
LogPluginManager: Loaded Plugin WindowsDeviceProfileSelector, From C:/Program Files (x86)/Epic Games/4.13/Engine/Plugins/Runtime/WindowsDeviceProfileSelector/WindowsDeviceProfileSelector.uplugin
LogPluginManager: Loaded Plugin WindowsMoviePlayer, From C:/Program Files (x86)/Epic Games/4.13/Engine/Plugins/Runtime/WindowsMoviePlayer/WindowsMoviePlayer.uplugin
LogPluginManager: Loaded Plugin ScriptPlugin, From C:/Program Files (x86)/Epic Games/4.13/Engine/Plugins/ScriptPlugin/ScriptPlugin.uplugin
LogPluginManager: Loaded Plugin SlateRemote, From C:/Program Files (x86)/Epic Games/4.13/Engine/Plugins/Slate/SlateRemote/SlateRemote.uplugin
LogInit: Using libcurl 7.47.1
LogInit:  - built for x86_64-pc-win32
LogInit:  - supports SSL with WinSSL
LogInit:  - other features:
LogInit:      CURL_VERSION_SSL
LogInit:      CURL_VERSION_IPV6
LogInit:      CURL_VERSION_ASYNCHDNS
LogInit:      CURL_VERSION_LARGEFILE
LogInit:      CURL_VERSION_IDN
LogInit:  CurlRequestOptions (configurable via config and command line):
LogInit:  - bVerifyPeer = false  - Libcurl will NOT verify peer certificate
LogInit:  - bUseHttpProxy = false  - Libcurl will NOT use HTTP proxy
LogInit:  - bDontReuseConnections = false  - Libcurl will reuse connections
LogInit:  - CertBundlePath = nullptr  - Libcurl will use whatever was configured at build time.
LogInit: Build: ++UE4+Release-4.13-CL-3172292
LogInit: Engine Version: 4.13.2-3172292+++UE4+Release-4.13
LogInit: Compatible Engine Version: 4.13.0-3106830+++UE4+Release-4.13
LogInit: Net CL: 3172292
LogDevObjectVersion: Number of dev versions registered: 13
LogDevObjectVersion:   Dev-Blueprints (B0D832E4-1F89-4F0D-ACCF-7EB736FD4AA2): 5
LogDevObjectVersion:   Dev-Build (E1C64328-A22C-4D53-A36C-8E866417BD8C): 0
LogDevObjectVersion:   Dev-Core (375EC13C-06E4-48FB-B500-84F0262A717E): 1
LogDevObjectVersion:   Dev-Editor (E4B068ED-F494-42E9-A231-DA0B2E46BB41): 6
LogDevObjectVersion:   Dev-Framework (CFFC743F-43B0-4480-9391-14DF171D2073): 12
LogDevObjectVersion:   Dev-Mobile (B02B49B5-BB20-44E9-A304-32B752E40360): 0
LogDevObjectVersion:   Dev-Networking (A4E4105C-59A1-49B5-A7C5-40C4547EDFEE): 0
LogDevObjectVersion:   Dev-Online (39C831C9-5AE6-47DC-9A44-9C173E1C8E7C): 0
LogDevObjectVersion:   Dev-Physics (78F01B33-EBEA-4F98-B9B4-84EACCB95AA2): 0
LogDevObjectVersion:   Dev-Platform (6631380F-2D4D-43E0-8009-CF276956A95A): 0
LogDevObjectVersion:   Dev-Rendering (12F88B9F-8875-4AFC-A67C-D90C383ABD29): 4
LogDevObjectVersion:   Dev-Sequencer (7B5AE74C-D270-4C10-A958-57980B212A5A): 0
LogDevObjectVersion:   Dev-VR (D7296918-1DD6-4BDD-9DE2-64A83CC13884): 0
LogInit: Compiled (64-bit): Oct 24 2016 14:29:06
LogInit: Compiled with Visual C++: 19.00.23026.00
LogInit: Build Configuration: Development
LogInit: Branch Name: ++UE4+Release-4.13
LogInit: Command line:  
LogInit: Base directory: C:/Program Files (x86)/Epic Games/4.13/Engine/Binaries/Win64/
LogInit: Installed Engine Build: 1
LogInit: Presizing for max 8388607 objects, including 0 objects not considered by GC, pre-allocating 0 bytes for permanent pool.
LogInit: Object subsystem initialized
[2016.11.25-00.39.29:299][  0]LogInit: Selected Device Profile: [Windows]
[2016.11.25-00.39.29:299][  0]LogInit: Applying CVar settings loaded from the selected device profile: [Windows]
[2016.11.25-00.39.30:042][  0]LogInit: Computer: CRUCIBLEPC
[2016.11.25-00.39.30:042][  0]LogInit: User: Zac
[2016.11.25-00.39.30:042][  0]LogInit: CPU Page size=65536, Cores=2
[2016.11.25-00.39.30:042][  0]LogInit: High frequency timer resolution =3.506894 MHz
[2016.11.25-00.39.30:043][  0]LogMemory: Memory total: Physical=7.9GB (8GB approx)
[2016.11.25-00.39.30:043][  0]LogMemory: Platform Memory Stats for Windows
[2016.11.25-00.39.30:043][  0]LogMemory: Process Physical Memory: 255.72 MB used, 255.72 MB peak
[2016.11.25-00.39.30:043][  0]LogMemory: Process Virtual Memory: 260.45 MB used, 260.45 MB peak
[2016.11.25-00.39.30:043][  0]LogMemory: Physical Memory: 5258.20 MB used, 8135.47 MB total
[2016.11.25-00.39.30:043][  0]LogMemory: Virtual Memory: 589.64 MB used, 8388608.00 MB total
[2016.11.25-00.39.30:145][  0]LogTextLocalizationManager: No specific translations for ('en-AU') exist, so ('en') translations will be used.
[2016.11.25-00.39.31:628][  0]LogD3D11RHI: D3D11 adapters:
[2016.11.25-00.39.31:658][  0]LogD3D11RHI:    0. 'AMD Radeon (TM) R9 390 Series' (Feature Level 11_0)
[2016.11.25-00.39.31:658][  0]LogD3D11RHI:       8168/0/3811 MB DedicatedVideo/DedicatedSystem/SharedSystem, Outputs:1, VendorId:0x1002
[2016.11.25-00.39.31:658][  0]LogD3D11RHI: Chosen D3D11 Adapter: 0
[2016.11.25-00.39.31:672][  0]LogD3D11RHI: Creating new Direct3DDevice
[2016.11.25-00.39.31:673][  0]LogD3D11RHI:     GPU DeviceId: 0x67b0 (for the marketing name, search the web for "GPU Device Id")
[2016.11.25-00.39.31:673][  0]LogWindows: EnumDisplayDevices:
[2016.11.25-00.39.31:673][  0]LogWindows:    0. 'AMD Radeon (TM) R9 390 Series' (P:1 D:1)
[2016.11.25-00.39.31:674][  0]LogWindows:    1. 'AMD Radeon (TM) R9 390 Series' (P:0 D:0)
[2016.11.25-00.39.31:675][  0]LogWindows:    2. 'AMD Radeon (TM) R9 390 Series' (P:0 D:0)
[2016.11.25-00.39.31:676][  0]LogWindows:    3. 'AMD Radeon (TM) R9 390 Series' (P:0 D:0)
[2016.11.25-00.39.31:677][  0]LogWindows:    4. 'AMD Radeon (TM) R9 390 Series' (P:0 D:0)
[2016.11.25-00.39.31:678][  0]LogWindows:    5. 'AMD Radeon (TM) R9 390 Series' (P:0 D:0)
[2016.11.25-00.39.31:679][  0]LogWindows:    6. 'RDPDD Chained DD' (P:0 D:0)
[2016.11.25-00.39.31:680][  0]LogWindows:    7. 'RDP Encoder Mirror Driver' (P:0 D:0)
[2016.11.25-00.39.31:680][  0]LogWindows:    8. 'RDP Reflector Display Driver' (P:0 D:0)
[2016.11.25-00.39.31:681][  0]LogWindows: DebugString: GetVideoDriverDetailsInvalid PrimaryIsNotTheChoosenAdapter GetVideoDriverDetailsInvalid PrimaryIsNotTheChoosenAdapter GetVideoDriverDetailsInvalid PrimaryIsNotTheChoosenAdapter FoundDriverCount:6 
[2016.11.25-00.39.31:681][  0]LogD3D11RHI:     Adapter Name: AMD Radeon (TM) R9 390 Series
[2016.11.25-00.39.31:681][  0]LogD3D11RHI:   Driver Version: Crimson 16.10.1 (internal:21.19.151.3, unified:21.19.151.3)
[2016.11.25-00.39.31:681][  0]LogD3D11RHI:      Driver Date: 10-4-2016
[2016.11.25-00.39.31:681][  0]LogRHI: Texture pool is 1361 MB (70% of 1945 MB)
[2016.11.25-00.39.31:703][  0]LogD3D11RHI: Async texture creation enabled
[2016.11.25-00.39.31:720][  0]LogD3D11RHI: GPU Timing Frequency: 27.000000 (Debug: 2 1)
[2016.11.25-00.39.31:721][  0]LogShaderCompilers: Guid format shader working directory is 12 characters bigger than the processId version (F:/Current Projects/TheDeepWest/Intermediate/Shaders/WorkingDirectory/12264/).
[2016.11.25-00.39.31:721][  0]LogShaderCompilers: Cleaned the shader compiler working directory 'C:/Users/Zac/AppData/Local/Temp/UnrealShaderWorkingDir/4DF77C3148E9E858AAFBC4BCB567506D/'.
[2016.11.25-00.39.31:721][  0]LogShaderCompilers:Display: Using Local Shader Compiler.
[2016.11.25-00.39.34:432][  0]LogTemp:Display: Loaded TP AllDesktopTargetPlatform
[2016.11.25-00.39.34:454][  0]LogTemp:Display: Loaded TP WindowsClientTargetPlatform
[2016.11.25-00.39.34:478][  0]LogTemp:Display: Loaded TP WindowsNoEditorTargetPlatform
[2016.11.25-00.39.34:501][  0]LogTemp:Display: Loaded TP WindowsServerTargetPlatform
[2016.11.25-00.39.34:522][  0]LogTemp:Display: Loaded TP WindowsTargetPlatform
[2016.11.25-00.39.34:542][  0]LogTemp:Display: Loaded TP AndroidTargetPlatform
[2016.11.25-00.39.34:563][  0]LogTemp:Display: Loaded TP Android_ASTCTargetPlatform
[2016.11.25-00.39.34:588][  0]LogTemp:Display: Loaded TP Android_ATCTargetPlatform
[2016.11.25-00.39.34:609][  0]LogTemp:Display: Loaded TP Android_DXTTargetPlatform
[2016.11.25-00.39.34:630][  0]LogTemp:Display: Loaded TP Android_ETC1TargetPlatform
[2016.11.25-00.39.34:649][  0]LogTemp:Display: Loaded TP Android_ETC2TargetPlatform
[2016.11.25-00.39.34:690][  0]LogTemp:Display: Loaded TP Android_MultiTargetPlatform
[2016.11.25-00.39.34:690][  0]LogTemp:Display: Loaded TP Android_PVRTCTargetPlatform
[2016.11.25-00.39.34:692][  0]LogTemp:Display: Loaded TP HTML5TargetPlatform
[2016.11.25-00.39.34:726][  0]LogTemp:Display: Loaded TP IOSTargetPlatform
[2016.11.25-00.39.34:747][  0]LogTemp:Display: Loaded TP TVOSTargetPlatform
[2016.11.25-00.39.34:768][  0]LogTemp:Display: Loaded TP LinuxClientTargetPlatform
[2016.11.25-00.39.34:787][  0]LogTemp:Display: Loaded TP LinuxNoEditorTargetPlatform
[2016.11.25-00.39.34:806][  0]LogTemp:Display: Loaded TP LinuxServerTargetPlatform
[2016.11.25-00.39.34:827][  0]LogTemp:Display: Loaded TP LinuxTargetPlatform
[2016.11.25-00.39.34:827][  0]LogTargetPlatformManager:Display: Building Assets For Windows
[2016.11.25-00.39.34:986][  0]LogDerivedDataCache:Display: Max Cache Size: 512 MB
[2016.11.25-00.39.35:141][  0]LogDerivedDataCache: Loaded boot cache 0.15s 62MB C:/Users/Zac/AppData/Local/UnrealEngine/4.13/DerivedDataCache/Boot.ddc.
[2016.11.25-00.39.35:141][  0]LogDerivedDataCache:Display: Loaded Boot cache: C:/Users/Zac/AppData/Local/UnrealEngine/4.13/DerivedDataCache/Boot.ddc
[2016.11.25-00.39.35:142][  0]LogDerivedDataCache: FDerivedDataBackendGraph:  Pak pak cache file F:/Current Projects/TheDeepWest/DerivedDataCache/DDC.ddp not found, will not use a pak cache.
[2016.11.25-00.39.35:142][  0]LogDerivedDataCache: Unable to find inner node Pak for hierarchical cache Hierarchy.
[2016.11.25-00.39.35:142][  0]LogDerivedDataCache: FDerivedDataBackendGraph:  CompressedPak pak cache file F:/Current Projects/TheDeepWest/DerivedDataCache/Compressed.ddp not found, will not use a pak cache.
[2016.11.25-00.39.35:142][  0]LogDerivedDataCache: Unable to find inner node CompressedPak for hierarchical cache Hierarchy.
[2016.11.25-00.39.35:173][  0]LogDerivedDataCache:Display: Pak cache opened for reading ../../../Engine/DerivedDataCache/Compressed.ddp.
[2016.11.25-00.39.35:185][  0]LogDerivedDataCache: Using Local data cache path C:/Users/Zac/AppData/Local/UnrealEngine/Common/DerivedDataCache: Writable
[2016.11.25-00.39.35:590][  0]LogInit: Selected Device Profile: [Windows]
[2016.11.25-00.39.35:600][  0]LogMaterial: Uniform references updated for custom material expression Custom.
[2016.11.25-00.39.35:601][  0]LogContentStreaming: Texture pool size is 0.00 MB
[2016.11.25-00.39.35:992][  0]LogMeshUtilities: No automatic mesh reduction module available
[2016.11.25-00.39.35:992][  0]LogMeshUtilities: No automatic mesh merging module available
[2016.11.25-00.39.35:992][  0]LogMeshUtilities: No distributed automatic mesh merging module available
[2016.11.25-00.39.36:688][  0]LogNetVersion: GetLocalNetworkVersion: CL: 3106830, ProjectName: thedeepwest, ProjectVersion: , EngineNetworkVersion: 1, GameNetworkVersion: 0, NetworkChecksum: 3813382272
[2016.11.25-00.39.36:736][  0]LogAssetRegistry: FAssetRegistry took 0.0206 seconds to start up
[2016.11.25-00.39.37:219][  0]LogPackageLocalizationCache: Processed 3 localized package path(s) for 2 prioritized culture(s) in 0.474799 seconds
[2016.11.25-00.39.37:231][  0]LogUObjectArray: 29778 objects as part of root set at end of initial load.
[2016.11.25-00.39.37:231][  0]LogUObjectAllocator: 6125456 out of 0 bytes used by permanent object pool.
[2016.11.25-00.39.37:231][  0]LogUObjectArray: CloseDisregardForGC: 0/0 objects in disregard for GC pool
[2016.11.25-00.39.37:251][  0]LogInit: WinSock: version 1.1 (2.2), MaxSocks=32767, MaxUdp=65467
[2016.11.25-00.39.37:811][  0]LogSlate: SlateFontCache - WITH_FREETYPE: 1, WITH_HARFBUZZ: 1
[2016.11.25-00.39.37:811][  0]LogSlate: SlateFontCache - WITH_FREETYPE: 1, WITH_HARFBUZZ: 1
[2016.11.25-00.39.40:774][  0]LogTcpMessaging: Initializing TcpMessaging bridge
[2016.11.25-00.39.40:845][  0]LogUdpMessaging: Initializing bridge on interface 0.0.0.0:0 to multicast group 230.0.0.1:6666.
[2016.11.25-00.39.43:448][  0]SourceControl: Info Source control is disabled
[2016.11.25-00.39.43:690][  0]SourceControl: Info Source control is disabled
[2016.11.25-00.39.43:728][  0]SourceControl: Info Source control is disabled
[2016.11.25-00.39.43:755][  0]SourceControl: Info Source control is disabled
[2016.11.25-00.39.45:187][  0]LogEngine: Initializing Engine...
[2016.11.25-00.39.45:189][  0]LogHMD: Failed to initialize OpenVR with code 110
[2016.11.25-00.39.45:668][  0]LogAIModule: Creating AISystem for world Untitled
[2016.11.25-00.39.45:751][  0]LogInit: XAudio2 using '1 - LG IPS FULLHD (AMD High Definition Audio Device)' : 2 channels at 48 kHz using 16 bits per sample (channel mask 0x3)
[2016.11.25-00.39.45:876][  0]LogInit: FAudioDevice initialized.
[2016.11.25-00.39.45:981][  0]LogDerivedDataCache: Saved boot cache 0.11s 62MB C:/Users/Zac/AppData/Local/UnrealEngine/4.13/DerivedDataCache/Boot.ddc.
[2016.11.25-00.39.46:028][  0]LogInit: Texture streaming: Enabled
[2016.11.25-00.39.46:255][  0]LogInit: Transaction tracking system initialized
[2016.11.25-00.39.46:481][  0]BlueprintLog: New page: Editor Load
[2016.11.25-00.39.49:154][  0]LocalizationService: Info Localization service is disabled
[2016.11.25-00.39.50:252][  0]LogConsoleResponse:Display: 
[2016.11.25-00.39.50:542][  0]LogCook:Display: Max memory allowance for cook 16384mb min free memory 0mb
[2016.11.25-00.39.50:542][  0]LogCook:Display: Mobile HDR setting 1
[2016.11.25-00.39.52:487][  0]LogFileCache: Scanning file cache for directory 'F:/Current Projects/TheDeepWest/Content/' took 1.64s
[2016.11.25-00.39.52:487][  0]SourceControl: Info Source control is disabled
[2016.11.25-00.39.52:487][  0]Cmd: MAP LOAD FILE="F:/Current Projects/TheDeepWest/Content/Maps/Greybox2.umap" TEMPLATE=0 SHOWPROGRESS=1 FEATURELEVEL=3
[2016.11.25-00.39.53:778][  0]LightingResults: New page: Lighting Build
[2016.11.25-00.39.53:789][  0]MapCheck: New page: Map Check
[2016.11.25-00.39.53:789][  0]LightingResults: New page: Lighting Build
[2016.11.25-00.40.00:706][  0]LogLinker:Warning: Can't find file '/Game/ModularKit/FBX/OldOrange_TEX'
[2016.11.25-00.40.00:709][  0]LogLinker:Warning: Can't find file for asset '/Game/ModularKit/FBX/OldOrange_TEX' while loading F:/Current Projects/TheDeepWest/Content/Bills_Stuff/ModularKit/FBX/Material_001.uasset.
[2016.11.25-00.40.00:709][  0]LoadErrors:Error: Error /Game/Bills_Stuff/ModularKit/FBX/Material_001 : Can't find file for asset. /Game/ModularKit/FBX/OldOrange_TEX
[2016.11.25-00.40.00:711][  0]LogLinker:Warning: Can't find file '/Game/ModularKit/FBX/OldOrange_TEX'
[2016.11.25-00.40.00:713][  0]LogLinker:Warning: Can't find file for asset '/Game/ModularKit/FBX/OldOrange_TEX' while loading F:/Current Projects/TheDeepWest/Content/Bills_Stuff/ModularKit/FBX/Material_001.uasset.
[2016.11.25-00.40.00:714][  0]LoadErrors:Error: Error /Game/Bills_Stuff/ModularKit/FBX/Material_001 : Can't find file for asset. /Game/ModularKit/FBX/OldOrange_TEX
[2016.11.25-00.40.01:654][  0]LogLinker:Warning: Can't find file '/Game/ModularKit/FBX/OldOrange_TEX'
[2016.11.25-00.40.01:654][  0]LoadErrors: Info Failed to load /Game/ModularKit/FBX/OldOrange_TEX.OldOrange_TEX Referenced by MaterialExpressionTextureSample_0
[2016.11.25-00.40.01:657][  0]LogLinker:Warning: Can't find file for asset '/Game/ModularKit/FBX/OldOrange_TEX' while loading NULL.
[2016.11.25-00.40.01:657][  0]LoadErrors: Info Failed to load /Game/ModularKit/FBX/OldOrange_TEX.OldOrange_TEX Referenced by MaterialExpressionTextureSample_0
[2016.11.25-00.40.04:509][  0]LogMaterial: Missing cached shader map for material Material_001, compiling. 
[2016.11.25-00.40.04:510][  0]LogMaterial:Warning: Failed to compile Material /Game/Bills_Stuff/ModularKit/FBX/Material_001.Material_001 for platform PCD3D_SM5, Default Material will be used in game.
[2016.11.25-00.40.04:510][  0]LogMaterial:Warning: 	(Node TextureSample) TextureSample> Missing input texture
[2016.11.25-00.40.04:556][  0]LogAIModule: Creating AISystem for world Greybox2
[2016.11.25-00.40.04:605][  0]LogPhysics:Warning: Initialising Body : Scale3D is (nearly) zero: Component: AICharacter_118.Healthbar 
[2016.11.25-00.40.04:607][  0]LogPhysics:Warning: Initialising Body : Scale3D is (nearly) zero: Component: AICharacter2_311.Healthbar 
[2016.11.25-00.40.04:648][  0]LogPhysics:Warning: Initialising Body : Scale3D is (nearly) zero: Component: AICharacter_118.Healthbar 
[2016.11.25-00.40.04:649][  0]LogPhysics:Warning: Initialising Body : Scale3D is (nearly) zero: Component: AICharacter2_311.Healthbar 
[2016.11.25-00.40.04:650][  0]LogEditorServer: Finished looking for orphan Actors (0.000 secs)
[2016.11.25-00.40.04:655][  0]Cmd: MAP CHECKDEP NOCLEARLOG
[2016.11.25-00.40.06:776][  0]MapCheck: Info Map check complete: 0 Error(s), 0 Warning(s), took 2,121.153ms to complete.
[2016.11.25-00.40.06:777][  0]LogFileHelpers: Loading map 'Greybox2' took 14.289
[2016.11.25-00.40.07:105][  0]LogCollectionManager: Loaded 0 collections in 0.015107 seconds
[2016.11.25-00.40.07:173][  0]LogFileCache: Scanning file cache for directory 'F:/Current Projects/TheDeepWest/Saved/Collections/' took 0.01s
[2016.11.25-00.40.07:173][  0]LogFileCache: Scanning file cache for directory 'F:/Current Projects/TheDeepWest/Content/Developers/Zac/Collections/' took 0.01s
[2016.11.25-00.40.07:173][  0]LogFileCache: Scanning file cache for directory 'F:/Current Projects/TheDeepWest/Content/Collections/' took 0.01s
[2016.11.25-00.40.07:173][  0]LogCollectionManager: Rebuilt the GUID cache for 0 collections in 0.000005 seconds
[2016.11.25-00.40.07:199][  0]LogContentBrowser: Native class hierarchy populated in 0.0253 seconds. Added 2141 classes and 415 folders.
[2016.11.25-00.40.07:208][  0]LogStats: UGameplayTagsManager::ConstructGameplayTagTree: Construct from data asset -  0.000 s
[2016.11.25-00.40.07:208][  0]LogStats: UGameplayTagsManager::ConstructGameplayTagTree: GameplayTagTreeChangedEvent.Broadcast -  0.000 s
[2016.11.25-00.40.07:224][  0]LogContentBrowser: Native class hierarchy updated for 'GameplayTags' in 0.0157 seconds. Added 12 classes and 0 folders.
[2016.11.25-00.40.07:242][  0]LogContentBrowser: Native class hierarchy updated for 'WidgetCarousel' in 0.0029 seconds. Added 0 classes and 0 folders.
[2016.11.25-00.40.07:459][  0]LogContentBrowser: Native class hierarchy updated for 'AddContentDialog' in 0.0078 seconds. Added 0 classes and 0 folders.
[2016.11.25-00.40.07:478][  0]LogContentBrowser: Native class hierarchy updated for 'SceneOutliner' in 0.0040 seconds. Added 1 classes and 2 folders.
[2016.11.25-00.40.07:523][  0]LogCrashTracker: Crashtracker disabled due to settings.
[2016.11.25-00.40.07:533][  0]LogUObjectGlobals:Warning: Failed to find object 'Class None.'
[2016.11.25-00.40.07:572][  0]LogContentBrowser: Native class hierarchy updated for 'HierarchicalLODOutliner' in 0.0028 seconds. Added 1 classes and 2 folders.
[2016.11.25-00.40.07:574][  0]LogLoad: (Engine Initialization) Total time: 42.99 seconds
[2016.11.25-00.40.07:574][  0]LogLoad: (Engine Initialization) Total Blueprint compile time: 3.20 seconds
[2016.11.25-00.40.07:574][  0]LogExternalProfiler: Found external profiler: VSPerf
[2016.11.25-00.40.07:574][  0]LogExternalProfiler: Using external profiler: VSPerf
[2016.11.25-00.40.07:914][  0]LogOcInput: OculusInput pre-init called
[2016.11.25-00.40.08:361][  0]LogContentStreaming: Texture pool size now 1000 MB
[2016.11.25-00.40.09:228][  3]LogRenderer: Reallocating scene render targets to support 128x128 (Frame:1).
[2016.11.25-00.40.10:505][  4]LogAssetRegistry: Asset discovery search completed in 33.7897 seconds
[2016.11.25-00.40.10:506][  4]LogCollectionManager: Rebuilt the object cache for 0 collections in 0.000001 seconds (found 0 objects)
[2016.11.25-00.40.10:506][  4]LogCollectionManager: Fixed up redirectors for 0 collections in 0.000079 seconds (updated 0 objects)
[2016.11.25-00.40.13:785][ 14]LogFileCache: Retrieving MD5 hashes for directory 'F:/Current Projects/TheDeepWest/Content/' took 5.85s
[2016.11.25-00.40.52:397][169]AssetReimport: New page: Outstanding source content changes 9:40:52 pm
[2016.11.25-00.40.52:421][170]LogFactory: FactoryCreateFile: StaticMesh with FbxFactory (0 0 F:/Current Projects/TheDeepWest/Content/Animations/Tex Dawn/Death - Alternate.fbx)
[2016.11.25-00.40.52:477][170]LogFbx: ItemName: GlobalSettings, ItemCount : 1
[2016.11.25-00.40.52:477][170]LogFbx: ItemName: AnimationStack, ItemCount : 1
[2016.11.25-00.40.52:477][170]LogFbx: ItemName: AnimationLayer, ItemCount : 1
[2016.11.25-00.40.52:477][170]LogFbx: ItemName: Geometry, ItemCount : 52
[2016.11.25-00.40.52:477][170]LogFbx: ItemName: Model, ItemCount : 212
[2016.11.25-00.40.52:477][170]LogFbx: ItemName: NodeAttribute, ItemCount : 160
[2016.11.25-00.40.52:477][170]LogFbx: ItemName: AnimationCurveNode, ItemCount : 777
[2016.11.25-00.40.52:477][170]LogFbx: ItemName: AnimationCurve, ItemCount : 1183
[2016.11.25-00.40.52:477][170]LogFbx: ItemName: CollectionExclusive, ItemCount : 2
[2016.11.25-00.40.52:495][170]LogFbx: Loading FBX Scene from F:/Current Projects/TheDeepWest/Content/Animations/Tex Dawn/Death - Alternate.fbx
[2016.11.25-00.40.52:752][170]LogFbx: FBX Scene Loaded Succesfully
[2016.11.25-00.41.11:394][441]LogRenderer: Reallocating scene render targets to support 256x256 (Frame:2).
[2016.11.25-00.41.11:394][441]LogRenderer: Reallocating scene render targets to support 1168x600 (Frame:2).
[2016.11.25-00.41.11:812][466]AssetReimport: Info Importing new asset /Game/Animations/Tex_Dawn/Death_-_Alternate.
[2016.11.25-00.41.11:812][466]AssetReimport: Info Failed to import file F:/Current Projects/TheDeepWest/Content/Animations/Tex Dawn/Death - Alternate.fbx.
[2016.11.25-00.41.28:154][ 30]LogEditorViewport: Clicking on Actor (LMB): StaticMeshActor (texDawn_MDL)
[2016.11.25-00.41.43:535][213]LogEditorViewport: Clicking on Actor (LMB): PlayerStart (Player Start)
[2016.11.25-00.43.24:693][150]LogContentBrowser: Native class hierarchy updated for 'BlueprintGraph' in 0.0043 seconds. Added 112 classes and 0 folders.
[2016.11.25-00.44.10:896][518]LogPlayLevel: PlayLevel: No blueprints needed recompiling
[2016.11.25-00.44.10:897][518]PIE: New page: PIE session: Greybox2 (25 Nov 2016 9:44:10 pm)
[2016.11.25-00.44.10:897][518]LogPlayLevel: Creating play world package: /Game/Maps/UEDPIE_0_Greybox2
[2016.11.25-00.44.10:946][518]LogPlayLevel: PIE: StaticDuplicateObject took: (0.049546s)
[2016.11.25-00.44.10:948][518]LogAIModule: Creating AISystem for world Greybox2
[2016.11.25-00.44.10:950][518]LogPlayLevel: PIE: World Init took: (0.003814s)
[2016.11.25-00.44.10:951][518]LogPlayLevel: PIE: Created PIE world by copying editor world from /Game/Maps/Greybox2.Greybox2 to /Game/Maps/UEDPIE_0_Greybox2.Greybox2 (0.054178s)
[2016.11.25-00.44.11:068][518]LogInit: XAudio2 using '1 - LG IPS FULLHD (AMD High Definition Audio Device)' : 2 channels at 48 kHz using 16 bits per sample (channel mask 0x3)
[2016.11.25-00.44.11:092][518]LogInit: FAudioDevice initialized.
[2016.11.25-00.44.11:228][518]LogWorld: Game class is 'ThirdPersonGameMode_C'
[2016.11.25-00.44.11:457][518]LogPhysics:Warning: Initialising Body : Scale3D is (nearly) zero: Component: AICharacter_118.Healthbar 
[2016.11.25-00.44.11:465][518]LogPhysics:Warning: Initialising Body : Scale3D is (nearly) zero: Component: AICharacter2_311.Healthbar 
[2016.11.25-00.44.11:472][518]LogWorld: Bringing World /Game/Maps/UEDPIE_0_Greybox2.Greybox2 up for play (max tick rate 0) at 2016.11.25-11.44.11
[2016.11.25-00.44.11:490][518]LogWorld: Bringing up level for play took: 0.258704
[2016.11.25-00.44.11:512][518]LogContentBrowser: Native class hierarchy updated for 'MovieSceneCapture' in 0.0035 seconds. Added 11 classes and 0 folders.
[2016.11.25-00.44.11:514][518]LogGameMode:Display: Match State Changed from EnteringMap to WaitingToStart
[2016.11.25-00.44.11:514][518]LogGameState: Match State Changed from EnteringMap to WaitingToStart
[2016.11.25-00.44.11:514][518]LogGameMode:Display: Match State Changed from WaitingToStart to InProgress
[2016.11.25-00.44.11:540][518]LogBlueprintUserMessages: [ThirdPersonCharacter_C_0] Revolver added to inventory.
[2016.11.25-00.44.11:541][518]LogGameState: Match State Changed from WaitingToStart to InProgress
[2016.11.25-00.44.11:554][518]PIE: Info Play in editor start time for /Game/Maps/UEDPIE_0_Greybox2 -0.275
[2016.11.25-00.44.11:558][518]LogBlueprintUserMessages: [H_2] AI State: Initialize
[2016.11.25-00.44.11:613][518]LogRenderer: Reallocating scene render targets to support 1292x756 (Frame:5630).
[2016.11.25-00.44.11:666][519]LogBlueprintUserMessages: [H_2] AI State: Idle
[2016.11.25-00.44.11:709][520]LogBlueprintUserMessages: [H_2] AI State: Idle
[2016.11.25-00.44.11:742][521]LogBlueprintUserMessages: [H_2] AI State: Idle
[2016.11.25-00.44.11:772][522]LogBlueprintUserMessages: [H_2] AI State: Idle
[2016.11.25-00.44.11:806][523]LogBlueprintUserMessages: [H_2] AI State: Idle
[2016.11.25-00.44.11:835][524]LogBlueprintUserMessages: [H_2] AI State: Idle
[2016.11.25-00.44.11:864][525]LogBlueprintUserMessages: [H_2] AI State: Idle
[2016.11.25-00.44.11:896][526]LogBlueprintUserMessages: [H_2] AI State: Idle
[2016.11.25-00.44.11:928][527]LogBlueprintUserMessages: [H_2] AI State: Idle
[2016.11.25-00.44.11:962][528]LogBlueprintUserMessages: [H_2] AI State: Idle
[2016.11.25-00.44.12:012][529]LogBlueprintUserMessages: [H_2] AI State: Idle
[2016.11.25-00.44.12:043][530]LogBlueprintUserMessages: [H_2] AI State: Idle
[2016.11.25-00.44.12:075][531]LogBlueprintUserMessages: [H_2] AI State: Idle
[2016.11.25-00.44.12:111][532]LogBlueprintUserMessages: [H_2] AI State: Idle
[2016.11.25-00.44.12:138][533]LogBlueprintUserMessages: [H_2] AI State: Idle
[2016.11.25-00.44.12:164][534]LogBlueprintUserMessages: [H_2] AI State: Idle
[2016.11.25-00.44.12:190][535]LogBlueprintUserMessages: [H_2] AI State: Idle
[2016.11.25-00.44.12:217][536]LogBlueprintUserMessages: [H_2] AI State: Idle
[2016.11.25-00.44.12:243][537]LogBlueprintUserMessages: [H_2] AI State: Idle
[2016.11.25-00.44.12:268][538]LogBlueprintUserMessages: [H_2] AI State: Idle
[2016.11.25-00.44.12:295][539]LogBlueprintUserMessages: [H_2] AI State: Idle
[2016.11.25-00.44.12:322][540]LogBlueprintUserMessages: [H_2] AI State: Idle
[2016.11.25-00.44.12:354][541]LogBlueprintUserMessages: [H_2] AI State: Idle
[2016.11.25-00.44.12:378][542]LogBlueprintUserMessages: [H_2] AI State: Idle
[2016.11.25-00.44.12:408][543]LogBlueprintUserMessages: [H_2] AI State: Idle
[2016.11.25-00.44.12:434][544]LogBlueprintUserMessages: [H_2] AI State: Idle
[2016.11.25-00.44.12:460][545]LogBlueprintUserMessages: [H_2] AI State: Idle
[2016.11.25-00.44.12:484][546]LogBlueprintUserMessages: [H_2] AI State: Idle
[2016.11.25-00.44.12:510][547]LogBlueprintUserMessages: [H_2] AI State: Idle
[2016.11.25-00.44.12:538][548]LogBlueprintUserMessages: [H_2] AI State: Idle
[2016.11.25-00.44.12:564][549]LogBlueprintUserMessages: [H_2] AI State: Idle
[2016.11.25-00.44.12:592][550]LogBlueprintUserMessages: [H_2] AI State: Idle
[2016.11.25-00.44.12:617][551]LogBlueprintUserMessages: [H_2] AI State: Idle
[2016.11.25-00.44.12:643][552]LogBlueprintUserMessages: [H_2] AI State: Idle
[2016.11.25-00.44.12:669][553]LogBlueprintUserMessages: [H_2] AI State: Idle
[2016.11.25-00.44.12:699][554]LogBlueprintUserMessages: [H_2] AI State: Idle
[2016.11.25-00.44.12:729][555]LogBlueprintUserMessages: [H_2] AI State: Idle
[2016.11.25-00.44.12:757][556]LogBlueprintUserMessages: [H_2] AI State: Idle
[2016.11.25-00.44.12:781][557]LogBlueprintUserMessages: [H_2] AI State: Idle
[2016.11.25-00.44.12:807][558]LogBlueprintUserMessages: [H_2] AI State: Idle
[2016.11.25-00.44.12:831][559]LogBlueprintUserMessages: [H_2] AI State: Idle
[2016.11.25-00.44.12:859][560]LogBlueprintUserMessages: [H_2] AI State: Idle
[2016.11.25-00.44.12:884][561]LogBlueprintUserMessages: [H_2] AI State: Idle
[2016.11.25-00.44.12:910][562]LogBlueprintUserMessages: [H_2] AI State: Idle
[2016.11.25-00.44.12:935][563]LogBlueprintUserMessages: [H_2] AI State: Idle
[2016.11.25-00.44.12:961][564]LogBlueprintUserMessages: [H_2] AI State: Idle
[2016.11.25-00.44.12:988][565]LogBlueprintUserMessages: [H_2] AI State: Idle
[2016.11.25-00.44.13:016][566]LogBlueprintUserMessages: [H_2] AI State: Idle
[2016.11.25-00.44.13:053][567]LogBlueprintUserMessages: [H_2] AI State: Idle
[2016.11.25-00.44.13:083][568]LogBlueprintUserMessages: [H_2] AI State: Idle
[2016.11.25-00.44.13:111][569]LogBlueprintUserMessages: [H_2] AI State: Idle
[2016.11.25-00.44.13:140][570]LogBlueprintUserMessages: [H_2] AI State: Idle
[2016.11.25-00.44.13:166][571]LogBlueprintUserMessages: [H_2] AI State: Idle
[2016.11.25-00.44.13:193][572]LogBlueprintUserMessages: [H_2] AI State: Idle
[2016.11.25-00.44.13:218][573]LogBlueprintUserMessages: [H_2] AI State: Idle
[2016.11.25-00.44.13:245][574]LogBlueprintUserMessages: [H_2] AI State: Idle
[2016.11.25-00.44.13:272][575]LogBlueprintUserMessages: [H_2] AI State: Idle
[2016.11.25-00.44.13:297][576]LogBlueprintUserMessages: [H_2] AI State: Idle
[2016.11.25-00.44.13:330][577]LogBlueprintUserMessages: [H_2] AI State: Idle
[2016.11.25-00.44.13:357][578]LogBlueprintUserMessages: [H_2] AI State: Idle
[2016.11.25-00.44.13:381][579]LogBlueprintUserMessages: [H_2] AI State: Idle
[2016.11.25-00.44.13:409][580]LogBlueprintUserMessages: [H_2] AI State: Idle
[2016.11.25-00.44.13:434][581]LogBlueprintUserMessages: [H_2] AI State: Idle
[2016.11.25-00.44.13:460][582]LogBlueprintUserMessages: [H_2] AI State: Idle
[2016.11.25-00.44.13:485][583]LogBlueprintUserMessages: [H_2] AI State: Idle
[2016.11.25-00.44.13:511][584]LogBlueprintUserMessages: [H_2] AI State: Idle
[2016.11.25-00.44.13:536][585]LogBlueprintUserMessages: [H_2] AI State: Idle
[2016.11.25-00.44.13:560][586]LogBlueprintUserMessages: [H_2] AI State: Idle
[2016.11.25-00.44.13:586][587]LogBlueprintUserMessages: [H_2] AI State: Idle
[2016.11.25-00.44.13:611][588]LogBlueprintUserMessages: [H_2] AI State: Idle
[2016.11.25-00.44.13:635][589]LogBlueprintUserMessages: [H_2] AI State: Idle
[2016.11.25-00.44.13:662][590]LogBlueprintUserMessages: [H_2] AI State: Idle
[2016.11.25-00.44.13:688][591]LogBlueprintUserMessages: [H_2] AI State: Idle
[2016.11.25-00.44.13:713][592]LogBlueprintUserMessages: [H_2] AI State: Idle
[2016.11.25-00.44.13:742][593]LogBlueprintUserMessages: [H_2] AI State: Idle
[2016.11.25-00.44.13:765][594]LogBlueprintUserMessages: [H_2] AI State: Idle
[2016.11.25-00.44.13:792][595]LogBlueprintUserMessages: [H_2] AI State: Idle
[2016.11.25-00.44.13:817][596]LogBlueprintUserMessages: [H_2] AI State: Idle
[2016.11.25-00.44.13:844][597]LogBlueprintUserMessages: [H_2] AI State: Idle
[2016.11.25-00.44.13:869][598]LogBlueprintUserMessages: [H_2] AI State: Idle
[2016.11.25-00.44.13:895][599]LogBlueprintUserMessages: [H_2] AI State: Idle
[2016.11.25-00.44.13:922][600]LogBlueprintUserMessages: [H_2] AI State: Idle
[2016.11.25-00.44.13:953][601]LogBlueprintUserMessages: [H_2] AI State: Idle
[2016.11.25-00.44.13:980][602]LogBlueprintUserMessages: [H_2] AI State: Idle
[2016.11.25-00.44.14:006][603]LogBlueprintUserMessages: [H_2] AI State: Idle
[2016.11.25-00.44.14:032][604]LogBlueprintUserMessages: [H_2] AI State: Idle
[2016.11.25-00.44.14:058][605]LogBlueprintUserMessages: [H_2] AI State: Idle
[2016.11.25-00.44.14:083][606]LogBlueprintUserMessages: [H_2] AI State: Idle
[2016.11.25-00.44.14:108][607]LogBlueprintUserMessages: [H_2] AI State: Idle
[2016.11.25-00.44.14:133][608]LogBlueprintUserMessages: [H_2] AI State: Idle
[2016.11.25-00.44.14:159][609]LogBlueprintUserMessages: [H_2] AI State: Idle
[2016.11.25-00.44.14:185][610]LogBlueprintUserMessages: [H_2] AI State: Idle
[2016.11.25-00.44.14:211][611]LogBlueprintUserMessages: [H_2] AI State: Idle
[2016.11.25-00.44.14:235][612]LogBlueprintUserMessages: [H_2] AI State: Idle
[2016.11.25-00.44.14:260][613]LogBlueprintUserMessages: [H_2] AI State: Idle
[2016.11.25-00.44.14:283][614]LogBlueprintUserMessages: [H_2] AI State: Idle
[2016.11.25-00.44.14:309][615]LogBlueprintUserMessages: [H_2] AI State: Idle
[2016.11.25-00.44.14:338][616]LogBlueprintUserMessages: [H_2] AI State: Idle
[2016.11.25-00.44.14:371][617]LogBlueprintUserMessages: [H_2] AI State: Idle
[2016.11.25-00.44.14:396][618]LogBlueprintUserMessages: [H_2] AI State: Idle
[2016.11.25-00.44.14:421][619]LogBlueprintUserMessages: [H_2] AI State: Idle
[2016.11.25-00.44.14:445][620]LogBlueprintUserMessages: [H_2] AI State: Idle
[2016.11.25-00.44.14:469][621]LogBlueprintUserMessages: [H_2] AI State: Idle
[2016.11.25-00.44.14:496][622]LogBlueprintUserMessages: [H_2] AI State: Idle
[2016.11.25-00.44.14:521][623]LogBlueprintUserMessages: [H_2] AI State: Idle
[2016.11.25-00.44.14:544][624]LogBlueprintUserMessages: [H_2] AI State: Idle
[2016.11.25-00.44.14:571][625]LogBlueprintUserMessages: [H_2] AI State: Idle
[2016.11.25-00.44.14:599][626]LogBlueprintUserMessages: [H_2] AI State: Idle
[2016.11.25-00.44.14:625][627]LogBlueprintUserMessages: [H_2] AI State: Idle
[2016.11.25-00.44.14:625][627]LogBlueprintUserMessages: [H_2] Enemy found
[2016.11.25-00.44.14:651][628]LogBlueprintUserMessages: [H_2] AI State: Attack
[2016.11.25-00.44.14:686][629]LogBlueprintUserMessages: [H_2] AI State: Attack
[2016.11.25-00.44.14:713][630]LogBlueprintUserMessages: [H_2] AI State: Attack
[2016.11.25-00.44.14:739][631]LogBlueprintUserMessages: [H_2] AI State: Attack
[2016.11.25-00.44.14:765][632]LogBlueprintUserMessages: [H_2] AI State: Attack
[2016.11.25-00.44.14:791][633]LogBlueprintUserMessages: [H_2] AI State: Attack
[2016.11.25-00.44.14:816][634]LogBlueprintUserMessages: [H_2] AI State: Attack
[2016.11.25-00.44.14:844][635]LogBlueprintUserMessages: [H_2] AI State: Attack
[2016.11.25-00.44.14:871][636]LogBlueprintUserMessages: [H_2] AI State: Attack
[2016.11.25-00.44.14:896][637]LogBlueprintUserMessages: [H_2] AI State: Attack
[2016.11.25-00.44.14:922][638]LogBlueprintUserMessages: [H_2] AI State: Attack
[2016.11.25-00.44.14:947][639]LogBlueprintUserMessages: [H_2] AI State: Attack
[2016.11.25-00.44.14:972][640]LogBlueprintUserMessages: [H_2] AI State: Attack
[2016.11.25-00.44.14:997][641]LogBlueprintUserMessages: [H_2] AI State: Attack
[2016.11.25-00.44.15:022][642]LogBlueprintUserMessages: [H_2] AI State: Attack
[2016.11.25-00.44.15:047][643]LogBlueprintUserMessages: [H_2] AI State: Attack
[2016.11.25-00.44.15:073][644]LogBlueprintUserMessages: [H_2] AI State: Attack
[2016.11.25-00.44.15:100][645]LogBlueprintUserMessages: [H_2] AI State: Attack
[2016.11.25-00.44.15:127][646]LogBlueprintUserMessages: [H_2] AI State: Attack
[2016.11.25-00.44.15:152][647]LogBlueprintUserMessages: [H_2] AI State: Attack
[2016.11.25-00.44.15:177][648]LogBlueprintUserMessages: [H_2] AI State: Attack
[2016.11.25-00.44.15:203][649]LogBlueprintUserMessages: [H_2] AI State: Attack
[2016.11.25-00.44.15:228][650]LogBlueprintUserMessages: [H_2] AI State: Attack
[2016.11.25-00.44.15:253][651]LogBlueprintUserMessages: [H_2] AI State: Attack
[2016.11.25-00.44.15:278][652]LogBlueprintUserMessages: [H_2] AI State: Attack
[2016.11.25-00.44.15:304][653]LogBlueprintUserMessages: [H_2] AI State: Attack
[2016.11.25-00.44.15:334][654]LogBlueprintUserMessages: [H_2] AI State: Attack
[2016.11.25-00.44.15:368][655]LogBlueprintUserMessages: [H_2] AI State: Attack
[2016.11.25-00.44.15:413][656]LogBlueprintUserMessages: [H_2] AI State: Attack
[2016.11.25-00.44.15:442][657]LogBlueprintUserMessages: [H_2] AI State: Attack
[2016.11.25-00.44.15:469][658]LogBlueprintUserMessages: [H_2] AI State: Attack
[2016.11.25-00.44.15:493][659]LogBlueprintUserMessages: [H_2] AI State: Attack
[2016.11.25-00.44.15:519][660]LogBlueprintUserMessages: [H_2] AI State: Attack
[2016.11.25-00.44.15:543][661]LogBlueprintUserMessages: [H_2] AI State: Attack
[2016.11.25-00.44.15:567][662]LogBlueprintUserMessages: [H_2] AI State: Attack
[2016.11.25-00.44.15:592][663]LogBlueprintUserMessages: [H_2] AI State: Attack
[2016.11.25-00.44.15:617][664]LogBlueprintUserMessages: [H_2] AI State: Attack
[2016.11.25-00.44.15:642][665]LogBlueprintUserMessages: [H_2] AI State: Attack
[2016.11.25-00.44.15:666][666]LogBlueprintUserMessages: [H_2] AI State: Attack
[2016.11.25-00.44.15:692][667]LogBlueprintUserMessages: [H_2] AI State: Attack
[2016.11.25-00.44.15:718][668]LogBlueprintUserMessages: [H_2] AI State: Attack
[2016.11.25-00.44.15:744][669]LogBlueprintUserMessages: [H_2] AI State: Attack
[2016.11.25-00.44.15:770][670]LogBlueprintUserMessages: [H_2] AI State: Attack
[2016.11.25-00.44.15:795][671]LogBlueprintUserMessages: [H_2] AI State: Attack
[2016.11.25-00.44.15:820][672]LogBlueprintUserMessages: [H_2] AI State: Attack
[2016.11.25-00.44.15:844][673]LogBlueprintUserMessages: [H_2] AI State: Attack
[2016.11.25-00.44.15:871][674]LogBlueprintUserMessages: [H_2] AI State: Attack
[2016.11.25-00.44.15:895][675]LogBlueprintUserMessages: [H_2] AI State: Attack
[2016.11.25-00.44.15:920][676]LogBlueprintUserMessages: [H_2] AI State: Attack
[2016.11.25-00.44.15:944][677]LogBlueprintUserMessages: [H_2] AI State: Attack
[2016.11.25-00.44.15:969][678]LogBlueprintUserMessages: [H_2] AI State: Attack
[2016.11.25-00.44.15:993][679]LogBlueprintUserMessages: [H_2] AI State: Attack
[2016.11.25-00.44.16:024][680]LogBlueprintUserMessages: [H_2] AI State: Attack
[2016.11.25-00.44.16:049][681]LogBlueprintUserMessages: [H_2] AI State: Attack
[2016.11.25-00.44.16:075][682]LogBlueprintUserMessages: [H_2] AI State: Attack
[2016.11.25-00.44.16:100][683]LogBlueprintUserMessages: [H_2] AI State: Attack
[2016.11.25-00.44.16:126][684]LogBlueprintUserMessages: [H_2] AI State: Attack
[2016.11.25-00.44.16:151][685]LogBlueprintUserMessages: [H_2] AI State: Attack
[2016.11.25-00.44.16:177][686]LogBlueprintUserMessages: [H_2] AI State: Attack
[2016.11.25-00.44.16:203][687]LogBlueprintUserMessages: [H_2] AI State: Attack
[2016.11.25-00.44.16:227][688]LogBlueprintUserMessages: [H_2] AI State: Attack
[2016.11.25-00.44.16:252][689]LogBlueprintUserMessages: [H_2] AI State: Attack
[2016.11.25-00.44.16:277][690]LogBlueprintUserMessages: [H_2] AI State: Attack
[2016.11.25-00.44.16:301][691]LogBlueprintUserMessages: [H_2] AI State: Attack
[2016.11.25-00.44.16:331][692]LogBlueprintUserMessages: [H_2] AI State: Attack
[2016.11.25-00.44.16:366][693]LogBlueprintUserMessages: [H_2] AI State: Attack
[2016.11.25-00.44.16:393][694]LogBlueprintUserMessages: [H_2] AI State: Attack
[2016.11.25-00.44.16:419][695]LogBlueprintUserMessages: [H_2] AI State: Attack
[2016.11.25-00.44.16:444][696]LogBlueprintUserMessages: [H_2] AI State: Attack
[2016.11.25-00.44.16:469][697]LogBlueprintUserMessages: [H_2] AI State: Attack
[2016.11.25-00.44.16:494][698]LogBlueprintUserMessages: [H_2] AI State: Attack
[2016.11.25-00.44.16:519][699]LogBlueprintUserMessages: [H_2] AI State: Attack
[2016.11.25-00.44.16:544][700]LogBlueprintUserMessages: [H_2] AI State: Attack
[2016.11.25-00.44.16:570][701]LogBlueprintUserMessages: [H_2] AI State: Attack
[2016.11.25-00.44.16:594][702]LogBlueprintUserMessages: [H_2] AI State: Attack
[2016.11.25-00.44.16:621][703]LogBlueprintUserMessages: [H_2] AI State: Attack
[2016.11.25-00.44.16:646][704]LogBlueprintUserMessages: [H_2] AI State: Attack
[2016.11.25-00.44.16:670][705]LogBlueprintUserMessages: [H_2] AI State: Attack
[2016.11.25-00.44.16:695][706]LogBlueprintUserMessages: [H_2] AI State: Attack
[2016.11.25-00.44.16:719][707]LogBlueprintUserMessages: [H_2] AI State: Attack
[2016.11.25-00.44.16:744][708]LogBlueprintUserMessages: [H_2] AI State: Attack
[2016.11.25-00.44.16:769][709]LogBlueprintUserMessages: [H_2] AI State: Attack
[2016.11.25-00.44.16:794][710]LogBlueprintUserMessages: [H_2] AI State: Attack
[2016.11.25-00.44.16:819][711]LogBlueprintUserMessages: [H_2] AI State: Attack
[2016.11.25-00.44.16:843][712]LogBlueprintUserMessages: [H_2] AI State: Attack
[2016.11.25-00.44.16:868][713]LogBlueprintUserMessages: [H_2] AI State: Attack
[2016.11.25-00.44.16:893][714]LogBlueprintUserMessages: [H_2] AI State: Attack
[2016.11.25-00.44.16:919][715]LogBlueprintUserMessages: [H_2] AI State: Attack
[2016.11.25-00.44.16:944][716]LogBlueprintUserMessages: [H_2] AI State: Attack
[2016.11.25-00.44.16:970][717]LogBlueprintUserMessages: [H_2] AI State: Attack
[2016.11.25-00.44.16:995][718]LogBlueprintUserMessages: [H_2] AI State: Attack
[2016.11.25-00.44.17:020][719]LogBlueprintUserMessages: [H_2] AI State: Attack
[2016.11.25-00.44.17:049][720]LogBlueprintUserMessages: [H_2] AI State: Attack
[2016.11.25-00.44.17:076][721]LogBlueprintUserMessages: [H_2] AI State: Attack
[2016.11.25-00.44.17:101][722]LogBlueprintUserMessages: [H_2] AI State: Attack
[2016.11.25-00.44.17:125][723]LogBlueprintUserMessages: [H_2] AI State: Attack
[2016.11.25-00.44.17:149][724]LogBlueprintUserMessages: [H_2] AI State: Attack
[2016.11.25-00.44.17:175][725]LogBlueprintUserMessages: [H_2] AI State: Attack
[2016.11.25-00.44.17:199][726]LogBlueprintUserMessages: [H_2] AI State: Attack
[2016.11.25-00.44.17:225][727]LogBlueprintUserMessages: [H_2] AI State: Attack
[2016.11.25-00.44.17:249][728]LogBlueprintUserMessages: [H_2] AI State: Attack
[2016.11.25-00.44.17:274][729]LogBlueprintUserMessages: [H_2] AI State: Attack
[2016.11.25-00.44.17:299][730]LogBlueprintUserMessages: [H_2] AI State: Attack
[2016.11.25-00.44.17:326][731]LogBlueprintUserMessages: [H_2] AI State: Attack
[2016.11.25-00.44.17:356][732]LogBlueprintUserMessages: [H_2] AI State: Attack
[2016.11.25-00.44.17:391][733]LogBlueprintUserMessages: [H_2] AI State: Attack
[2016.11.25-00.44.17:416][734]LogBlueprintUserMessages: [H_2] AI State: Attack
[2016.11.25-00.44.17:442][735]LogBlueprintUserMessages: [H_2] AI State: Attack
[2016.11.25-00.44.17:467][736]LogBlueprintUserMessages: [H_2] AI State: Attack
[2016.11.25-00.44.17:493][737]LogBlueprintUserMessages: [H_2] AI State: Attack
[2016.11.25-00.44.17:517][738]LogBlueprintUserMessages: [H_2] AI State: Attack
[2016.11.25-00.44.17:542][739]LogBlueprintUserMessages: [H_2] AI State: Attack
[2016.11.25-00.44.17:567][740]LogBlueprintUserMessages: [H_2] AI State: Attack
[2016.11.25-00.44.17:592][741]LogBlueprintUserMessages: [H_2] AI State: Attack
[2016.11.25-00.44.17:618][742]LogBlueprintUserMessages: [H_2] AI State: Attack
[2016.11.25-00.44.17:642][743]LogBlueprintUserMessages: [H_2] AI State: Attack
[2016.11.25-00.44.17:668][744]LogBlueprintUserMessages: [H_2] AI State: Attack
[2016.11.25-00.44.17:693][745]LogBlueprintUserMessages: [H_2] AI State: Attack
[2016.11.25-00.44.17:693][745]LogBlueprintUserMessages: [H_2] Reloading
[2016.11.25-00.44.17:719][746]LogBlueprintUserMessages: [H_2] AI State: Attack
[2016.11.25-00.44.17:753][747]LogBlueprintUserMessages: [H_2] AI State: Attack
[2016.11.25-00.44.17:777][748]LogBlueprintUserMessages: [H_2] AI State: Attack
[2016.11.25-00.44.17:802][749]LogBlueprintUserMessages: [H_2] AI State: Attack
[2016.11.25-00.44.17:827][750]LogBlueprintUserMessages: [H_2] AI State: Attack
[2016.11.25-00.44.17:852][751]LogBlueprintUserMessages: [H_2] AI State: Attack
[2016.11.25-00.44.17:879][752]LogBlueprintUserMessages: [H_2] AI State: Attack
[2016.11.25-00.44.17:904][753]LogBlueprintUserMessages: [H_2] AI State: Attack
[2016.11.25-00.44.17:928][754]LogBlueprintUserMessages: [H_2] AI State: Attack
[2016.11.25-00.44.17:953][755]LogBlueprintUserMessages: [H_2] AI State: Attack
[2016.11.25-00.44.17:978][756]LogBlueprintUserMessages: [H_2] AI State: Attack
[2016.11.25-00.44.18:004][757]LogBlueprintUserMessages: [H_2] AI State: Attack
[2016.11.25-00.44.18:032][758]LogBlueprintUserMessages: [H_2] AI State: Attack
[2016.11.25-00.44.18:058][759]LogBlueprintUserMessages: [H_2] AI State: Attack
[2016.11.25-00.44.18:081][760]LogBlueprintUserMessages: [H_2] AI State: Attack
[2016.11.25-00.44.18:107][761]LogBlueprintUserMessages: [H_2] AI State: Attack
[2016.11.25-00.44.18:130][762]LogBlueprintUserMessages: [H_2] AI State: Attack
[2016.11.25-00.44.18:156][763]LogBlueprintUserMessages: [H_2] AI State: Attack
[2016.11.25-00.44.18:180][764]LogBlueprintUserMessages: [H_2] AI State: Attack
[2016.11.25-00.44.18:205][765]LogBlueprintUserMessages: [H_2] AI State: Attack
[2016.11.25-00.44.18:229][766]LogBlueprintUserMessages: [H_2] AI State: Attack
[2016.11.25-00.44.18:255][767]LogBlueprintUserMessages: [H_2] AI State: Attack
[2016.11.25-00.44.18:280][768]LogBlueprintUserMessages: [H_2] AI State: Attack
[2016.11.25-00.44.18:308][769]LogBlueprintUserMessages: [H_2] AI State: Attack
[2016.11.25-00.44.18:334][770]LogBlueprintUserMessages: [H_2] AI State: Attack
[2016.11.25-00.44.18:360][771]LogBlueprintUserMessages: [H_2] AI State: Attack
[2016.11.25-00.44.18:386][772]LogBlueprintUserMessages: [H_2] AI State: Attack
[2016.11.25-00.44.18:410][773]LogBlueprintUserMessages: [H_2] AI State: Attack
[2016.11.25-00.44.18:436][774]LogBlueprintUserMessages: [H_2] AI State: Attack
[2016.11.25-00.44.18:460][775]LogBlueprintUserMessages: [H_2] AI State: Attack
[2016.11.25-00.44.18:486][776]LogBlueprintUserMessages: [H_2] AI State: Attack
[2016.11.25-00.44.18:511][777]LogBlueprintUserMessages: [H_2] AI State: Attack
[2016.11.25-00.44.18:536][778]LogBlueprintUserMessages: [H_2] AI State: Attack
[2016.11.25-00.44.18:562][779]LogBlueprintUserMessages: [H_2] AI State: Attack
[2016.11.25-00.44.18:587][780]LogBlueprintUserMessages: [H_2] AI State: Attack
[2016.11.25-00.44.18:613][781]LogBlueprintUserMessages: [H_2] AI State: Attack
[2016.11.25-00.44.18:641][782]LogBlueprintUserMessages: [H_2] AI State: Attack
[2016.11.25-00.44.18:665][783]LogBlueprintUserMessages: [H_2] AI State: Attack
[2016.11.25-00.44.18:690][784]LogBlueprintUserMessages: [H_2] AI State: Attack
[2016.11.25-00.44.18:714][785]LogBlueprintUserMessages: [H_2] AI State: Attack
[2016.11.25-00.44.18:738][786]LogBlueprintUserMessages: [H_2] AI State: Attack
[2016.11.25-00.44.18:762][787]LogBlueprintUserMessages: [H_2] AI State: Attack
[2016.11.25-00.44.18:790][788]LogBlueprintUserMessages: [H_2] AI State: Attack
[2016.11.25-00.44.18:815][789]LogBlueprintUserMessages: [H_2] AI State: Attack
[2016.11.25-00.44.18:841][790]LogBlueprintUserMessages: [H_2] AI State: Attack
[2016.11.25-00.44.18:867][791]LogBlueprintUserMessages: [H_2] AI State: Attack
[2016.11.25-00.44.18:892][792]LogBlueprintUserMessages: [H_2] AI State: Attack
[2016.11.25-00.44.18:915][793]LogBlueprintUserMessages: [H_2] AI State: Attack
[2016.11.25-00.44.18:941][794]LogBlueprintUserMessages: [H_2] AI State: Attack
[2016.11.25-00.44.18:965][795]LogBlueprintUserMessages: [H_2] AI State: Attack
[2016.11.25-00.44.18:991][796]LogBlueprintUserMessages: [H_2] AI State: Attack
[2016.11.25-00.44.19:014][797]LogBlueprintUserMessages: [H_2] AI State: Attack
[2016.11.25-00.44.19:039][798]LogBlueprintUserMessages: [H_2] AI State: Attack
[2016.11.25-00.44.19:065][799]LogBlueprintUserMessages: [H_2] AI State: Attack
[2016.11.25-00.44.19:092][800]LogBlueprintUserMessages: [H_2] AI State: Attack
[2016.11.25-00.44.19:116][801]LogBlueprintUserMessages: [H_2] AI State: Attack
[2016.11.25-00.44.19:143][802]LogBlueprintUserMessages: [H_2] AI State: Attack
[2016.11.25-00.44.19:167][803]LogBlueprintUserMessages: [H_2] AI State: Attack
[2016.11.25-00.44.19:192][804]LogBlueprintUserMessages: [H_2] AI State: Attack
[2016.11.25-00.44.19:216][805]LogBlueprintUserMessages: [H_2] AI State: Attack
[2016.11.25-00.44.19:241][806]LogBlueprintUserMessages: [H_2] AI State: Attack
[2016.11.25-00.44.19:265][807]LogBlueprintUserMessages: [H_2] AI State: Attack
[2016.11.25-00.44.19:291][808]LogBlueprintUserMessages: [H_2] AI State: Attack
[2016.11.25-00.44.19:317][809]LogBlueprintUserMessages: [H_2] AI State: Attack
[2016.11.25-00.44.19:345][810]LogBlueprintUserMessages: [H_2] AI State: Attack
[2016.11.25-00.44.19:371][811]LogBlueprintUserMessages: [H_2] AI State: Attack
[2016.11.25-00.44.19:395][812]LogBlueprintUserMessages: [H_2] AI State: Attack
[2016.11.25-00.44.19:420][813]LogBlueprintUserMessages: [H_2] AI State: Attack
[2016.11.25-00.44.19:444][814]LogBlueprintUserMessages: [H_2] AI State: Attack
[2016.11.25-00.44.19:468][815]LogBlueprintUserMessages: [H_2] AI State: Attack
[2016.11.25-00.44.19:493][816]LogBlueprintUserMessages: [H_2] AI State: Attack
[2016.11.25-00.44.19:519][817]LogBlueprintUserMessages: [H_2] AI State: Attack
[2016.11.25-00.44.19:543][818]LogBlueprintUserMessages: [H_2] AI State: Attack
[2016.11.25-00.44.19:568][819]LogBlueprintUserMessages: [H_2] AI State: Attack
[2016.11.25-00.44.19:594][820]LogBlueprintUserMessages: [H_2] AI State: Attack
[2016.11.25-00.44.19:621][821]LogBlueprintUserMessages: [H_2] AI State: Attack
[2016.11.25-00.44.19:647][822]LogBlueprintUserMessages: [H_2] AI State: Attack
[2016.11.25-00.44.19:674][823]LogBlueprintUserMessages: [H_2] AI State: Attack
[2016.11.25-00.44.19:698][824]LogBlueprintUserMessages: [H_2] AI State: Attack
[2016.11.25-00.44.19:698][824]LogBlueprintUserMessages: [H_2] Finished reloading
[2016.11.25-00.44.19:724][825]LogBlueprintUserMessages: [H_2] AI State: Attack
[2016.11.25-00.44.19:751][826]LogBlueprintUserMessages: [H_2] AI State: Attack
[2016.11.25-00.44.19:777][827]LogBlueprintUserMessages: [H_2] AI State: Attack
[2016.11.25-00.44.19:803][828]LogBlueprintUserMessages: [H_2] AI State: Attack
[2016.11.25-00.44.19:829][829]LogBlueprintUserMessages: [H_2] AI State: Attack
[2016.11.25-00.44.19:855][830]LogBlueprintUserMessages: [H_2] AI State: Attack
[2016.11.25-00.44.19:881][831]LogBlueprintUserMessages: [H_2] AI State: Attack
[2016.11.25-00.44.19:909][832]LogBlueprintUserMessages: [H_2] AI State: Attack
[2016.11.25-00.44.19:935][833]LogBlueprintUserMessages: [H_2] AI State: Attack
[2016.11.25-00.44.20:284][834]LogBlueprintUserMessages: [H_2] AI State: Attack
[2016.11.25-00.44.20:395][835]LogBlueprintUserMessages: [H_2] AI State: Attack
[2016.11.25-00.44.20:433][836]LogBlueprintUserMessages: [H_2] AI State: Attack
[2016.11.25-00.44.20:471][837]LogBlueprintUserMessages: [H_2] AI State: Attack
[2016.11.25-00.44.20:510][838]LogBlueprintUserMessages: [H_2] AI State: Attack
[2016.11.25-00.44.20:542][839]LogBlueprintUserMessages: [H_2] AI State: Attack
[2016.11.25-00.44.20:571][840]LogBlueprintUserMessages: [H_2] AI State: Attack
[2016.11.25-00.44.20:599][841]LogBlueprintUserMessages: [H_2] AI State: Attack
[2016.11.25-00.44.20:627][842]LogBlueprintUserMessages: [H_2] AI State: Attack
[2016.11.25-00.44.20:663][843]LogBlueprintUserMessages: [H_2] AI State: Attack
[2016.11.25-00.44.20:693][844]LogBlueprintUserMessages: [H_2] AI State: Attack
[2016.11.25-00.44.20:722][845]LogBlueprintUserMessages: [H_2] AI State: Attack
[2016.11.25-00.44.20:750][846]LogBlueprintUserMessages: [H_2] AI State: Attack
[2016.11.25-00.44.20:780][847]LogBlueprintUserMessages: [H_2] AI State: Attack
[2016.11.25-00.44.20:815][848]LogBlueprintUserMessages: [H_2] AI State: Attack
[2016.11.25-00.44.20:846][849]LogBlueprintUserMessages: [H_2] AI State: Attack
[2016.11.25-00.44.20:875][850]LogBlueprintUserMessages: [H_2] AI State: Attack
[2016.11.25-00.44.20:900][851]LogBlueprintUserMessages: [H_2] AI State: Attack
[2016.11.25-00.44.20:928][852]LogBlueprintUserMessages: [H_2] AI State: Attack
[2016.11.25-00.44.20:957][853]LogBlueprintUserMessages: [H_2] AI State: Attack
[2016.11.25-00.44.20:983][854]LogBlueprintUserMessages: [H_2] AI State: Attack
[2016.11.25-00.44.21:008][855]LogBlueprintUserMessages: [H_2] AI State: Attack
[2016.11.25-00.44.21:038][856]LogBlueprintUserMessages: [H_2] AI State: Attack
[2016.11.25-00.44.21:066][857]LogBlueprintUserMessages: [H_2] AI State: Attack
[2016.11.25-00.44.21:097][858]LogBlueprintUserMessages: [H_2] AI State: Attack
[2016.11.25-00.44.21:125][859]LogBlueprintUserMessages: [H_2] AI State: Attack
[2016.11.25-00.44.21:152][860]LogBlueprintUserMessages: [H_2] AI State: Attack
[2016.11.25-00.44.21:183][861]LogBlueprintUserMessages: [H_2] AI State: Attack
[2016.11.25-00.44.21:212][862]LogBlueprintUserMessages: [H_2] AI State: Attack
[2016.11.25-00.44.21:351][868]LogBlueprintUserMessages: [H_2] AI State: Attack
[2016.11.25-00.44.21:378][869]LogBlueprintUserMessages: [H_2] AI State: Attack
[2016.11.25-00.44.21:406][870]LogBlueprintUserMessages: [H_2] AI State: Attack
[2016.11.25-00.44.21:433][871]LogBlueprintUserMessages: [H_2] AI State: Attack
[2016.11.25-00.44.21:462][872]LogBlueprintUserMessages: [H_2] AI State: Attack
[2016.11.25-00.44.21:492][873]LogBlueprintUserMessages: [H_2] AI State: Attack
[2016.11.25-00.44.21:519][874]LogBlueprintUserMessages: [H_2] AI State: Attack
[2016.11.25-00.44.21:548][875]LogBlueprintUserMessages: [H_2] AI State: Attack
[2016.11.25-00.44.21:579][876]LogBlueprintUserMessages: [H_2] AI State: Attack
[2016.11.25-00.44.21:609][877]LogBlueprintUserMessages: [H_2] AI State: Attack
[2016.11.25-00.44.21:638][878]LogBlueprintUserMessages: [H_2] AI State: Attack
[2016.11.25-00.44.21:663][879]LogBlueprintUserMessages: [H_2] AI State: Attack
[2016.11.25-00.44.21:694][880]LogBlueprintUserMessages: [H_2] AI State: Attack
[2016.11.25-00.44.21:724][881]LogBlueprintUserMessages: [H_2] AI State: Attack
[2016.11.25-00.44.21:753][882]LogBlueprintUserMessages: [H_2] AI State: Attack
[2016.11.25-00.44.21:780][883]LogBlueprintUserMessages: [H_2] AI State: Attack
[2016.11.25-00.44.21:811][884]LogBlueprintUserMessages: [H_2] AI State: Attack
[2016.11.25-00.44.21:841][885]LogBlueprintUserMessages: [H_2] AI State: Attack
[2016.11.25-00.44.21:870][886]LogBlueprintUserMessages: [H_2] AI State: Attack
[2016.11.25-00.44.21:901][887]LogBlueprintUserMessages: [H_2] AI State: Attack
[2016.11.25-00.44.21:931][888]LogBlueprintUserMessages: [H_2] AI State: Attack
[2016.11.25-00.44.21:961][889]LogBlueprintUserMessages: [H_2] AI State: Attack
[2016.11.25-00.44.21:990][890]LogBlueprintUserMessages: [H_2] AI State: Attack
[2016.11.25-00.44.22:018][891]LogBlueprintUserMessages: [H_2] AI State: Attack
[2016.11.25-00.44.22:047][892]LogBlueprintUserMessages: [H_2] AI State: Attack
[2016.11.25-00.44.22:077][893]LogBlueprintUserMessages: [H_2] AI State: Attack
[2016.11.25-00.44.22:103][894]LogBlueprintUserMessages: [H_2] AI State: Attack
[2016.11.25-00.44.22:130][895]LogBlueprintUserMessages: [H_2] AI State: Attack
[2016.11.25-00.44.22:157][896]LogBlueprintUserMessages: [H_2] AI State: Attack
[2016.11.25-00.44.22:184][897]LogBlueprintUserMessages: [H_2] AI State: Attack
[2016.11.25-00.44.22:215][898]LogBlueprintUserMessages: [H_2] AI State: Attack
[2016.11.25-00.44.22:308][902]LogBlu