Log file open, 11/25/16 13:12:20
LogInit:Display: Running engine for game: TheDeepWest
LogPlatformFile: Not using cached read wrapper
LogInit:Display: RandInit(-1289581717) SRandInit(-1289581716).
LogTaskGraph: Started task graph with 5 named threads and 6 total threads with 1 sets of task threads.
LogStats: Stats thread started at 0.078029
LogPluginManager: Loaded Plugin Paper2D, From C:/Program Files (x86)/Epic Games/4.13/Engine/Plugins/2D/Paper2D/Paper2D.uplugin
LogPluginManager: Loaded Plugin LightPropagationVolume, From C:/Program Files (x86)/Epic Games/4.13/Engine/Plugins/Blendables/LightPropagationVolume/LightPropagationVolume.uplugin
LogPluginManager: Loaded Plugin BlankPlugin, From C:/Program Files (x86)/Epic Games/4.13/Engine/Plugins/Developer/BlankPlugin/BlankPlugin.uplugin
LogPluginManager: Loaded Plugin CodeLiteSourceCodeAccess, From C:/Program Files (x86)/Epic Games/4.13/Engine/Plugins/Developer/CodeLiteSourceCodeAccess/CodeLiteSourceCodeAccess.uplugin
LogPluginManager: Loaded Plugin GitSourceControl, From C:/Program Files (x86)/Epic Games/4.13/Engine/Plugins/Developer/GitSourceControl/GitSourceControl.uplugin
LogPluginManager: Loaded Plugin KDevelopSourceCodeAccess, From C:/Program Files (x86)/Epic Games/4.13/Engine/Plugins/Developer/KDevelopSourceCodeAccess/KDevelopSourceCodeAccess.uplugin
LogPluginManager: Loaded Plugin NullSourceCodeAccess, From C:/Program Files (x86)/Epic Games/4.13/Engine/Plugins/Developer/NullSourceCodeAccess/NullSourceCodeAccess.uplugin
LogPluginManager: Loaded Plugin OneSkyLocalizationService, From C:/Program Files (x86)/Epic Games/4.13/Engine/Plugins/Developer/OneSkyLocalizationService/OneSkyLocalizationService.uplugin
LogPluginManager: Loaded Plugin PerforceSourceControl, From C:/Program Files (x86)/Epic Games/4.13/Engine/Plugins/Developer/PerforceSourceControl/PerforceSourceControl.uplugin
LogPluginManager: Loaded Plugin SubversionSourceControl, From C:/Program Files (x86)/Epic Games/4.13/Engine/Plugins/Developer/SubversionSourceControl/SubversionSourceControl.uplugin
LogPluginManager: Loaded Plugin UObjectPlugin, From C:/Program Files (x86)/Epic Games/4.13/Engine/Plugins/Developer/UObjectPlugin/UObjectPlugin.uplugin
LogPluginManager: Loaded Plugin VisualStudioSourceCodeAccess, From C:/Program Files (x86)/Epic Games/4.13/Engine/Plugins/Developer/VisualStudioSourceCodeAccess/VisualStudioSourceCodeAccess.uplugin
LogPluginManager: Loaded Plugin XCodeSourceCodeAccess, From C:/Program Files (x86)/Epic Games/4.13/Engine/Plugins/Developer/XCodeSourceCodeAccess/XCodeSourceCodeAccess.uplugin
LogPluginManager: Loaded Plugin EpicSurvey, From C:/Program Files (x86)/Epic Games/4.13/Engine/Plugins/Editor/EpicSurvey/EpicSurvey.uplugin
LogPluginManager: Loaded Plugin MacGraphicsSwitching, From C:/Program Files (x86)/Epic Games/4.13/Engine/Plugins/Editor/MacGraphicsSwitching/MacGraphicsSwitching.uplugin
LogPluginManager: Loaded Plugin MobileLauncherProfileWizard, From C:/Program Files (x86)/Epic Games/4.13/Engine/Plugins/Editor/MobileLauncherProfileWizard/MobileLauncherProfileWizard.uplugin
LogPluginManager: Loaded Plugin PluginBrowser, From C:/Program Files (x86)/Epic Games/4.13/Engine/Plugins/Editor/PluginBrowser/PluginBrowser.uplugin
LogPluginManager: Loaded Plugin SpeedTreeImporter, From C:/Program Files (x86)/Epic Games/4.13/Engine/Plugins/Editor/SpeedTreeImporter/SpeedTreeImporter.uplugin
LogPluginManager: Loaded Plugin SuperSearchEditor, From C:/Program Files (x86)/Epic Games/4.13/Engine/Plugins/Editor/SuperSearchEditor/SuperSearchEditor.uplugin
LogPluginManager: Loaded Plugin AlembicImporter, From C:/Program Files (x86)/Epic Games/4.13/Engine/Plugins/Experimental/AlembicImporter/AlembicImporter.uplugin
LogPluginManager: Loaded Plugin BlueprintStats, From C:/Program Files (x86)/Epic Games/4.13/Engine/Plugins/Experimental/BlueprintStats/BlueprintStats.uplugin
LogPluginManager: Loaded Plugin CharacterAI, From C:/Program Files (x86)/Epic Games/4.13/Engine/Plugins/Experimental/CharacterAI/CharacterAI.uplugin
LogPluginManager: Loaded Plugin CodeEditor, From C:/Program Files (x86)/Epic Games/4.13/Engine/Plugins/Experimental/CodeEditor/CodeEditor.uplugin
LogPluginManager: Loaded Plugin CodeView, From C:/Program Files (x86)/Epic Games/4.13/Engine/Plugins/Experimental/CodeView/CodeView.uplugin
LogPluginManager: Loaded Plugin HTML5Networking, From C:/Program Files (x86)/Epic Games/4.13/Engine/Plugins/Experimental/HTML5Networking/HTML5Networking.uplugin
LogPluginManager: Loaded Plugin LiveEditor, From C:/Program Files (x86)/Epic Games/4.13/Engine/Plugins/Experimental/LiveEditor/LiveEditor.uplugin
LogPluginManager: Loaded Plugin OSVR, From C:/Program Files (x86)/Epic Games/4.13/Engine/Plugins/Experimental/OSVR/OSVR.uplugin
LogPluginManager: Loaded Plugin Phya, From C:/Program Files (x86)/Epic Games/4.13/Engine/Plugins/Experimental/Phya/Phya.uplugin
LogPluginManager: Loaded Plugin SignificanceManager, From C:/Program Files (x86)/Epic Games/4.13/Engine/Plugins/Experimental/SignificanceManager/SignificanceManager.uplugin
LogPluginManager: Loaded Plugin SimpleHMD, From C:/Program Files (x86)/Epic Games/4.13/Engine/Plugins/Experimental/SimpleHMD/SimpleHMD.uplugin
LogPluginManager: Loaded Plugin StereoPanorama, From C:/Program Files (x86)/Epic Games/4.13/Engine/Plugins/Experimental/StereoPanorama/StereoPanorama.uplugin
LogPluginManager: Loaded Plugin StructBox, From C:/Program Files (x86)/Epic Games/4.13/Engine/Plugins/Experimental/StructBox/StructBox.uplugin
LogPluginManager: Loaded Plugin AndroidMedia, From C:/Program Files (x86)/Epic Games/4.13/Engine/Plugins/Media/AndroidMedia/AndroidMedia.uplugin
LogPluginManager: Loaded Plugin AvfMedia, From C:/Program Files (x86)/Epic Games/4.13/Engine/Plugins/Media/AvfMedia/AvfMedia.uplugin
LogPluginManager: Loaded Plugin MediaPlayerEditor, From C:/Program Files (x86)/Epic Games/4.13/Engine/Plugins/Media/MediaPlayerEditor/MediaPlayerEditor.uplugin
LogPluginManager: Loaded Plugin WmfMedia, From C:/Program Files (x86)/Epic Games/4.13/Engine/Plugins/Media/WmfMedia/WmfMedia.uplugin
LogPluginManager: Loaded Plugin MessagingDebugger, From C:/Program Files (x86)/Epic Games/4.13/Engine/Plugins/Messaging/MessagingDebugger/MessagingDebugger.uplugin
LogPluginManager: Loaded Plugin TcpMessaging, From C:/Program Files (x86)/Epic Games/4.13/Engine/Plugins/Messaging/TcpMessaging/TcpMessaging.uplugin
LogPluginManager: Loaded Plugin UdpMessaging, From C:/Program Files (x86)/Epic Games/4.13/Engine/Plugins/Messaging/UdpMessaging/UdpMessaging.uplugin
LogPluginManager: Loaded Plugin LevelSequenceEditor, From C:/Program Files (x86)/Epic Games/4.13/Engine/Plugins/MovieScene/LevelSequenceEditor/LevelSequenceEditor.uplugin
LogPluginManager: Loaded Plugin MatineeToLevelSequence, From C:/Program Files (x86)/Epic Games/4.13/Engine/Plugins/MovieScene/MatineeToLevelSequence/MatineeToLevelSequence.uplugin
LogPluginManager: Loaded Plugin NetcodeUnitTest, From C:/Program Files (x86)/Epic Games/4.13/Engine/Plugins/NetcodeUnitTest/NetcodeUnitTest/NetcodeUnitTest.uplugin
LogPluginManager: Loaded Plugin NUTUnrealEngine4, From C:/Program Files (x86)/Epic Games/4.13/Engine/Plugins/NetcodeUnitTest/NUTUnrealEngine4/NUTUnrealEngine4.uplugin
LogPluginManager: Loaded Plugin OnlineSubsystemGooglePlay, From C:/Program Files (x86)/Epic Games/4.13/Engine/Plugins/Online/Android/OnlineSubsystemGooglePlay/OnlineSubsystemGooglePlay.uplugin
LogPluginManager: Loaded Plugin OnlineSubsystemIOS, From C:/Program Files (x86)/Epic Games/4.13/Engine/Plugins/Online/IOS/OnlineSubsystemIOS/OnlineSubsystemIOS.uplugin
LogPluginManager: Loaded Plugin OnlineFramework, From C:/Program Files (x86)/Epic Games/4.13/Engine/Plugins/Online/OnlineFramework/OnlineFramework.uplugin
LogPluginManager: Loaded Plugin OnlineSubsystem, From C:/Program Files (x86)/Epic Games/4.13/Engine/Plugins/Online/OnlineSubsystem/OnlineSubsystem.uplugin
LogPluginManager: Loaded Plugin OnlineSubsystemAmazon, From C:/Program Files (x86)/Epic Games/4.13/Engine/Plugins/Online/OnlineSubsystemAmazon/OnlineSubsystemAmazon.uplugin
LogPluginManager: Loaded Plugin OnlineSubsystemFacebook, From C:/Program Files (x86)/Epic Games/4.13/Engine/Plugins/Online/OnlineSubsystemFacebook/OnlineSubsystemFacebook.uplugin
LogPluginManager: Loaded Plugin OnlineSubsystemNull, From C:/Program Files (x86)/Epic Games/4.13/Engine/Plugins/Online/OnlineSubsystemNull/OnlineSubsystemNull.uplugin
LogPluginManager: Loaded Plugin OnlineSubsystemOculus, From C:/Program Files (x86)/Epic Games/4.13/Engine/Plugins/Online/OnlineSubsystemOculus/OnlineSubsystemOculus.uplugin
LogPluginManager: Loaded Plugin OnlineSubsystemSteam, From C:/Program Files (x86)/Epic Games/4.13/Engine/Plugins/Online/OnlineSubsystemSteam/OnlineSubsystemSteam.uplugin
LogPluginManager: Loaded Plugin OnlineSubsystemUtils, From C:/Program Files (x86)/Epic Games/4.13/Engine/Plugins/Online/OnlineSubsystemUtils/OnlineSubsystemUtils.uplugin
LogPluginManager: Loaded Plugin IOSTapJoy, From C:/Program Files (x86)/Epic Games/4.13/Engine/Plugins/Runtime/Advertising/IOSTapJoy/IOSTapJoy.uplugin
LogPluginManager: Loaded Plugin AnalyticsBlueprintLibrary, From C:/Program Files (x86)/Epic Games/4.13/Engine/Plugins/Runtime/Analytics/AnalyticsBlueprintLibrary/AnalyticsBlueprintLibrary.uplugin
LogPluginManager: Loaded Plugin AnalyticsMulticast, From C:/Program Files (x86)/Epic Games/4.13/Engine/Plugins/Runtime/Analytics/AnalyticsMulticast/AnalyticsMulticast.uplugin
LogPluginManager: Loaded Plugin Apsalar, From C:/Program Files (x86)/Epic Games/4.13/Engine/Plugins/Runtime/Analytics/Apsalar/Apsalar.uplugin
LogPluginManager: Loaded Plugin FileLogging, From C:/Program Files (x86)/Epic Games/4.13/Engine/Plugins/Runtime/Analytics/FileLogging/FileLogging.uplugin
LogPluginManager: Loaded Plugin Flurry, From C:/Program Files (x86)/Epic Games/4.13/Engine/Plugins/Runtime/Analytics/Flurry/Flurry.uplugin
LogPluginManager: Loaded Plugin AndroidDeviceProfileSelector, From C:/Program Files (x86)/Epic Games/4.13/Engine/Plugins/Runtime/AndroidDeviceProfileSelector/AndroidDeviceProfileSelector.uplugin
LogPluginManager: Loaded Plugin AndroidMoviePlayer, From C:/Program Files (x86)/Epic Games/4.13/Engine/Plugins/Runtime/AndroidMoviePlayer/AndroidMoviePlayer.uplugin
LogPluginManager: Loaded Plugin AppleMoviePlayer, From C:/Program Files (x86)/Epic Games/4.13/Engine/Plugins/Runtime/AppleMoviePlayer/AppleMoviePlayer.uplugin
LogPluginManager: Loaded Plugin ArchVisCharacter, From C:/Program Files (x86)/Epic Games/4.13/Engine/Plugins/Runtime/ArchVisCharacter/ArchVisCharacter.uplugin
LogPluginManager: Loaded Plugin CableComponent, From C:/Program Files (x86)/Epic Games/4.13/Engine/Plugins/Runtime/CableComponent/CableComponent.uplugin
LogPluginManager: Loaded Plugin CustomMeshComponent, From C:/Program Files (x86)/Epic Games/4.13/Engine/Plugins/Runtime/CustomMeshComponent/CustomMeshComponent.uplugin
LogPluginManager: Loaded Plugin ExampleDeviceProfileSelector, From C:/Program Files (x86)/Epic Games/4.13/Engine/Plugins/Runtime/ExampleDeviceProfileSelector/ExampleDeviceProfileSelector.uplugin
LogPluginManager: Loaded Plugin GearVR, From C:/Program Files (x86)/Epic Games/4.13/Engine/Plugins/Runtime/GearVR/GearVR.uplugin
LogPluginManager: Loaded Plugin GoogleVRController, From C:/Program Files (x86)/Epic Games/4.13/Engine/Plugins/Runtime/GoogleVR/GoogleVRController/GoogleVRController.uplugin
LogPluginManager: Loaded Plugin GoogleVRHMD, From C:/Program Files (x86)/Epic Games/4.13/Engine/Plugins/Runtime/GoogleVR/GoogleVRHMD/GoogleVRHMD.uplugin
LogPluginManager: Loaded Plugin IOSDeviceProfileSelector, From C:/Program Files (x86)/Epic Games/4.13/Engine/Plugins/Runtime/IOSDeviceProfileSelector/IOSDeviceProfileSelector.uplugin
LogPluginManager: Loaded Plugin LeapMotion, From C:/Program Files (x86)/Epic Games/4.13/Engine/Plugins/Runtime/LeapMotion/LeapMotion.uplugin
LogPluginManager: Loaded Plugin LinuxDeviceProfileSelector, From C:/Program Files (x86)/Epic Games/4.13/Engine/Plugins/Runtime/LinuxDeviceProfileSelector/LinuxDeviceProfileSelector.uplugin
LogPluginManager: Loaded Plugin LiveEditorListenServer, From C:/Program Files (x86)/Epic Games/4.13/Engine/Plugins/Runtime/LiveEditorListenServer/LiveEditorListenServer.uplugin
LogPluginManager: Loaded Plugin OculusAudio, From C:/Program Files (x86)/Epic Games/4.13/Engine/Plugins/Runtime/OculusAudio/OculusAudio.uplugin
LogPluginManager: Loaded Plugin OculusInput, From C:/Program Files (x86)/Epic Games/4.13/Engine/Plugins/Runtime/OculusInput/OculusInput.uplugin
LogPluginManager: Loaded Plugin OculusLibrary, From C:/Program Files (x86)/Epic Games/4.13/Engine/Plugins/Runtime/OculusLibrary/OculusLibrary.uplugin
LogPluginManager: Loaded Plugin OculusRift, From C:/Program Files (x86)/Epic Games/4.13/Engine/Plugins/Runtime/OculusRift/OculusRift.uplugin
LogPluginManager: Loaded Plugin Oodle, From C:/Program Files (x86)/Epic Games/4.13/Engine/Plugins/Runtime/PacketHandlers/CompressionComponents/Oodle/Oodle.uplugin
LogPluginManager: Loaded Plugin ProceduralMeshComponent, From C:/Program Files (x86)/Epic Games/4.13/Engine/Plugins/Runtime/ProceduralMeshComponent/ProceduralMeshComponent.uplugin
LogPluginManager: Loaded Plugin SoundMod, From C:/Program Files (x86)/Epic Games/4.13/Engine/Plugins/Runtime/SoundMod/SoundMod.uplugin
LogPluginManager: Loaded Plugin SoundVisualizations, From C:/Program Files (x86)/Epic Games/4.13/Engine/Plugins/Runtime/SoundVisualizations/SoundVisualizations.uplugin
LogPluginManager: Loaded Plugin SteamController, From C:/Program Files (x86)/Epic Games/4.13/Engine/Plugins/Runtime/Steam/SteamController/SteamController.uplugin
LogPluginManager: Loaded Plugin SteamVR, From C:/Program Files (x86)/Epic Games/4.13/Engine/Plugins/Runtime/Steam/SteamVR/SteamVR.uplugin
LogPluginManager: Loaded Plugin WebBrowserWidget, From C:/Program Files (x86)/Epic Games/4.13/Engine/Plugins/Runtime/WebBrowserWidget/WebBrowserWidget.uplugin
LogPluginManager: Loaded Plugin WindowsDeviceProfileSelector, From C:/Program Files (x86)/Epic Games/4.13/Engine/Plugins/Runtime/WindowsDeviceProfileSelector/WindowsDeviceProfileSelector.uplugin
LogPluginManager: Loaded Plugin WindowsMoviePlayer, From C:/Program Files (x86)/Epic Games/4.13/Engine/Plugins/Runtime/WindowsMoviePlayer/WindowsMoviePlayer.uplugin
LogPluginManager: Loaded Plugin ScriptPlugin, From C:/Program Files (x86)/Epic Games/4.13/Engine/Plugins/ScriptPlugin/ScriptPlugin.uplugin
LogPluginManager: Loaded Plugin SlateRemote, From C:/Program Files (x86)/Epic Games/4.13/Engine/Plugins/Slate/SlateRemote/SlateRemote.uplugin
LogInit: Using libcurl 7.47.1
LogInit:  - built for x86_64-pc-win32
LogInit:  - supports SSL with WinSSL
LogInit:  - other features:
LogInit:      CURL_VERSION_SSL
LogInit:      CURL_VERSION_IPV6
LogInit:      CURL_VERSION_ASYNCHDNS
LogInit:      CURL_VERSION_LARGEFILE
LogInit:      CURL_VERSION_IDN
LogInit:  CurlRequestOptions (configurable via config and command line):
LogInit:  - bVerifyPeer = false  - Libcurl will NOT verify peer certificate
LogInit:  - bUseHttpProxy = false  - Libcurl will NOT use HTTP proxy
LogInit:  - bDontReuseConnections = false  - Libcurl will reuse connections
LogInit:  - CertBundlePath = nullptr  - Libcurl will use whatever was configured at build time.
LogInit: Build: ++UE4+Release-4.13-CL-3172292
LogInit: Engine Version: 4.13.2-3172292+++UE4+Release-4.13
LogInit: Compatible Engine Version: 4.13.0-3106830+++UE4+Release-4.13
LogInit: Net CL: 3172292
LogDevObjectVersion: Number of dev versions registered: 13
LogDevObjectVersion:   Dev-Blueprints (B0D832E4-1F89-4F0D-ACCF-7EB736FD4AA2): 5
LogDevObjectVersion:   Dev-Build (E1C64328-A22C-4D53-A36C-8E866417BD8C): 0
LogDevObjectVersion:   Dev-Core (375EC13C-06E4-48FB-B500-84F0262A717E): 1
LogDevObjectVersion:   Dev-Editor (E4B068ED-F494-42E9-A231-DA0B2E46BB41): 6
LogDevObjectVersion:   Dev-Framework (CFFC743F-43B0-4480-9391-14DF171D2073): 12
LogDevObjectVersion:   Dev-Mobile (B02B49B5-BB20-44E9-A304-32B752E40360): 0
LogDevObjectVersion:   Dev-Networking (A4E4105C-59A1-49B5-A7C5-40C4547EDFEE): 0
LogDevObjectVersion:   Dev-Online (39C831C9-5AE6-47DC-9A44-9C173E1C8E7C): 0
LogDevObjectVersion:   Dev-Physics (78F01B33-EBEA-4F98-B9B4-84EACCB95AA2): 0
LogDevObjectVersion:   Dev-Platform (6631380F-2D4D-43E0-8009-CF276956A95A): 0
LogDevObjectVersion:   Dev-Rendering (12F88B9F-8875-4AFC-A67C-D90C383ABD29): 4
LogDevObjectVersion:   Dev-Sequencer (7B5AE74C-D270-4C10-A958-57980B212A5A): 0
LogDevObjectVersion:   Dev-VR (D7296918-1DD6-4BDD-9DE2-64A83CC13884): 0
LogInit: Compiled (64-bit): Oct 24 2016 14:29:06
LogInit: Compiled with Visual C++: 19.00.23026.00
LogInit: Build Configuration: Development
LogInit: Branch Name: ++UE4+Release-4.13
LogInit: Command line:  
LogInit: Base directory: C:/Program Files (x86)/Epic Games/4.13/Engine/Binaries/Win64/
LogInit: Installed Engine Build: 1
LogInit: Presizing for max 8388607 objects, including 0 objects not considered by GC, pre-allocating 0 bytes for permanent pool.
LogInit: Object subsystem initialized
[2016.11.25-02.12.20:873][  0]LogInit: Selected Device Profile: [Windows]
[2016.11.25-02.12.20:873][  0]LogInit: Applying CVar settings loaded from the selected device profile: [Windows]
[2016.11.25-02.12.20:885][  0]LogInit: Computer: CRUCIBLEPC
[2016.11.25-02.12.20:885][  0]LogInit: User: Zac
[2016.11.25-02.12.20:885][  0]LogInit: CPU Page size=65536, Cores=2
[2016.11.25-02.12.20:885][  0]LogInit: High frequency timer resolution =3.506894 MHz
[2016.11.25-02.12.20:885][  0]LogMemory: Memory total: Physical=7.9GB (8GB approx)
[2016.11.25-02.12.20:885][  0]LogMemory: Platform Memory Stats for Windows
[2016.11.25-02.12.20:885][  0]LogMemory: Process Physical Memory: 255.85 MB used, 255.85 MB peak
[2016.11.25-02.12.20:885][  0]LogMemory: Process Virtual Memory: 260.47 MB used, 260.47 MB peak
[2016.11.25-02.12.20:885][  0]LogMemory: Physical Memory: 5427.89 MB used, 8135.47 MB total
[2016.11.25-02.12.20:885][  0]LogMemory: Virtual Memory: 589.64 MB used, 8388608.00 MB total
[2016.11.25-02.12.20:936][  0]LogTextLocalizationManager: No specific translations for ('en-AU') exist, so ('en') translations will be used.
[2016.11.25-02.12.22:048][  0]LogD3D11RHI: D3D11 adapters:
[2016.11.25-02.12.22:068][  0]LogD3D11RHI:    0. 'AMD Radeon (TM) R9 390 Series' (Feature Level 11_0)
[2016.11.25-02.12.22:068][  0]LogD3D11RHI:       8168/0/3811 MB DedicatedVideo/DedicatedSystem/SharedSystem, Outputs:1, VendorId:0x1002
[2016.11.25-02.12.22:068][  0]LogD3D11RHI: Chosen D3D11 Adapter: 0
[2016.11.25-02.12.22:080][  0]LogD3D11RHI: Creating new Direct3DDevice
[2016.11.25-02.12.22:080][  0]LogD3D11RHI:     GPU DeviceId: 0x67b0 (for the marketing name, search the web for "GPU Device Id")
[2016.11.25-02.12.22:080][  0]LogWindows: EnumDisplayDevices:
[2016.11.25-02.12.22:080][  0]LogWindows:    0. 'AMD Radeon (TM) R9 390 Series' (P:1 D:1)
[2016.11.25-02.12.22:081][  0]LogWindows:    1. 'AMD Radeon (TM) R9 390 Series' (P:0 D:0)
[2016.11.25-02.12.22:081][  0]LogWindows:    2. 'AMD Radeon (TM) R9 390 Series' (P:0 D:0)
[2016.11.25-02.12.22:081][  0]LogWindows:    3. 'AMD Radeon (TM) R9 390 Series' (P:0 D:0)
[2016.11.25-02.12.22:082][  0]LogWindows:    4. 'AMD Radeon (TM) R9 390 Series' (P:0 D:0)
[2016.11.25-02.12.22:082][  0]LogWindows:    5. 'AMD Radeon (TM) R9 390 Series' (P:0 D:0)
[2016.11.25-02.12.22:083][  0]LogWindows:    6. 'RDPDD Chained DD' (P:0 D:0)
[2016.11.25-02.12.22:083][  0]LogWindows:    7. 'RDP Encoder Mirror Driver' (P:0 D:0)
[2016.11.25-02.12.22:083][  0]LogWindows:    8. 'RDP Reflector Display Driver' (P:0 D:0)
[2016.11.25-02.12.22:083][  0]LogWindows: DebugString: GetVideoDriverDetailsInvalid PrimaryIsNotTheChoosenAdapter GetVideoDriverDetailsInvalid PrimaryIsNotTheChoosenAdapter GetVideoDriverDetailsInvalid PrimaryIsNotTheChoosenAdapter FoundDriverCount:6 
[2016.11.25-02.12.22:083][  0]LogD3D11RHI:     Adapter Name: AMD Radeon (TM) R9 390 Series
[2016.11.25-02.12.22:084][  0]LogD3D11RHI:   Driver Version: Crimson 16.10.1 (internal:21.19.151.3, unified:21.19.151.3)
[2016.11.25-02.12.22:084][  0]LogD3D11RHI:      Driver Date: 10-4-2016
[2016.11.25-02.12.22:084][  0]LogRHI: Texture pool is 1361 MB (70% of 1945 MB)
[2016.11.25-02.12.22:093][  0]LogD3D11RHI: Async texture creation enabled
[2016.11.25-02.12.22:106][  0]LogD3D11RHI: GPU Timing Frequency: 27.000000 (Debug: 2 1)
[2016.11.25-02.12.22:106][  0]LogShaderCompilers: Guid format shader working directory is -6 characters bigger than the processId version (../../../../../../Users/Zac/Desktop/The-Deep-West/Intermediate/Shaders/WorkingDirectory/22700/).
[2016.11.25-02.12.22:106][  0]LogShaderCompilers: Cleaned the shader compiler working directory 'C:/Users/Zac/AppData/Local/Temp/UnrealShaderWorkingDir/F8699C9449DBC0890F7A45ADD0C58AE6/'.
[2016.11.25-02.12.22:106][  0]LogShaderCompilers:Display: Using Local Shader Compiler.
[2016.11.25-02.12.25:028][  0]LogTemp:Display: Loaded TP AllDesktopTargetPlatform
[2016.11.25-02.12.25:044][  0]LogTemp:Display: Loaded TP WindowsClientTargetPlatform
[2016.11.25-02.12.25:060][  0]LogTemp:Display: Loaded TP WindowsNoEditorTargetPlatform
[2016.11.25-02.12.25:082][  0]LogTemp:Display: Loaded TP WindowsServerTargetPlatform
[2016.11.25-02.12.25:097][  0]LogTemp:Display: Loaded TP WindowsTargetPlatform
[2016.11.25-02.12.25:115][  0]LogTemp:Display: Loaded TP AndroidTargetPlatform
[2016.11.25-02.12.25:131][  0]LogTemp:Display: Loaded TP Android_ASTCTargetPlatform
[2016.11.25-02.12.25:144][  0]LogTemp:Display: Loaded TP Android_ATCTargetPlatform
[2016.11.25-02.12.25:156][  0]LogTemp:Display: Loaded TP Android_DXTTargetPlatform
[2016.11.25-02.12.25:176][  0]LogTemp:Display: Loaded TP Android_ETC1TargetPlatform
[2016.11.25-02.12.25:191][  0]LogTemp:Display: Loaded TP Android_ETC2TargetPlatform
[2016.11.25-02.12.25:220][  0]LogTemp:Display: Loaded TP Android_MultiTargetPlatform
[2016.11.25-02.12.25:220][  0]LogTemp:Display: Loaded TP Android_PVRTCTargetPlatform
[2016.11.25-02.12.25:224][  0]LogTemp:Display: Loaded TP HTML5TargetPlatform
[2016.11.25-02.12.25:265][  0]LogTemp:Display: Loaded TP IOSTargetPlatform
[2016.11.25-02.12.25:277][  0]LogTemp:Display: Loaded TP TVOSTargetPlatform
[2016.11.25-02.12.25:289][  0]LogTemp:Display: Loaded TP LinuxClientTargetPlatform
[2016.11.25-02.12.25:302][  0]LogTemp:Display: Loaded TP LinuxNoEditorTargetPlatform
[2016.11.25-02.12.25:317][  0]LogTemp:Display: Loaded TP LinuxServerTargetPlatform
[2016.11.25-02.12.25:337][  0]LogTemp:Display: Loaded TP LinuxTargetPlatform
[2016.11.25-02.12.25:337][  0]LogTargetPlatformManager:Display: Building Assets For Windows
[2016.11.25-02.12.25:606][  0]LogDerivedDataCache:Display: Max Cache Size: 512 MB
[2016.11.25-02.12.25:815][  0]LogDerivedDataCache: Loaded boot cache 0.21s 62MB C:/Users/Zac/AppData/Local/UnrealEngine/4.13/DerivedDataCache/Boot.ddc.
[2016.11.25-02.12.25:816][  0]LogDerivedDataCache:Display: Loaded Boot cache: C:/Users/Zac/AppData/Local/UnrealEngine/4.13/DerivedDataCache/Boot.ddc
[2016.11.25-02.12.25:816][  0]LogDerivedDataCache: FDerivedDataBackendGraph:  Pak pak cache file ../../../../../../Users/Zac/Desktop/The-Deep-West/DerivedDataCache/DDC.ddp not found, will not use a pak cache.
[2016.11.25-02.12.25:816][  0]LogDerivedDataCache: Unable to find inner node Pak for hierarchical cache Hierarchy.
[2016.11.25-02.12.25:816][  0]LogDerivedDataCache: FDerivedDataBackendGraph:  CompressedPak pak cache file ../../../../../../Users/Zac/Desktop/The-Deep-West/DerivedDataCache/Compressed.ddp not found, will not use a pak cache.
[2016.11.25-02.12.25:816][  0]LogDerivedDataCache: Unable to find inner node CompressedPak for hierarchical cache Hierarchy.
[2016.11.25-02.12.25:844][  0]LogDerivedDataCache:Display: Pak cache opened for reading ../../../Engine/DerivedDataCache/Compressed.ddp.
[2016.11.25-02.12.25:857][  0]LogDerivedDataCache: Using Local data cache path C:/Users/Zac/AppData/Local/UnrealEngine/Common/DerivedDataCache: Writable
[2016.11.25-02.12.26:374][  0]LogInit: Selected Device Profile: [Windows]
[2016.11.25-02.12.26:380][  0]LogMaterial: Uniform references updated for custom material expression Custom.
[2016.11.25-02.12.26:381][  0]LogContentStreaming: Texture pool size is 0.00 MB
[2016.11.25-02.12.26:579][  0]LogMeshUtilities: No automatic mesh reduction module available
[2016.11.25-02.12.26:579][  0]LogMeshUtilities: No automatic mesh merging module available
[2016.11.25-02.12.26:579][  0]LogMeshUtilities: No distributed automatic mesh merging module available
[2016.11.25-02.12.27:246][  0]LogNetVersion: GetLocalNetworkVersion: CL: 3106830, ProjectName: thedeepwest, ProjectVersion: , EngineNetworkVersion: 1, GameNetworkVersion: 0, NetworkChecksum: 3813382272
[2016.11.25-02.12.27:289][  0]LogAssetRegistry: FAssetRegistry took 0.0203 seconds to start up
[2016.11.25-02.12.27:333][  0]LogPackageLocalizationCache: Processed 3 localized package path(s) for 2 prioritized culture(s) in 0.038289 seconds
[2016.11.25-02.12.27:344][  0]LogUObjectArray: 29778 objects as part of root set at end of initial load.
[2016.11.25-02.12.27:344][  0]LogUObjectAllocator: 6125456 out of 0 bytes used by permanent object pool.
[2016.11.25-02.12.27:344][  0]LogUObjectArray: CloseDisregardForGC: 0/0 objects in disregard for GC pool
[2016.11.25-02.12.27:358][  0]LogInit: WinSock: version 1.1 (2.2), MaxSocks=32767, MaxUdp=65467
[2016.11.25-02.12.27:739][  0]LogSlate: SlateFontCache - WITH_FREETYPE: 1, WITH_HARFBUZZ: 1
[2016.11.25-02.12.27:739][  0]LogSlate: SlateFontCache - WITH_FREETYPE: 1, WITH_HARFBUZZ: 1
[2016.11.25-02.12.30:448][  0]LogTcpMessaging: Initializing TcpMessaging bridge
[2016.11.25-02.12.30:481][  0]LogUdpMessaging: Initializing bridge on interface 0.0.0.0:0 to multicast group 230.0.0.1:6666.
[2016.11.25-02.12.31:030][  0]SourceControl: Info Source control is disabled
[2016.11.25-02.12.31:290][  0]SourceControl: Info Source control is disabled
[2016.11.25-02.12.31:307][  0]SourceControl: Info Source control is disabled
[2016.11.25-02.12.31:330][  0]SourceControl: Info Source control is disabled
[2016.11.25-02.12.31:963][  0]LogEngine: Initializing Engine...
[2016.11.25-02.12.31:964][  0]LogHMD: Failed to initialize OpenVR with code 110
[2016.11.25-02.12.32:235][  0]LogAIModule: Creating AISystem for world Untitled
[2016.11.25-02.12.32:299][  0]LogInit: XAudio2 using '1 - LG IPS FULLHD (AMD High Definition Audio Device)' : 2 channels at 48 kHz using 16 bits per sample (channel mask 0x3)
[2016.11.25-02.12.32:443][  0]LogInit: FAudioDevice initialized.
[2016.11.25-02.12.32:520][  0]LogDerivedDataCache: Saved boot cache 0.08s 62MB C:/Users/Zac/AppData/Local/UnrealEngine/4.13/DerivedDataCache/Boot.ddc.
[2016.11.25-02.12.32:546][  0]LogInit: Texture streaming: Enabled
[2016.11.25-02.12.32:630][  0]LogInit: Transaction tracking system initialized
[2016.11.25-02.12.32:683][  0]BlueprintLog: New page: Editor Load
[2016.11.25-02.12.32:907][  0]LocalizationService: Info Localization service is disabled
[2016.11.25-02.12.33:165][  0]LogConsoleResponse:Display: 
[2016.11.25-02.12.33:532][  0]LogCook:Display: Max memory allowance for cook 16384mb min free memory 0mb
[2016.11.25-02.12.33:532][  0]LogCook:Display: Mobile HDR setting 1
[2016.11.25-02.12.33:731][  0]LogFileCache: Scanning file cache for directory 'C:/Users/Zac/Desktop/The-Deep-West/Content/' took 0.03s
[2016.11.25-02.12.34:472][  0]SourceControl: Info Source control is disabled
[2016.11.25-02.12.34:472][  0]Cmd: MAP LOAD FILE="../../../../../../Users/Zac/Desktop/The-Deep-West/Content/Maps/Greybox2.umap" TEMPLATE=0 SHOWPROGRESS=1 FEATURELEVEL=3
[2016.11.25-02.12.34:480][  0]LightingResults: New page: Lighting Build
[2016.11.25-02.12.34:526][  0]MapCheck: New page: Map Check
[2016.11.25-02.12.34:526][  0]LightingResults: New page: Lighting Build
[2016.11.25-02.12.40:671][  0]LogLinker:Warning: Can't find file '/Game/ModularKit/FBX/OldOrange_TEX'
[2016.11.25-02.12.40:671][  0]LogLinker:Warning: Can't find file for asset '/Game/ModularKit/FBX/OldOrange_TEX' while loading ../../../../../../Users/Zac/Desktop/The-Deep-West/Content/Bills_Stuff/ModularKit/FBX/Material_001.uasset.
[2016.11.25-02.12.40:671][  0]LoadErrors:Error: Error /Game/Bills_Stuff/ModularKit/FBX/Material_001 : Can't find file for asset. /Game/ModularKit/FBX/OldOrange_TEX
[2016.11.25-02.12.40:671][  0]LogLinker:Warning: Can't find file '/Game/ModularKit/FBX/OldOrange_TEX'
[2016.11.25-02.12.40:671][  0]LogLinker:Warning: Can't find file for asset '/Game/ModularKit/FBX/OldOrange_TEX' while loading ../../../../../../Users/Zac/Desktop/The-Deep-West/Content/Bills_Stuff/ModularKit/FBX/Material_001.uasset.
[2016.11.25-02.12.40:671][  0]LoadErrors:Error: Error /Game/Bills_Stuff/ModularKit/FBX/Material_001 : Can't find file for asset. /Game/ModularKit/FBX/OldOrange_TEX
[2016.11.25-02.12.40:904][  0]LogLinker:Warning: Can't find file '/Game/ModularKit/FBX/OldOrange_TEX'
[2016.11.25-02.12.40:904][  0]LoadErrors: Info Failed to load /Game/ModularKit/FBX/OldOrange_TEX.OldOrange_TEX Referenced by MaterialExpressionTextureSample_0
[2016.11.25-02.12.40:904][  0]LogLinker:Warning: Can't find file for asset '/Game/ModularKit/FBX/OldOrange_TEX' while loading NULL.
[2016.11.25-02.12.40:904][  0]LoadErrors: Info Failed to load /Game/ModularKit/FBX/OldOrange_TEX.OldOrange_TEX Referenced by MaterialExpressionTextureSample_0
[2016.11.25-02.12.42:669][  0]LogMaterial: Missing cached shader map for material Material_001, compiling. 
[2016.11.25-02.12.42:669][  0]LogMaterial:Warning: Failed to compile Material /Game/Bills_Stuff/ModularKit/FBX/Material_001.Material_001 for platform PCD3D_SM5, Default Material will be used in game.
[2016.11.25-02.12.42:669][  0]LogMaterial:Warning: 	(Node TextureSample) TextureSample> Missing input texture
[2016.11.25-02.12.43:036][  0]LogAIModule: Creating AISystem for world Greybox2
[2016.11.25-02.12.43:066][  0]LogPhysics:Warning: Initialising Body : Scale3D is (nearly) zero: Component: AICharacter_118.Healthbar 
[2016.11.25-02.12.43:068][  0]LogPhysics:Warning: Initialising Body : Scale3D is (nearly) zero: Component: AICharacter2_311.Healthbar 
[2016.11.25-02.12.43:089][  0]LogPhysics:Warning: Initialising Body : Scale3D is (nearly) zero: Component: AICharacter_118.Healthbar 
[2016.11.25-02.12.43:090][  0]LogPhysics:Warning: Initialising Body : Scale3D is (nearly) zero: Component: AICharacter2_311.Healthbar 
[2016.11.25-02.12.43:092][  0]LogEditorServer: Finished looking for orphan Actors (0.000 secs)
[2016.11.25-02.12.43:094][  0]Cmd: MAP CHECKDEP NOCLEARLOG
[2016.11.25-02.12.43:258][  0]MapCheck: Info Map check complete: 0 Error(s), 0 Warning(s), took 163.092ms to complete.
[2016.11.25-02.12.43:258][  0]LogFileHelpers: Loading map 'Greybox2' took 8.786
[2016.11.25-02.12.43:449][  0]LogCollectionManager: Loaded 0 collections in 0.004282 seconds
[2016.11.25-02.12.43:495][  0]LogFileCache: Scanning file cache for directory 'C:/Users/Zac/Desktop/The-Deep-West/Saved/Collections/' took 0.01s
[2016.11.25-02.12.43:495][  0]LogFileCache: Scanning file cache for directory 'C:/Users/Zac/Desktop/The-Deep-West/Content/Developers/Zac/Collections/' took 0.01s
[2016.11.25-02.12.43:496][  0]LogFileCache: Scanning file cache for directory 'C:/Users/Zac/Desktop/The-Deep-West/Content/Collections/' took 0.01s
[2016.11.25-02.12.43:496][  0]LogCollectionManager: Rebuilt the GUID cache for 0 collections in 0.000004 seconds
[2016.11.25-02.12.43:510][  0]LogContentBrowser: Native class hierarchy populated in 0.0141 seconds. Added 2141 classes and 415 folders.
[2016.11.25-02.12.43:517][  0]LogStats: UGameplayTagsManager::ConstructGameplayTagTree: Construct from data asset -  0.000 s
[2016.11.25-02.12.43:517][  0]LogStats: UGameplayTagsManager::ConstructGameplayTagTree: GameplayTagTreeChangedEvent.Broadcast -  0.000 s
[2016.11.25-02.12.43:517][  0]LogContentBrowser: Native class hierarchy updated for 'GameplayTags' in 0.0007 seconds. Added 12 classes and 0 folders.
[2016.11.25-02.12.43:526][  0]LogContentBrowser: Native class hierarchy updated for 'WidgetCarousel' in 0.0006 seconds. Added 0 classes and 0 folders.
[2016.11.25-02.12.43:726][  0]LogContentBrowser: Native class hierarchy updated for 'AddContentDialog' in 0.0006 seconds. Added 0 classes and 0 folders.
[2016.11.25-02.12.43:744][  0]LogContentBrowser: Native class hierarchy updated for 'SceneOutliner' in 0.0007 seconds. Added 1 classes and 2 folders.
[2016.11.25-02.12.43:773][  0]LogCrashTracker: Crashtracker disabled due to settings.
[2016.11.25-02.12.43:781][  0]LogUObjectGlobals:Warning: Failed to find object 'Class None.'
[2016.11.25-02.12.43:818][  0]LogContentBrowser: Native class hierarchy updated for 'HierarchicalLODOutliner' in 0.0009 seconds. Added 1 classes and 2 folders.
[2016.11.25-02.12.43:819][  0]LogLoad: (Engine Initialization) Total time: 24.16 seconds
[2016.11.25-02.12.43:819][  0]LogLoad: (Engine Initialization) Total Blueprint compile time: 3.78 seconds
[2016.11.25-02.12.43:819][  0]LogExternalProfiler: Found external profiler: VSPerf
[2016.11.25-02.12.43:819][  0]LogExternalProfiler: Using external profiler: VSPerf
[2016.11.25-02.12.43:828][  0]LogOcInput: OculusInput pre-init called
[2016.11.25-02.12.43:853][  0]LogContentStreaming: Texture pool size now 1000 MB
[2016.11.25-02.12.43:971][  2]LogAssetRegistry: Asset discovery search completed in 16.7033 seconds
[2016.11.25-02.12.43:971][  2]LogCollectionManager: Rebuilt the object cache for 0 collections in 0.000001 seconds (found 0 objects)
[2016.11.25-02.12.43:971][  2]LogCollectionManager: Fixed up redirectors for 0 collections in 0.000041 seconds (updated 0 objects)
[2016.11.25-02.12.44:055][  3]LogRenderer: Reallocating scene render targets to support 128x128 (Frame:1).
[2016.11.25-02.12.55:980][236]LogContentBrowser: Native class hierarchy updated for 'BlueprintGraph' in 0.0017 seconds. Added 112 classes and 0 folders.
[2016.11.25-02.12.59:608][242]LogRenderer: Reallocating scene render targets to support 256x256 (Frame:2).
[2016.11.25-02.12.59:608][242]LogRenderer: Reallocating scene render targets to support 1168x600 (Frame:2).
[2016.11.25-02.17.52:452][423]LogEditorViewport: Clicking on Actor (LMB): StaticMeshActor (building)
[2016.11.25-02.33.10:966][ 57]LogFileHelpers: Editor autosave (incl. sublevels) for '/Game/Maps/Greybox2' took 0.195
[2016.11.25-02.33.10:973][ 57]OBJ SavePackage: Generating thumbnails for [1] asset(s) in package [/Game/ThirdPersonBP/Blueprints/HostileNPC] ([1] browsable assets)...
[2016.11.25-02.33.11:002][ 57]OBJ SavePackage:     Rendered thumbnail for [Blueprint /Game/ThirdPersonBP/Blueprints/HostileNPC.HostileNPC]
[2016.11.25-02.33.11:002][ 57]OBJ SavePackage: Finished generating thumbnails for package [/Game/ThirdPersonBP/Blueprints/HostileNPC]
[2016.11.25-02.33.11:291][ 57]LogSavePackage: Save=261.87ms
[2016.11.25-02.33.11:291][ 57]LogSavePackage: Moving '../../../../../../Users/Zac/Desktop/The-Deep-West/Saved/HostileNPC_Auto18B5DBD5842F7E8C618430C882A0C9A72.tmp' to '../../../../../../Users/Zac/Desktop/The-Deep-West/Saved/Autosaves/Game/ThirdPersonBP/Blueprints/HostileNPC_Auto1.uasset'
[2016.11.25-02.33.11:293][ 57]LogSavePackage:Display: Finished SavePackage ../../../../../../Users/Zac/Desktop/The-Deep-West/Saved/Autosaves/Game/ThirdPersonBP/Blueprints/HostileNPC_Auto1.uasset
[2016.11.25-02.33.11:293][ 57]LogFileHelpers: Auto-saving content packages took 0.326
[2016.11.25-02.35.49:307][927]BlueprintLog: New page: Compile HostileNPC
[2016.11.25-02.35.50:656][972]LogPlayLevel: PlayLevel: No blueprints needed recompiling
[2016.11.25-02.35.50:666][972]PIE: New page: PIE session: Greybox2 (25 Nov 2016 11:35:50 pm)
[2016.11.25-02.35.50:667][972]LogPlayLevel: Creating play world package: /Game/Maps/UEDPIE_0_Greybox2
[2016.11.25-02.35.50:698][972]LogPlayLevel: PIE: StaticDuplicateObject took: (0.030716s)
[2016.11.25-02.35.50:699][972]LogAIModule: Creating AISystem for world Greybox2
[2016.11.25-02.35.50:700][972]LogPlayLevel: PIE: World Init took: (0.001779s)
[2016.11.25-02.35.50:701][972]LogPlayLevel: PIE: Created PIE world by copying editor world from /Game/Maps/Greybox2.Greybox2 to /Game/Maps/UEDPIE_0_Greybox2.Greybox2 (0.033366s)
[2016.11.25-02.35.50:771][972]LogInit: XAudio2 using '1 - LG IPS FULLHD (AMD High Definition Audio Device)' : 2 channels at 48 kHz using 16 bits per sample (channel mask 0x3)
[2016.11.25-02.35.50:784][972]LogInit: FAudioDevice initialized.
[2016.11.25-02.35.50:888][972]LogWorld: Game class is 'ThirdPersonGameMode_C'
[2016.11.25-02.35.50:916][972]LogPhysics:Warning: Initialising Body : Scale3D is (nearly) zero: Component: AICharacter_118.Healthbar 
[2016.11.25-02.35.50:917][972]LogPhysics:Warning: Initialising Body : Scale3D is (nearly) zero: Component: AICharacter2_311.Healthbar 
[2016.11.25-02.35.50:919][972]LogWorld: Bringing World /Game/Maps/UEDPIE_0_Greybox2.Greybox2 up for play (max tick rate 0) at 2016.11.25-13.35.50
[2016.11.25-02.35.50:932][972]LogWorld: Bringing up level for play took: 0.035746
[2016.11.25-02.35.50:952][972]LogContentBrowser: Native class hierarchy updated for 'MovieSceneCapture' in 0.0010 seconds. Added 11 classes and 0 folders.
[2016.11.25-02.35.50:953][972]LogGameMode:Display: Match State Changed from EnteringMap to WaitingToStart
[2016.11.25-02.35.50:953][972]LogGameState: Match State Changed from EnteringMap to WaitingToStart
[2016.11.25-02.35.50:953][972]LogGameMode:Display: Match State Changed from WaitingToStart to InProgress
[2016.11.25-02.35.50:975][972]LogBlueprintUserMessages: [ThirdPersonCharacter_C_0] Revolver added to inventory.
[2016.11.25-02.35.50:979][972]LogGameState: Match State Changed from WaitingToStart to InProgress
[2016.11.25-02.35.50:996][972]PIE: Info Play in editor start time for /Game/Maps/UEDPIE_0_Greybox2 1.07
[2016.11.25-02.35.51:003][972]LogBlueprintUserMessages: [H_2] AI State: Idle
[2016.11.25-02.35.51:057][972]LogRenderer: Reallocating scene render targets to support 1292x756 (Frame:776).
[2016.11.25-02.35.54:001][ 78]LogBlueprintUserMessages: [H_2] Enemy found
[2016.11.25-02.35.54:001][ 78]LogBlueprintUserMessages: [H_2] AI State: Attack
[2016.11.25-02.35.57:122][208]LogBlueprintUserMessages: [H_2] Reloading
[2016.11.25-02.35.59:130][294]LogBlueprintUserMessages: [H_2] Finished reloading
[2016.11.25-02.38.39:689][952]LogEditorTransaction: Undo Move Node
[2016.11.25-02.38.40:457][975]LogEditorTransaction: Undo Move Nodes
[2016.11.25-02.38.41:222][  0]LogEditorTransaction: Undo Move Node
[2016.11.25-02.38.41:970][ 30]LogEditorTransaction: Undo Create Pin Link
[2016.11.25-02.38.42:710][ 57]LogEditorTransaction: Undo Add Node
[2016.11.25-02.38.43:456][ 87]LogEditorTransaction: Undo Delete current selection
[2016.11.25-02.38.44:362][127]LogEditorTransaction: Undo Add Node
[2016.11.25-02.38.45:135][158]LogEditorTransaction: Undo Delete current selection
[2016.11.25-02.38.50:068][388]LogEditorTransaction: Undo Resize Node
[2016.11.25-02.39.02:034][116]LogEditorTransaction: Undo Add Node
[2016.11.25-02.39.02:794][155]LogEditorTransaction: Undo Delete current selection
[2016.11.25-02.39.36:230][452]BlueprintLog: New page: Compile HostileNPC
[2016.11.25-02.40.04:232][994]LogPlayLevel: PlayLevel: No blueprints needed recompiling
[2016.11.25-02.40.04:233][994]PIE: New page: PIE session: Greybox2 (25 Nov 2016 11:40:04 pm)
[2016.11.25-02.40.04:234][994]LogPlayLevel: Creating play world package: /Game/Maps/UEDPIE_0_Greybox2
[2016.11.25-02.40.04:274][994]LogPlayLevel: PIE: StaticDuplicateObject took: (0.040243s)
[2016.11.25-02.40.04:276][994]LogAIModule: Creating AISystem for world Greybox2
[2016.11.25-02.40.04:277][994]LogPlayLevel: PIE: World Init took: (0.002672s)
[2016.11.25-02.40.04:277][994]LogPlayLevel: PIE: Created PIE world by copying editor world from /Game/Maps/Greybox2.Greybox2 to /Game/Maps/UEDPIE_0_Greybox2.Greybox2 (0.043446s)
[2016.11.25-02.40.04:374][994]LogInit: XAudio2 using '1 - LG IPS FULLHD (AMD High Definition Audio Device)' : 2 channels at 48 kHz using 16 bits per sample (channel mask 0x3)
[2016.11.25-02.40.04:393][994]LogInit: FAudioDevice initialized.
[2016.11.25-02.40.04:476][994]LogWorld: Game class is 'ThirdPersonGameMode_C'
[2016.11.25-02.40.04:505][994]LogPhysics:Warning: Initialising Body : Scale3D is (nearly) zero: Component: AICharacter_118.Healthbar 
[2016.11.25-02.40.04:507][994]LogPhysics:Warning: Initialising Body : Scale3D is (nearly) zero: Component: AICharacter2_311.Healthbar 
[2016.11.25-02.40.04:509][994]LogWorld: Bringing World /Game/Maps/UEDPIE_0_Greybox2.Greybox2 up for play (max tick rate 0) at 2016.11.25-13.40.04
[2016.11.25-02.40.04:514][994]LogWorld: Bringing up level for play took: 0.036298
[2016.11.25-02.40.04:515][994]LogGameMode:Display: Match State Changed from EnteringMap to WaitingToStart
[2016.11.25-02.40.04:515][994]LogGameState: Match State Changed from EnteringMap to WaitingToStart
[2016.11.25-02.40.04:516][994]LogGameMode:Display: Match State Changed from WaitingToStart to InProgress
[2016.11.25-02.40.04:529][994]LogBlueprintUserMessages: [ThirdPersonCharacter_C_0] Revolver added to inventory.
[2016.11.25-02.40.04:530][994]LogGameState: Match State Changed from WaitingToStart to InProgress
[2016.11.25-02.40.04:548][994]PIE: Info Play in editor start time for /Game/Maps/UEDPIE_0_Greybox2 0.619
[2016.11.25-02.40.04:552][994]LogBlueprintUserMessages: [H_2] AI State: Idle
[2016.11.25-02.40.56:604][360]BlueprintLog: New page: Compile HostileNPC
[2016.11.25-02.40.57:616][393]LogPlayLevel: PlayLevel: No blueprints needed recompiling
[2016.11.25-02.40.57:616][393]PIE: New page: PIE session: Greybox2 (25 Nov 2016 11:40:57 pm)
[2016.11.25-02.40.57:616][393]LogPlayLevel: Creating play world package: /Game/Maps/UEDPIE_0_Greybox2
[2016.11.25-02.40.57:645][393]LogPlayLevel: PIE: StaticDuplicateObject took: (0.029072s)
[2016.11.25-02.40.57:646][393]LogAIModule: Creating AISystem for world Greybox2
[2016.11.25-02.40.57:647][393]LogPlayLevel: PIE: World Init took: (0.001747s)
[2016.11.25-02.40.57:647][393]LogPlayLevel: PIE: Created PIE world by copying editor world from /Game/Maps/Greybox2.Greybox2 to /Game/Maps/UEDPIE_0_Greybox2.Greybox2 (0.031264s)
[2016.11.25-02.40.57:719][393]LogInit: XAudio2 using '1 - LG IPS FULLHD (AMD High Definition Audio Device)' : 2 channels at 48 kHz using 16 bits per sample (channel mask 0x3)
[2016.11.25-02.40.57:735][393]LogInit: FAudioDevice initialized.
[2016.11.25-02.40.57:810][393]LogWorld: Game class is 'ThirdPersonGameMode_C'
[2016.11.25-02.40.57:831][393]LogPhysics:Warning: Initialising Body : Scale3D is (nearly) zero: Component: AICharacter_118.Healthbar 
[2016.11.25-02.40.57:833][393]LogPhysics:Warning: Initialising Body : Scale3D is (nearly) zero: Component: AICharacter2_311.Healthbar 
[2016.11.25-02.40.57:835][393]LogWorld: Bringing World /Game/Maps/UEDPIE_0_Greybox2.Greybox2 up for play (max tick rate 0) at 2016.11.25-13.40.57
[2016.11.25-02.40.57:837][393]LogWorld: Bringing up level for play took: 0.026120
[2016.11.25-02.40.57:838][393]LogGameMode:Display: Match State Changed from EnteringMap to WaitingToStart
[2016.11.25-02.40.57:838][393]LogGameState: Match State Changed from EnteringMap to WaitingToStart
[2016.11.25-02.40.57:838][393]LogGameMode:Display: Match State Changed from WaitingToStart to InProgress
[2016.11.25-02.40.57:849][393]LogBlueprintUserMessages: [ThirdPersonCharacter_C_0] Revolver added to inventory.
[2016.11.25-02.40.57:850][393]LogGameState: Match State Changed from WaitingToStart to InProgress
[2016.11.25-02.40.57:868][393]PIE: Info Play in editor start time for /Game/Maps/UEDPIE_0_Greybox2 -0.062
[2016.11.25-02.40.57:869][393]LogBlueprintUserMessages: [H_2] AI State: Idle
[2016.11.25-02.40.57:945][394]LogBlueprintUserMessages: [H_2] Enemy found
[2016.11.25-02.40.57:945][394]LogBlueprintUserMessages: [H_2] AI State: Attack
[2016.11.25-02.41.01:001][555]LogBlueprintUserMessages: [H_2] Reloading
[2016.11.25-02.41.03:005][651]LogBlueprintUserMessages: [H_2] Finished reloading
[2016.11.25-02.41.05:613][773]LogBlueprintUserMessages: [H_2] Reloading
[2016.11.25-02.41.23:156][798]Cmd: OBJ SAVEPACKAGE PACKAGE="/Game/Maps/Greybox2" FILE="../../../../../../Users/Zac/Desktop/The-Deep-West/Content/Maps/Greybox2.umap" SILENT=true AUTOSAVING=false KEEPDIRTY=false
[2016.11.25-02.41.23:804][798]LogSavePackage: Save=557.22ms
[2016.11.25-02.41.23:804][798]LogSavePackage: Moving '../../../../../../Users/Zac/Desktop/The-Deep-West/Saved/Greybox2C1B27B0C46D368454595F1BCCCE76C7B.tmp' to '../../../../../../Users/Zac/Desktop/The-Deep-West/Content/Maps/Greybox2.umap'
[2016.11.25-02.41.23:808][798]LogSavePackage:Display: Finished SavePackage ../../../../../../Users/Zac/Desktop/The-Deep-West/Content/Maps/Greybox2.umap
[2016.11.25-02.41.23:832][798]LogFileHelpers: Saving map 'Greybox2' took 0.827
[2016.11.25-02.41.23:865][798]Cmd: OBJ SAVEPACKAGE PACKAGE="/Game/ThirdPersonBP/Blueprints/HostileNPC" FILE="../../../../../../Users/Zac/Desktop/The-Deep-West/Content/ThirdPersonBP/Blueprints/HostileNPC.uasset" SILENT=true
[2016.11.25-02.41.24:064][798]LogSavePackage: Save=190.06ms
[2016.11.25-02.41.24:064][798]LogSavePackage: Moving '../../../../../../Users/Zac/Desktop/The-Deep-West/Saved/HostileNPC2A263CAE4112252F5E9FDCA3BB81090C.tmp' to '../../../../../../Users/Zac/Desktop/The-Deep-West/Content/ThirdPersonBP/Blueprints/HostileNPC.uasset'
[2016.11.25-02.41.24:066][798]LogSavePackage:Display: Finished SavePackage ../../../../../../Users/Zac/Desktop/The-Deep-West/Content/ThirdPersonBP/Blueprints/HostileNPC.uasset
[2016.11.25-02.43.37:954][294]BlueprintLog: New page: Compile HostileNPC
[2016.11.25-02.46.12:891][880]Cmd: OBJ SAVEPACKAGE PACKAGE="/Game/ThirdPersonBP/Blueprints/HostileNPC" FILE="../../../../../../Users/Zac/Desktop/The-Deep-West/Content/ThirdPersonBP/Blueprints/HostileNPC.uasset" SILENT=true
[2016.11.25-02.46.13:197][880]LogSavePackage: Save=281.89ms
[2016.11.25-02.46.13:197][880]LogSavePackage: Moving '../../../../../../Users/Zac/Desktop/The-Deep-West/Saved/HostileNPC08F540554B3B489CAAF76DA1BA0CE808.tmp' to '../../../../../../Users/Zac/Desktop/The-Deep-West/Content/ThirdPersonBP/Blueprints/HostileNPC.uasset'
[2016.11.25-02.46.13:200][880]LogSavePackage:Display: Finished SavePackage ../../../../../../Users/Zac/Desktop/The-Deep-West/Content/ThirdPersonBP/Blueprints/HostileNPC.uasset
[2016.11.25-02.46.57:594][352]BlueprintLog: New page: Compile HostileNPC
[2016.11.25-02.47.44:943][709]BlueprintLog: New page: Compile HostileNPC
[2016.11.25-02.48.15:737][210]Cmd: OBJ SAVEPACKAGE PACKAGE="/Game/ThirdPersonBP/Blueprints/HostileNPC" FILE="../../../../../../Users/Zac/Desktop/The-Deep-West/Content/ThirdPersonBP/Blueprints/HostileNPC.uasset" SILENT=true
[2016.11.25-02.48.15:950][210]LogSavePackage: Save=192.22ms
[2016.11.25-02.48.15:950][210]LogSavePackage: Moving '../../../../../../Users/Zac/Desktop/The-Deep-West/Saved/HostileNPCA20213914FEB093CA892C2A00742CD7C.tmp' to '../../../../../../Users/Zac/Desktop/The-Deep-West/Content/ThirdPersonBP/Blueprints/HostileNPC.uasset'
[2016.11.25-02.48.15:954][210]LogSavePackage:Display: Finished SavePackage ../../../../../../Users/Zac/Desktop/The-Deep-West/Content/ThirdPersonBP/Blueprints/HostileNPC.uasset
[2016.11.25-02.49.48:947][430]Cmd: OBJ SAVEPACKAGE PACKAGE="/Game/ThirdPersonBP/Blueprints/HostileNPC" FILE="../../../../../../Users/Zac/Desktop/The-Deep-West/Content/ThirdPersonBP/Blueprints/HostileNPC.uasset" SILENT=true
[2016.11.25-02.49.49:185][430]LogSavePackage: Save=219.29ms
[2016.11.25-02.49.49:185][430]LogSavePackage: Moving '../../../../../../Users/Zac/Desktop/The-Deep-West/Saved/HostileNPC5273F50C4E2A23424B84FFB60BA53C51.tmp' to '../../../../../../Users/Zac/Desktop/The-Deep-West/Content/ThirdPersonBP/Blueprints/HostileNPC.uasset'
[2016.11.25-02.49.49:217][430]LogSavePackage:Display: Finished SavePackage ../../../../../../Users/Zac/Desktop/The-Deep-West/Content/ThirdPersonBP/Blueprints/HostileNPC.uasset
[2016.11.25-03.25.53:878][946]LogActorComponent: UnregisterComponent: (/Engine/Transient.EditorFloorComp) Not registered. Aborting.
[2016.11.25-03.25.54:355][947]Cmd: QUIT_EDITOR
[2016.11.25-03.25.55:496][947]LogExit: Preparing to exit.
[2016.11.25-03.25.56:204][947]LogDirectoryWatcher: A directory notification for 'C:/Users/Zac/Desktop/The-Deep-West/Content/' was aborted.
[2016.11.25-03.25.56:404][947]LogExit: Editor shut down
[2016.11.25-03.25.56:405][947]LogExit: Transaction tracking system shut down
[2016.11.25-03.25.57:107][947]LogObj: Freed 0b from 0 cluster array pools.
[2016.11.25-03.25.57:108][947]LogExit: Object subsystem successfully closed.
[2016.11.25-03.25.57:146][947]LogD3D11RHI: Shutdown
[2016.11.25-03.25.57:146][947]LogD3D11RHI: CleanupD3DDevice
[2016.11.25-03.25.57:409][947]LogD3D11RHI: ~FD3D11DynamicRHI
[2016.11.25-03.25.57:549][947]LogModuleManager: Shutting down and abandoning module MovieSceneCapture (237)
[2016.11.25-03.25.57:549][947]LogModuleManager: Shutting down and abandoning module BlueprintGraph (236)
[2016.11.25-03.25.57:549][947]LogModuleManager: Shutting down and abandoning module BlueprintProfiler (235)
[2016.11.25-03.25.57:551][947]LogModuleManager: Shutting down and abandoning module HierarchicalLODOutliner (234)
[2016.11.25-03.25.57:551][947]LogModuleManager: Shutting down and abandoning module CrashTracker (233)
[2016.11.25-03.25.57:552][947]LogModuleManager: Shutting down and abandoning module SceneOutliner (232)
[2016.11.25-03.25.57:552][947]LogModuleManager: Shutting down and abandoning module WidgetCarousel (231)
[2016.11.25-03.25.57:552][947]LogModuleManager: Shutting down and abandoning module AddContentDialog (230)
[2016.11.25-03.25.57:553][947]LogDirectoryWatcher: A directory notification for 'C:/Program Files (x86)/Epic Games/4.13/FeaturePacks/' was aborted.
[2016.11.25-03.25.57:558][947]LogModuleManager: Shutting down and abandoning module GameplayTags (229)
[2016.11.25-03.25.57:558][947]LogModuleManager: Shutting down and abandoning module EditorWidgets (228)
[2016.11.25-03.25.57:558][947]LogModuleManager: Shutting down and abandoning module CollectionManager (227)
[2016.11.25-03.25.57:559][947]LogDirectoryWatcher: A directory notification for 'C:/Users/Zac/Desktop/The-Deep-West/Content/Collections/' was aborted.
[2016.11.25-03.25.57:559][947]LogDirectoryWatcher: A directory notification for 'C:/Users/Zac/Desktop/The-Deep-West/Content/Developers/Zac/Collections/' was aborted.
[2016.11.25-03.25.57:559][947]LogDirectoryWatcher: A directory notification for 'C:/Users/Zac/Desktop/The-Deep-West/Saved/Collections/' was aborted.
[2016.11.25-03.25.57:559][947]LogModuleManager: Shutting down and abandoning module ExternalImagePicker (226)
[2016.11.25-03.25.57:559][947]LogModuleManager: Shutting down and abandoning module StatsViewer (225)
[2016.11.25-03.25.57:560][947]LogModuleManager: Shutting down and abandoning module FoliageEdit (224)
[2016.11.25-03.25.57:560][947]LogModuleManager: Shutting down and abandoning module LandscapeEditor (223)
[2016.11.25-03.25.57:561][947]LogModuleManager: Shutting down and abandoning module SceneDepthPickerMode (222)
[2016.11.25-03.25.57:561][947]LogModuleManager: Shutting down and abandoning module ActorPickerMode (221)
[2016.11.25-03.25.57:561][947]LogModuleManager: Shutting down and abandoning module GeometryMode (220)
[2016.11.25-03.25.57:561][947]LogModuleManager: Shutting down and abandoning module TextureAlignMode (219)
[2016.11.25-03.25.57:561][947]LogModuleManager: Shutting down and abandoning module BspMode (218)
[2016.11.25-03.25.57:562][947]LogModuleManager: Shutting down and abandoning module HardwareSurvey (217)
[2016.11.25-03.25.57:562][947]LogModuleManager: Shutting down and abandoning module SequenceRecorderSections (216)
[2016.11.25-03.25.57:562][947]LogModuleManager: Shutting down and abandoning module SequenceRecorder (215)
[2016.11.25-03.25.57:562][947]LogModuleManager: Shutting down and abandoning module AutomationWorker (214)
[2016.11.25-03.25.57:563][947]LogModuleManager: Shutting down and abandoning module MatineeToLevelSequence (213)
[2016.11.25-03.25.57:563][947]LogModuleManager: Shutting down and abandoning module PlacementMode (212)
[2016.11.25-03.25.57:564][947]LogModuleManager: Shutting down and abandoning module LevelSequenceEditor (211)
[2016.11.25-03.25.57:565][947]LogModuleManager: Shutting down and abandoning module WmfMediaFactory (210)
[2016.11.25-03.25.57:565][947]LogModuleManager: Shutting down and abandoning module WmfMediaEditor (209)
[2016.11.25-03.25.57:565][947]LogModuleManager: Shutting down and abandoning module AvfMediaFactory (208)
[2016.11.25-03.25.57:565][947]LogModuleManager: Shutting down and abandoning module AvfMediaEditor (207)
[2016.11.25-03.25.57:565][947]LogModuleManager: Shutting down and abandoning module Media (206)
[2016.11.25-03.25.57:565][947]LogModuleManager: Shutting down and abandoning module AndroidMediaFactory (205)
[2016.11.25-03.25.57:565][947]LogModuleManager: Shutting down and abandoning module AndroidMediaEditor (204)
[2016.11.25-03.25.57:565][947]LogModuleManager: Shutting down and abandoning module CharacterAI (203)
[2016.11.25-03.25.57:565][947]LogModuleManager: Shutting down and abandoning module SmartSnapping (202)
[2016.11.25-03.25.57:565][947]LogModuleManager: Shutting down and abandoning module SessionServices (201)
[2016.11.25-03.25.57:565][947]LogModuleManager: Shutting down and abandoning module ViewportSnapping (200)
[2016.11.25-03.25.57:565][947]LogModuleManager: Shutting down and abandoning module ViewportInteraction (199)
[2016.11.25-03.25.57:565][947]LogModuleManager: Shutting down and abandoning module LogVisualizer (198)
[2016.11.25-03.25.57:567][947]LogModuleManager: Shutting down and abandoning module GameProjectGeneration (197)
[2016.11.25-03.25.57:568][947]LogModuleManager: Shutting down and abandoning module IntroTutorials (196)
[2016.11.25-03.25.57:569][947]LogModuleManager: Shutting down and abandoning module EditorLiveStreaming (195)
[2016.11.25-03.25.57:569][947]LogModuleManager: Shutting down and abandoning module IOSPlatformEditor (194)
[2016.11.25-03.25.57:569][947]LogModuleManager: Shutting down and abandoning module HTML5PlatformEditor (193)
[2016.11.25-03.25.57:569][947]LogModuleManager: Shutting down and abandoning module AndroidDeviceDetection (192)
[2016.11.25-03.25.58:164][947]LogModuleManager: Shutting down and abandoning module AndroidPlatformEditor (191)
[2016.11.25-03.25.58:166][947]LogModuleManager: Shutting down and abandoning module IOSRuntimeSettings (190)
[2016.11.25-03.25.58:166][947]LogModuleManager: Shutting down and abandoning module AndroidRuntimeSettings (189)
[2016.11.25-03.25.58:166][947]LogModuleManager: Shutting down and abandoning module NiagaraEditor (188)
[2016.11.25-03.25.58:168][947]LogModuleManager: Shutting down and abandoning module MergeActors (187)
[2016.11.25-03.25.58:169][947]LogModuleManager: Shutting down and abandoning module SizeMap (186)
[2016.11.25-03.25.58:169][947]LogModuleManager: Shutting down and abandoning module TreeMap (185)
[2016.11.25-03.25.58:170][947]LogModuleManager: Shutting down and abandoning module ReferenceViewer (184)
[2016.11.25-03.25.58:170][947]LogModuleManager: Shutting down and abandoning module LocalizationService (183)
[2016.11.25-03.25.58:170][947]LogModuleManager: Shutting down and abandoning module LocalizationDashboard (182)
[2016.11.25-03.25.58:171][947]LogModuleManager: Shutting down and abandoning module HardwareTargeting (181)
[2016.11.25-03.25.58:171][947]LogModuleManager: Shutting down and abandoning module DeviceProfileEditor (180)
[2016.11.25-03.25.58:172][947]LogModuleManager: Shutting down and abandoning module UndoHistory (179)
[2016.11.25-03.25.58:173][947]LogModuleManager: Shutting down and abandoning module UserFeedback (178)
[2016.11.25-03.25.58:173][947]LogModuleManager: Shutting down and abandoning module XmlParser (177)
[2016.11.25-03.25.58:173][947]LogModuleManager: Shutting down and abandoning module Blutility (176)
[2016.11.25-03.25.58:173][947]LogModuleManager: Shutting down and abandoning module ProjectTargetPlatformEditor (175)
[2016.11.25-03.25.58:174][947]LogModuleManager: Shutting down and abandoning module ProjectSettingsViewer (174)
[2016.11.25-03.25.58:174][947]LogModuleManager: Shutting down and abandoning module InputBindingEditor (173)
[2016.11.25-03.25.58:175][947]LogModuleManager: Shutting down and abandoning module EditorSettingsViewer (172)
[2016.11.25-03.25.58:176][947]LogModuleManager: Shutting down and abandoning module SettingsEditor (171)
[2016.11.25-03.25.58:176][947]LogModuleManager: Shutting down and abandoning module ProjectLauncher (170)
[2016.11.25-03.25.58:177][947]LogModuleManager: Shutting down and abandoning module SessionFrontend (169)
[2016.11.25-03.25.58:177][947]LogModuleManager: Shutting down and abandoning module ProfilerClient (168)
[2016.11.25-03.25.58:178][947]LogModuleManager: Shutting down and abandoning module TargetDeviceServices (167)
[2016.11.25-03.25.58:179][947]LogModuleManager: Shutting down and abandoning module DeviceManager (166)
[2016.11.25-03.25.58:229][947]LogModuleManager: Shutting down and abandoning module AutomationController (165)
[2016.11.25-03.25.58:230][947]LogModuleManager: Shutting down and abandoning module AutomationWindow (164)
[2016.11.25-03.25.58:231][947]LogModuleManager: Shutting down and abandoning module Layers (163)
[2016.11.25-03.25.58:233][947]LogModuleManager: Shutting down and abandoning module ComponentVisualizers (162)
[2016.11.25-03.25.58:233][947]LogModuleManager: Shutting down and abandoning module DetailCustomizations (161)
[2016.11.25-03.25.58:233][947]LogModuleManager: Shutting down and abandoning module PackagesDialog (160)
[2016.11.25-03.25.58:233][947]LogModuleManager: Shutting down and abandoning module AnimGraph (159)
[2016.11.25-03.25.58:234][947]LogModuleManager: Shutting down and abandoning module Persona (158)
[2016.11.25-03.25.58:236][947]LogModuleManager: Shutting down and abandoning module Kismet (157)
[2016.11.25-03.25.58:256][947]LogModuleManager: Shutting down and abandoning module GraphEditor (156)
[2016.11.25-03.25.58:256][947]LogModuleManager: Shutting down and abandoning module ClassViewer (155)
[2016.11.25-03.25.58:256][947]LogModuleManager: Shutting down and abandoning module Toolbox (154)
[2016.11.25-03.25.58:257][947]LogModuleManager: Shutting down and abandoning module ModuleUI (153)
[2016.11.25-03.25.58:257][947]LogModuleManager: Shutting down and abandoning module MovieSceneTools (152)
[2016.11.25-03.25.58:258][947]LogModuleManager: Shutting down and abandoning module OutputLog (151)
[2016.11.25-03.25.58:258][947]LogModuleManager: Shutting down and abandoning module GammaUI (150)
[2016.11.25-03.25.58:259][947]LogModuleManager: Shutting down and abandoning module Documentation (149)
[2016.11.25-03.25.58:259][947]LogModuleManager: Shutting down and abandoning module Niagara (148)
[2016.11.25-03.25.58:259][947]LogModuleManager: Shutting down and abandoning module StreamingPauseRendering (147)
[2016.11.25-03.25.58:259][947]LogModuleManager: Shutting down and abandoning module AnalyticsET (146)
[2016.11.25-03.25.58:259][947]LogModuleManager: Shutting down and abandoning module PortalServices (145)
[2016.11.25-03.25.58:259][947]LogModuleManager: Shutting down and abandoning module PortalRpc (144)
[2016.11.25-03.25.58:259][947]LogModuleManager: Shutting down and abandoning module MessagingRpc (143)
[2016.11.25-03.25.58:259][947]LogModuleManager: Shutting down and abandoning module GameplayDebugger (142)
[2016.11.25-03.25.58:260][947]LogModuleManager: Shutting down and abandoning module AITestSuite (141)
[2016.11.25-03.25.58:260][947]LogModuleManager: Shutting down and abandoning module AIModule (140)
[2016.11.25-03.25.58:260][947]LogModuleManager: Shutting down and abandoning module ProfilerService (139)
[2016.11.25-03.25.58:443][947]LogModuleManager: Shutting down and abandoning module TaskGraph (138)
[2016.11.25-03.25.58:445][947]LogModuleManager: Shutting down and abandoning module SlateRemote (137)
[2016.11.25-03.25.58:445][947]LogModuleManager: Shutting down and abandoning module SteamVRController (136)
[2016.11.25-03.25.58:445][947]LogModuleManager: Shutting down and abandoning module SteamVR (135)
[2016.11.25-03.25.58:445][947]LogModuleManager: Shutting down and abandoning module ProceduralMeshComponentEditor (134)
[2016.11.25-03.25.58:446][947]LogModuleManager: Shutting down and abandoning module ProceduralMeshComponent (133)
[2016.11.25-03.25.58:446][947]LogModuleManager: Shutting down and abandoning module OculusLibrary (132)
[2016.11.25-03.25.58:446][947]LogModuleManager: Shutting down and abandoning module OculusInput (131)
[2016.11.25-03.25.58:446][947]LogModuleManager: Shutting down and abandoning module CustomMeshComponent (130)
[2016.11.25-03.25.58:446][947]LogModuleManager: Shutting down and abandoning module CableComponent (129)
[2016.11.25-03.25.58:446][947]LogModuleManager: Shutting down and abandoning module ArchVisCharacter (128)
[2016.11.25-03.25.58:446][947]LogModuleManager: Shutting down and abandoning module MediaPlayerEditor (126)
[2016.11.25-03.25.58:448][947]LogModuleManager: Shutting down and abandoning module HTML5Networking (125)
[2016.11.25-03.25.58:448][947]LogModuleManager: Shutting down and abandoning module GeometryCacheEd (124)
[2016.11.25-03.25.58:448][947]LogModuleManager: Shutting down and abandoning module GeometryCache (123)
[2016.11.25-03.25.58:448][947]LogModuleManager: Shutting down and abandoning module AlembicLibrary (122)
[2016.11.25-03.25.58:448][947]LogModuleManager: Shutting down and abandoning module AlembicImporter (121)
[2016.11.25-03.25.58:449][947]LogModuleManager: Shutting down and abandoning module SuperSearch (120)
[2016.11.25-03.25.58:449][947]LogModuleManager: Shutting down and abandoning module SuperSearchEditor (119)
[2016.11.25-03.25.58:449][947]LogModuleManager: Shutting down and abandoning module SpeedTreeImporter (118)
[2016.11.25-03.25.58:449][947]LogModuleManager: Shutting down and abandoning module PluginBrowser (117)
[2016.11.25-03.25.58:450][947]LogModuleManager: Shutting down and abandoning module MobileLauncherProfileWizard (116)
[2016.11.25-03.25.58:451][947]LogModuleManager: Shutting down and abandoning module EpicSurvey (115)
[2016.11.25-03.25.58:451][947]LogModuleManager: Shutting down and abandoning module DesktopPlatform (114)
[2016.11.25-03.25.58:452][947]LogModuleManager: Shutting down and abandoning module VisualStudioSourceCodeAccess (113)
[2016.11.25-03.25.58:452][947]LogModuleManager: Shutting down and abandoning module UObjectPlugin (112)
[2016.11.25-03.25.58:452][947]LogModuleManager: Shutting down and abandoning module SubversionSourceControl (111)
[2016.11.25-03.25.58:454][947]LogModuleManager: Shutting down and abandoning module PerforceSourceControl (110)
[2016.11.25-03.25.58:456][947]LogModuleManager: Shutting down and abandoning module SourceControl (109)
[2016.11.25-03.25.58:456][947]LogModuleManager: Shutting down and abandoning module GitSourceControl (108)
[2016.11.25-03.25.58:457][947]LogModuleManager: Shutting down and abandoning module LightPropagationVolumeEditor (107)
[2016.11.25-03.25.58:457][947]LogModuleManager: Shutting down and abandoning module PaperTiledImporter (106)
[2016.11.25-03.25.58:457][947]LogModuleManager: Shutting down and abandoning module PaperSpriteSheetImporter (105)
[2016.11.25-03.25.58:457][947]LogModuleManager: Shutting down and abandoning module MeshPaint (104)
[2016.11.25-03.25.58:457][947]LogModuleManager: Shutting down and abandoning module FbxAutomationBuilderModule (103)
[2016.11.25-03.25.58:457][947]LogModuleManager: Shutting down and abandoning module PixelInspectorModule (102)
[2016.11.25-03.25.58:458][947]LogModuleManager: Shutting down and abandoning module HotReload (101)
[2016.11.25-03.25.58:460][947]LogModuleManager: Shutting down and abandoning module MainFrame (100)
[2016.11.25-03.25.58:460][947]LogModuleManager: Shutting down and abandoning module LevelEditor (99)
[2016.11.25-03.25.58:461][947]LogModuleManager: Shutting down and abandoning module ContentBrowser (98)
[2016.11.25-03.25.58:463][947]LogModuleManager: Shutting down and abandoning module Paper2DEditor (97)
[2016.11.25-03.25.58:464][947]LogModuleManager: Shutting down and abandoning module UdpMessaging (96)
[2016.11.25-03.25.58:564][947]LogModuleManager: Shutting down and abandoning module TcpMessaging (95)
[2016.11.25-03.25.58:664][947]LogModuleManager: Shutting down and abandoning module LightPropagationVolumeRuntime (94)
[2016.11.25-03.25.58:664][947]LogModuleManager: Shutting down and abandoning module Paper2D (93)
[2016.11.25-03.25.58:664][947]LogModuleManager: Shutting down and abandoning module WindowsMoviePlayer (92)
[2016.11.25-03.25.58:665][947]LogModuleManager: Shutting down and abandoning module WmfMedia (91)
[2016.11.25-03.25.58:667][947]LogModuleManager: Shutting down and abandoning module MediaAssets (90)
[2016.11.25-03.25.58:667][947]LogModuleManager: Shutting down and abandoning module GameLiveStreaming (89)
[2016.11.25-03.25.58:667][947]LogModuleManager: Shutting down and abandoning module GameplayTagsEditor (88)
[2016.11.25-03.25.58:667][947]LogModuleManager: Shutting down and abandoning module VREditor (87)
[2016.11.25-03.25.58:667][947]LogModuleManager: Shutting down and abandoning module GameplayTasksEditor (86)
[2016.11.25-03.25.58:667][947]LogModuleManager: Shutting down and abandoning module PropertyEditor (85)
[2016.11.25-03.25.58:667][947]LogModuleManager: Shutting down and abandoning module BehaviorTreeEditor (84)
[2016.11.25-03.25.58:669][947]LogModuleManager: Shutting down and abandoning module FunctionalTesting (83)
[2016.11.25-03.25.58:669][947]LogModuleManager: Shutting down and abandoning module CollisionAnalyzer (82)
[2016.11.25-03.25.58:670][947]LogModuleManager: Shutting down and abandoning module Sequencer (81)
[2016.11.25-03.25.58:671][947]LogModuleManager: Shutting down and abandoning module WorkspaceMenuStructure (80)
[2016.11.25-03.25.58:671][947]LogModuleManager: Shutting down and abandoning module MessageLog (79)
[2016.11.25-03.25.58:671][947]LogModuleManager: Shutting down and abandoning module AssetTools (78)
[2016.11.25-03.25.58:673][947]LogModuleManager: Shutting down and abandoning module UMGEditor (77)
[2016.11.25-03.25.58:675][947]LogModuleManager: Shutting down and abandoning module UMG (76)
[2016.11.25-03.25.58:675][947]LogModuleManager: Shutting down and abandoning module SlateReflector (75)
[2016.11.25-03.25.58:676][947]LogModuleManager: Shutting down and abandoning module Slate (74)
[2016.11.25-03.25.58:676][947]LogModuleManager: Shutting down and abandoning module EditorStyle (73)
[2016.11.25-03.25.58:682][947]LogModuleManager: Shutting down and abandoning module SourceCodeAccess (72)
[2016.11.25-03.25.58:682][947]LogModuleManager: Shutting down and abandoning module HeadMountedDisplay (71)
[2016.11.25-03.25.58:682][947]LogModuleManager: Shutting down and abandoning module XAudio2 (70)
[2016.11.25-03.25.58:682][947]LogModuleManager: Shutting down and abandoning module Networking (68)
[2016.11.25-03.25.58:682][947]LogModuleManager: Shutting down and abandoning module Core (67)
[2016.11.25-03.25.58:682][947]LogModuleManager: Shutting down and abandoning module DirectoryWatcher (66)
[2016.11.25-03.25.58:682][947]LogDirectoryWatcher: A directory notification for '../../../Engine/Content/' was aborted.
[2016.11.25-03.25.58:682][947]LogDirectoryWatcher: A directory notification for '../../../../../../Users/Zac/Desktop/The-Deep-West/Content/' was aborted.
[2016.11.25-03.25.58:683][947]LogDirectoryWatcher: A directory notification for '../../../Engine/Plugins/2D/Paper2D/Content/' was aborted.
[2016.11.25-03.25.58:685][947]LogModuleManager: Shutting down and abandoning module AssetRegistry (65)
[2016.11.25-03.25.58:852][947]LogModuleManager: Shutting down and abandoning module KismetCompiler (64)
[2016.11.25-03.25.58:852][947]LogModuleManager: Shutting down and abandoning module PhysXFormats (63)
[2016.11.25-03.25.58:853][947]LogModuleManager: Shutting down and abandoning module MeshUtilities (62)
[2016.11.25-03.25.58:854][947]LogModuleManager: Shutting down and abandoning module DerivedDataCache (61)
[2016.11.25-03.25.58:953][947]LogDerivedDataCache: Shutdown
[2016.11.25-03.25.58:953][947]LogModuleManager: Shutting down and abandoning module VulkanShaderFormat (60)
[2016.11.25-03.25.58:953][947]LogModuleManager: Shutting down and abandoning module ShaderFormatOpenGL (59)
[2016.11.25-03.25.58:954][947]LogModuleManager: Shutting down and abandoning module ShaderFormatD3D (58)
[2016.11.25-03.25.58:954][947]LogModuleManager: Shutting down and abandoning module MetalShaderFormat (57)
[2016.11.25-03.25.58:955][947]LogModuleManager: Shutting down and abandoning module TextureFormatUncompressed (56)
[2016.11.25-03.25.58:955][947]LogModuleManager: Shutting down and abandoning module TextureFormatPVR (55)
[2016.11.25-03.25.58:955][947]LogModuleManager: Shutting down and abandoning module TextureFormatDXT (54)
[2016.11.25-03.25.58:956][947]LogModuleManager: Shutting down and abandoning module TextureFormatIntelISPCTexComp (53)
[2016.11.25-03.25.58:957][947]LogModuleManager: Shutting down and abandoning module ImageWrapper (52)
[2016.11.25-03.25.58:957][947]LogModuleManager: Shutting down and abandoning module TextureFormatASTC (51)
[2016.11.25-03.25.58:957][947]LogModuleManager: Shutting down and abandoning module TextureFormatAndroid (50)
[2016.11.25-03.25.58:957][947]LogModuleManager: Shutting down and abandoning module AudioFormatOpus (49)
[2016.11.25-03.25.58:957][947]LogModuleManager: Shutting down and abandoning module AudioFormatOgg (48)
[2016.11.25-03.25.58:957][947]LogModuleManager: Shutting down and abandoning module AudioFormatADPCM (47)
[2016.11.25-03.25.58:958][947]LogModuleManager: Shutting down and abandoning module LinuxTargetPlatform (46)
[2016.11.25-03.25.58:958][947]LogModuleManager: Shutting down and abandoning module LinuxServerTargetPlatform (45)
[2016.11.25-03.25.58:958][947]LogModuleManager: Shutting down and abandoning module LinuxNoEditorTargetPlatform (44)
[2016.11.25-03.25.58:959][947]LogModuleManager: Shutting down and abandoning module LinuxClientTargetPlatform (43)
[2016.11.25-03.25.58:959][947]LogModuleManager: Shutting down and abandoning module TVOSTargetPlatform (42)
[2016.11.25-03.25.58:959][947]LogModuleManager: Shutting down and abandoning module Messaging (41)
[2016.11.25-03.25.58:959][947]LogModuleManager: Shutting down and abandoning module IOSTargetPlatform (40)
[2016.11.25-03.25.58:959][947]LogModuleManager: Shutting down and abandoning module HTML5TargetPlatform (39)
[2016.11.25-03.25.58:959][947]LogModuleManager: Shutting down and abandoning module Android_PVRTCTargetPlatform (38)
[2016.11.25-03.25.58:959][947]LogModuleManager: Shutting down and abandoning module Android_MultiTargetPlatform (37)
[2016.11.25-03.25.58:960][947]LogModuleManager: Shutting down and abandoning module Android_ETC2TargetPlatform (36)
[2016.11.25-03.25.58:960][947]LogModuleManager: Shutting down and abandoning module Android_ETC1TargetPlatform (35)
[2016.11.25-03.25.58:960][947]LogModuleManager: Shutting down and abandoning module Android_DXTTargetPlatform (34)
[2016.11.25-03.25.58:960][947]LogModuleManager: Shutting down and abandoning module Android_ATCTargetPlatform (33)
[2016.11.25-03.25.58:960][947]LogModuleManager: Shutting down and abandoning module Android_ASTCTargetPlatform (32)
[2016.11.25-03.25.58:960][947]LogModuleManager: Shutting down and abandoning module AndroidTargetPlatform (31)
[2016.11.25-03.25.58:960][947]LogModuleManager: Shutting down and abandoning module WindowsTargetPlatform (30)
[2016.11.25-03.25.58:960][947]LogModuleManager: Shutting down and abandoning module WindowsServerTargetPlatform (29)
[2016.11.25-03.25.58:960][947]LogModuleManager: Shutting down and abandoning module WindowsNoEditorTargetPlatform (28)
[2016.11.25-03.25.58:960][947]LogModuleManager: Shutting down and abandoning module WindowsClientTargetPlatform (27)
[2016.11.25-03.25.58:961][947]LogModuleManager: Shutting down and abandoning module AllDesktopTargetPlatform (26)
[2016.11.25-03.25.58:961][947]LogModuleManager: Shutting down and abandoning module TargetPlatform (25)
[2016.11.25-03.25.58:961][947]LogModuleManager: Shutting down and abandoning module InputCore (24)
[2016.11.25-03.25.58:961][947]LogModuleManager: Shutting down and abandoning module Settings (23)
[2016.11.25-03.25.58:961][947]LogModuleManager: Shutting down and abandoning module OculusRift (22)
[2016.11.25-03.25.58:962][947]LogModuleManager: Shutting down and abandoning module GearVR (21)
[2016.11.25-03.25.58:962][947]LogModuleManager: Shutting down and abandoning module ExampleDeviceProfileSelector (20)
[2016.11.25-03.25.58:962][947]LogModuleManager: Shutting down and abandoning module OnlineBlueprintSupport (19)
[2016.11.25-03.25.58:962][947]LogModuleManager: Shutting down and abandoning module OnlineSubsystem (17)
[2016.11.25-03.25.58:963][947]LogOnline:Display: Unloading online subsystem: NULL
[2016.11.25-03.25.58:964][947]LogModuleManager: Shutting down and abandoning module HTTP (16)
[2016.11.25-03.25.58:964][947]LogHttp:Display: Http module shutting down, but needs to wait on 1 outstanding Http requests:
[2016.11.25-03.25.58:964][947]LogHttp:Display: 	verb=[POST] url=[https://datarouter.ol.epicgames.com/datarouter/api/v1/public/data?SessionID=%7BA7F12B3D-44C1-111F-04E7-B4985A557499%7D&AppID=UEEditor.Rocket.Release&AppVersion=4.13.2-3172292%2B%2B%2BUE4%2BRelease-4.13&UserID=1c014f5141c2a1b10f7b898cc9301741%7Cda29b395400545bfa6a9711fd267dc99%7Cb39435d3-0516-48c9-8c78-400565545d4f&AppEnvironment=datacollector-binary&UploadType=eteventstream] status=Processing
[2016.11.25-03.25.58:970][947]LogModuleManager: Shutting down and abandoning module XMPP (15)
[2016.11.25-03.25.58:981][947]LogModuleManager: Shutting down and abandoning module TextureCompressor (14)
[2016.11.25-03.25.58:983][947]LogModuleManager: Shutting down and abandoning module ShaderCore (13)
[2016.11.25-03.25.58:983][947]LogModuleManager: Shutting down and abandoning module Landscape (12)
[2016.11.25-03.25.58:983][947]LogModuleManager: Shutting down and abandoning module SlateRHIRenderer (11)
[2016.11.25-03.25.58:999][947]LogModuleManager: Shutting down and abandoning module OpenGLDrv (10)
[2016.11.25-03.25.59:000][947]LogModuleManager: Shutting down and abandoning module D3D11RHI (9)
[2016.11.25-03.25.59:000][947]LogModuleManager: Shutting down and abandoning module AnimGraphRuntime (8)
[2016.11.25-03.25.59:000][947]LogModuleManager: Shutting down and abandoning module Renderer (7)
[2016.11.25-03.25.59:000][947]LogModuleManager: Shutting down and abandoning module Engine (6)
[2016.11.25-03.25.59:000][947]LogModuleManager: Shutting down and abandoning module CoreUObject (5)
[2016.11.25-03.25.59:000][947]LogModuleManager: Shutting down and abandoning module NetworkFile (4)
[2016.11.25-03.25.59:001][947]LogModuleManager: Shutting down and abandoning module StreamingFile (3)
[2016.11.25-03.25.59:001][947]LogModuleManager: Shutting down and abandoning module SandboxFile (2)
[2016.11.25-03.25.59:001][947]LogModuleManager: Shutting down and abandoning module PakFile (1)
[2016.11.25-03.25.59:005][947]LogExit: Exiting.
[2016.11.25-03.25.59:020][947]Log file closed, 11/25/16 14:25:59
