Log file open, 12/03/16 13:16:07
LogInit:Display: Running engine for game: TheDeepWest
LogPlatformFile: Not using cached read wrapper
LogInit:Display: RandInit(1236440240) SRandInit(1236440240).
LogTaskGraph: Started task graph with 5 named threads and 6 total threads with 1 sets of task threads.
LogStats: Stats thread started at 0.367836
LogPluginManager: Loaded Plugin Paper2D, From C:/Program Files (x86)/Epic Games/4.13/Engine/Plugins/2D/Paper2D/Paper2D.uplugin
LogPluginManager: Loaded Plugin LightPropagationVolume, From C:/Program Files (x86)/Epic Games/4.13/Engine/Plugins/Blendables/LightPropagationVolume/LightPropagationVolume.uplugin
LogPluginManager: Loaded Plugin BlankPlugin, From C:/Program Files (x86)/Epic Games/4.13/Engine/Plugins/Developer/BlankPlugin/BlankPlugin.uplugin
LogPluginManager: Loaded Plugin CodeLiteSourceCodeAccess, From C:/Program Files (x86)/Epic Games/4.13/Engine/Plugins/Developer/CodeLiteSourceCodeAccess/CodeLiteSourceCodeAccess.uplugin
LogPluginManager: Loaded Plugin GitSourceControl, From C:/Program Files (x86)/Epic Games/4.13/Engine/Plugins/Developer/GitSourceControl/GitSourceControl.uplugin
LogPluginManager: Loaded Plugin KDevelopSourceCodeAccess, From C:/Program Files (x86)/Epic Games/4.13/Engine/Plugins/Developer/KDevelopSourceCodeAccess/KDevelopSourceCodeAccess.uplugin
LogPluginManager: Loaded Plugin NullSourceCodeAccess, From C:/Program Files (x86)/Epic Games/4.13/Engine/Plugins/Developer/NullSourceCodeAccess/NullSourceCodeAccess.uplugin
LogPluginManager: Loaded Plugin OneSkyLocalizationService, From C:/Program Files (x86)/Epic Games/4.13/Engine/Plugins/Developer/OneSkyLocalizationService/OneSkyLocalizationService.uplugin
LogPluginManager: Loaded Plugin PerforceSourceControl, From C:/Program Files (x86)/Epic Games/4.13/Engine/Plugins/Developer/PerforceSourceControl/PerforceSourceControl.uplugin
LogPluginManager: Loaded Plugin SubversionSourceControl, From C:/Program Files (x86)/Epic Games/4.13/Engine/Plugins/Developer/SubversionSourceControl/SubversionSourceControl.uplugin
LogPluginManager: Loaded Plugin UObjectPlugin, From C:/Program Files (x86)/Epic Games/4.13/Engine/Plugins/Developer/UObjectPlugin/UObjectPlugin.uplugin
LogPluginManager: Loaded Plugin VisualStudioSourceCodeAccess, From C:/Program Files (x86)/Epic Games/4.13/Engine/Plugins/Developer/VisualStudioSourceCodeAccess/VisualStudioSourceCodeAccess.uplugin
LogPluginManager: Loaded Plugin XCodeSourceCodeAccess, From C:/Program Files (x86)/Epic Games/4.13/Engine/Plugins/Developer/XCodeSourceCodeAccess/XCodeSourceCodeAccess.uplugin
LogPluginManager: Loaded Plugin EpicSurvey, From C:/Program Files (x86)/Epic Games/4.13/Engine/Plugins/Editor/EpicSurvey/EpicSurvey.uplugin
LogPluginManager: Loaded Plugin MacGraphicsSwitching, From C:/Program Files (x86)/Epic Games/4.13/Engine/Plugins/Editor/MacGraphicsSwitching/MacGraphicsSwitching.uplugin
LogPluginManager: Loaded Plugin MobileLauncherProfileWizard, From C:/Program Files (x86)/Epic Games/4.13/Engine/Plugins/Editor/MobileLauncherProfileWizard/MobileLauncherProfileWizard.uplugin
LogPluginManager: Loaded Plugin PluginBrowser, From C:/Program Files (x86)/Epic Games/4.13/Engine/Plugins/Editor/PluginBrowser/PluginBrowser.uplugin
LogPluginManager: Loaded Plugin SpeedTreeImporter, From C:/Program Files (x86)/Epic Games/4.13/Engine/Plugins/Editor/SpeedTreeImporter/SpeedTreeImporter.uplugin
LogPluginManager: Loaded Plugin SuperSearchEditor, From C:/Program Files (x86)/Epic Games/4.13/Engine/Plugins/Editor/SuperSearchEditor/SuperSearchEditor.uplugin
LogPluginManager: Loaded Plugin AlembicImporter, From C:/Program Files (x86)/Epic Games/4.13/Engine/Plugins/Experimental/AlembicImporter/AlembicImporter.uplugin
LogPluginManager: Loaded Plugin BlueprintStats, From C:/Program Files (x86)/Epic Games/4.13/Engine/Plugins/Experimental/BlueprintStats/BlueprintStats.uplugin
LogPluginManager: Loaded Plugin CharacterAI, From C:/Program Files (x86)/Epic Games/4.13/Engine/Plugins/Experimental/CharacterAI/CharacterAI.uplugin
LogPluginManager: Loaded Plugin CodeEditor, From C:/Program Files (x86)/Epic Games/4.13/Engine/Plugins/Experimental/CodeEditor/CodeEditor.uplugin
LogPluginManager: Loaded Plugin CodeView, From C:/Program Files (x86)/Epic Games/4.13/Engine/Plugins/Experimental/CodeView/CodeView.uplugin
LogPluginManager: Loaded Plugin HTML5Networking, From C:/Program Files (x86)/Epic Games/4.13/Engine/Plugins/Experimental/HTML5Networking/HTML5Networking.uplugin
LogPluginManager: Loaded Plugin LiveEditor, From C:/Program Files (x86)/Epic Games/4.13/Engine/Plugins/Experimental/LiveEditor/LiveEditor.uplugin
LogPluginManager: Loaded Plugin OSVR, From C:/Program Files (x86)/Epic Games/4.13/Engine/Plugins/Experimental/OSVR/OSVR.uplugin
LogPluginManager: Loaded Plugin Phya, From C:/Program Files (x86)/Epic Games/4.13/Engine/Plugins/Experimental/Phya/Phya.uplugin
LogPluginManager: Loaded Plugin SignificanceManager, From C:/Program Files (x86)/Epic Games/4.13/Engine/Plugins/Experimental/SignificanceManager/SignificanceManager.uplugin
LogPluginManager: Loaded Plugin SimpleHMD, From C:/Program Files (x86)/Epic Games/4.13/Engine/Plugins/Experimental/SimpleHMD/SimpleHMD.uplugin
LogPluginManager: Loaded Plugin StereoPanorama, From C:/Program Files (x86)/Epic Games/4.13/Engine/Plugins/Experimental/StereoPanorama/StereoPanorama.uplugin
LogPluginManager: Loaded Plugin StructBox, From C:/Program Files (x86)/Epic Games/4.13/Engine/Plugins/Experimental/StructBox/StructBox.uplugin
LogPluginManager: Loaded Plugin AndroidMedia, From C:/Program Files (x86)/Epic Games/4.13/Engine/Plugins/Media/AndroidMedia/AndroidMedia.uplugin
LogPluginManager: Loaded Plugin AvfMedia, From C:/Program Files (x86)/Epic Games/4.13/Engine/Plugins/Media/AvfMedia/AvfMedia.uplugin
LogPluginManager: Loaded Plugin MediaPlayerEditor, From C:/Program Files (x86)/Epic Games/4.13/Engine/Plugins/Media/MediaPlayerEditor/MediaPlayerEditor.uplugin
LogPluginManager: Loaded Plugin WmfMedia, From C:/Program Files (x86)/Epic Games/4.13/Engine/Plugins/Media/WmfMedia/WmfMedia.uplugin
LogPluginManager: Loaded Plugin MessagingDebugger, From C:/Program Files (x86)/Epic Games/4.13/Engine/Plugins/Messaging/MessagingDebugger/MessagingDebugger.uplugin
LogPluginManager: Loaded Plugin TcpMessaging, From C:/Program Files (x86)/Epic Games/4.13/Engine/Plugins/Messaging/TcpMessaging/TcpMessaging.uplugin
LogPluginManager: Loaded Plugin UdpMessaging, From C:/Program Files (x86)/Epic Games/4.13/Engine/Plugins/Messaging/UdpMessaging/UdpMessaging.uplugin
LogPluginManager: Loaded Plugin LevelSequenceEditor, From C:/Program Files (x86)/Epic Games/4.13/Engine/Plugins/MovieScene/LevelSequenceEditor/LevelSequenceEditor.uplugin
LogPluginManager: Loaded Plugin MatineeToLevelSequence, From C:/Program Files (x86)/Epic Games/4.13/Engine/Plugins/MovieScene/MatineeToLevelSequence/MatineeToLevelSequence.uplugin
LogPluginManager: Loaded Plugin NetcodeUnitTest, From C:/Program Files (x86)/Epic Games/4.13/Engine/Plugins/NetcodeUnitTest/NetcodeUnitTest/NetcodeUnitTest.uplugin
LogPluginManager: Loaded Plugin NUTUnrealEngine4, From C:/Program Files (x86)/Epic Games/4.13/Engine/Plugins/NetcodeUnitTest/NUTUnrealEngine4/NUTUnrealEngine4.uplugin
LogPluginManager: Loaded Plugin OnlineSubsystemGooglePlay, From C:/Program Files (x86)/Epic Games/4.13/Engine/Plugins/Online/Android/OnlineSubsystemGooglePlay/OnlineSubsystemGooglePlay.uplugin
LogPluginManager: Loaded Plugin OnlineSubsystemIOS, From C:/Program Files (x86)/Epic Games/4.13/Engine/Plugins/Online/IOS/OnlineSubsystemIOS/OnlineSubsystemIOS.uplugin
LogPluginManager: Loaded Plugin OnlineFramework, From C:/Program Files (x86)/Epic Games/4.13/Engine/Plugins/Online/OnlineFramework/OnlineFramework.uplugin
LogPluginManager: Loaded Plugin OnlineSubsystem, From C:/Program Files (x86)/Epic Games/4.13/Engine/Plugins/Online/OnlineSubsystem/OnlineSubsystem.uplugin
LogPluginManager: Loaded Plugin OnlineSubsystemAmazon, From C:/Program Files (x86)/Epic Games/4.13/Engine/Plugins/Online/OnlineSubsystemAmazon/OnlineSubsystemAmazon.uplugin
LogPluginManager: Loaded Plugin OnlineSubsystemFacebook, From C:/Program Files (x86)/Epic Games/4.13/Engine/Plugins/Online/OnlineSubsystemFacebook/OnlineSubsystemFacebook.uplugin
LogPluginManager: Loaded Plugin OnlineSubsystemNull, From C:/Program Files (x86)/Epic Games/4.13/Engine/Plugins/Online/OnlineSubsystemNull/OnlineSubsystemNull.uplugin
LogPluginManager: Loaded Plugin OnlineSubsystemOculus, From C:/Program Files (x86)/Epic Games/4.13/Engine/Plugins/Online/OnlineSubsystemOculus/OnlineSubsystemOculus.uplugin
LogPluginManager: Loaded Plugin OnlineSubsystemSteam, From C:/Program Files (x86)/Epic Games/4.13/Engine/Plugins/Online/OnlineSubsystemSteam/OnlineSubsystemSteam.uplugin
LogPluginManager: Loaded Plugin OnlineSubsystemUtils, From C:/Program Files (x86)/Epic Games/4.13/Engine/Plugins/Online/OnlineSubsystemUtils/OnlineSubsystemUtils.uplugin
LogPluginManager: Loaded Plugin IOSTapJoy, From C:/Program Files (x86)/Epic Games/4.13/Engine/Plugins/Runtime/Advertising/IOSTapJoy/IOSTapJoy.uplugin
LogPluginManager: Loaded Plugin AnalyticsBlueprintLibrary, From C:/Program Files (x86)/Epic Games/4.13/Engine/Plugins/Runtime/Analytics/AnalyticsBlueprintLibrary/AnalyticsBlueprintLibrary.uplugin
LogPluginManager: Loaded Plugin AnalyticsMulticast, From C:/Program Files (x86)/Epic Games/4.13/Engine/Plugins/Runtime/Analytics/AnalyticsMulticast/AnalyticsMulticast.uplugin
LogPluginManager: Loaded Plugin Apsalar, From C:/Program Files (x86)/Epic Games/4.13/Engine/Plugins/Runtime/Analytics/Apsalar/Apsalar.uplugin
LogPluginManager: Loaded Plugin FileLogging, From C:/Program Files (x86)/Epic Games/4.13/Engine/Plugins/Runtime/Analytics/FileLogging/FileLogging.uplugin
LogPluginManager: Loaded Plugin Flurry, From C:/Program Files (x86)/Epic Games/4.13/Engine/Plugins/Runtime/Analytics/Flurry/Flurry.uplugin
LogPluginManager: Loaded Plugin AndroidDeviceProfileSelector, From C:/Program Files (x86)/Epic Games/4.13/Engine/Plugins/Runtime/AndroidDeviceProfileSelector/AndroidDeviceProfileSelector.uplugin
LogPluginManager: Loaded Plugin AndroidMoviePlayer, From C:/Program Files (x86)/Epic Games/4.13/Engine/Plugins/Runtime/AndroidMoviePlayer/AndroidMoviePlayer.uplugin
LogPluginManager: Loaded Plugin AppleMoviePlayer, From C:/Program Files (x86)/Epic Games/4.13/Engine/Plugins/Runtime/AppleMoviePlayer/AppleMoviePlayer.uplugin
LogPluginManager: Loaded Plugin ArchVisCharacter, From C:/Program Files (x86)/Epic Games/4.13/Engine/Plugins/Runtime/ArchVisCharacter/ArchVisCharacter.uplugin
LogPluginManager: Loaded Plugin CableComponent, From C:/Program Files (x86)/Epic Games/4.13/Engine/Plugins/Runtime/CableComponent/CableComponent.uplugin
LogPluginManager: Loaded Plugin CustomMeshComponent, From C:/Program Files (x86)/Epic Games/4.13/Engine/Plugins/Runtime/CustomMeshComponent/CustomMeshComponent.uplugin
LogPluginManager: Loaded Plugin ExampleDeviceProfileSelector, From C:/Program Files (x86)/Epic Games/4.13/Engine/Plugins/Runtime/ExampleDeviceProfileSelector/ExampleDeviceProfileSelector.uplugin
LogPluginManager: Loaded Plugin GearVR, From C:/Program Files (x86)/Epic Games/4.13/Engine/Plugins/Runtime/GearVR/GearVR.uplugin
LogPluginManager: Loaded Plugin GoogleVRController, From C:/Program Files (x86)/Epic Games/4.13/Engine/Plugins/Runtime/GoogleVR/GoogleVRController/GoogleVRController.uplugin
LogPluginManager: Loaded Plugin GoogleVRHMD, From C:/Program Files (x86)/Epic Games/4.13/Engine/Plugins/Runtime/GoogleVR/GoogleVRHMD/GoogleVRHMD.uplugin
LogPluginManager: Loaded Plugin IOSDeviceProfileSelector, From C:/Program Files (x86)/Epic Games/4.13/Engine/Plugins/Runtime/IOSDeviceProfileSelector/IOSDeviceProfileSelector.uplugin
LogPluginManager: Loaded Plugin LeapMotion, From C:/Program Files (x86)/Epic Games/4.13/Engine/Plugins/Runtime/LeapMotion/LeapMotion.uplugin
LogPluginManager: Loaded Plugin LinuxDeviceProfileSelector, From C:/Program Files (x86)/Epic Games/4.13/Engine/Plugins/Runtime/LinuxDeviceProfileSelector/LinuxDeviceProfileSelector.uplugin
LogPluginManager: Loaded Plugin LiveEditorListenServer, From C:/Program Files (x86)/Epic Games/4.13/Engine/Plugins/Runtime/LiveEditorListenServer/LiveEditorListenServer.uplugin
LogPluginManager: Loaded Plugin OculusAudio, From C:/Program Files (x86)/Epic Games/4.13/Engine/Plugins/Runtime/OculusAudio/OculusAudio.uplugin
LogPluginManager: Loaded Plugin OculusInput, From C:/Program Files (x86)/Epic Games/4.13/Engine/Plugins/Runtime/OculusInput/OculusInput.uplugin
LogPluginManager: Loaded Plugin OculusLibrary, From C:/Program Files (x86)/Epic Games/4.13/Engine/Plugins/Runtime/OculusLibrary/OculusLibrary.uplugin
LogPluginManager: Loaded Plugin OculusRift, From C:/Program Files (x86)/Epic Games/4.13/Engine/Plugins/Runtime/OculusRift/OculusRift.uplugin
LogPluginManager: Loaded Plugin Oodle, From C:/Program Files (x86)/Epic Games/4.13/Engine/Plugins/Runtime/PacketHandlers/CompressionComponents/Oodle/Oodle.uplugin
LogPluginManager: Loaded Plugin ProceduralMeshComponent, From C:/Program Files (x86)/Epic Games/4.13/Engine/Plugins/Runtime/ProceduralMeshComponent/ProceduralMeshComponent.uplugin
LogPluginManager: Loaded Plugin SoundMod, From C:/Program Files (x86)/Epic Games/4.13/Engine/Plugins/Runtime/SoundMod/SoundMod.uplugin
LogPluginManager: Loaded Plugin SoundVisualizations, From C:/Program Files (x86)/Epic Games/4.13/Engine/Plugins/Runtime/SoundVisualizations/SoundVisualizations.uplugin
LogPluginManager: Loaded Plugin SteamController, From C:/Program Files (x86)/Epic Games/4.13/Engine/Plugins/Runtime/Steam/SteamController/SteamController.uplugin
LogPluginManager: Loaded Plugin SteamVR, From C:/Program Files (x86)/Epic Games/4.13/Engine/Plugins/Runtime/Steam/SteamVR/SteamVR.uplugin
LogPluginManager: Loaded Plugin WebBrowserWidget, From C:/Program Files (x86)/Epic Games/4.13/Engine/Plugins/Runtime/WebBrowserWidget/WebBrowserWidget.uplugin
LogPluginManager: Loaded Plugin WindowsDeviceProfileSelector, From C:/Program Files (x86)/Epic Games/4.13/Engine/Plugins/Runtime/WindowsDeviceProfileSelector/WindowsDeviceProfileSelector.uplugin
LogPluginManager: Loaded Plugin WindowsMoviePlayer, From C:/Program Files (x86)/Epic Games/4.13/Engine/Plugins/Runtime/WindowsMoviePlayer/WindowsMoviePlayer.uplugin
LogPluginManager: Loaded Plugin ScriptPlugin, From C:/Program Files (x86)/Epic Games/4.13/Engine/Plugins/ScriptPlugin/ScriptPlugin.uplugin
LogPluginManager: Loaded Plugin SlateRemote, From C:/Program Files (x86)/Epic Games/4.13/Engine/Plugins/Slate/SlateRemote/SlateRemote.uplugin
LogInit: Using libcurl 7.47.1
LogInit:  - built for x86_64-pc-win32
LogInit:  - supports SSL with WinSSL
LogInit:  - other features:
LogInit:      CURL_VERSION_SSL
LogInit:      CURL_VERSION_IPV6
LogInit:      CURL_VERSION_ASYNCHDNS
LogInit:      CURL_VERSION_LARGEFILE
LogInit:      CURL_VERSION_IDN
LogInit:  CurlRequestOptions (configurable via config and command line):
LogInit:  - bVerifyPeer = false  - Libcurl will NOT verify peer certificate
LogInit:  - bUseHttpProxy = false  - Libcurl will NOT use HTTP proxy
LogInit:  - bDontReuseConnections = false  - Libcurl will reuse connections
LogInit:  - CertBundlePath = nullptr  - Libcurl will use whatever was configured at build time.
LogInit: Build: ++UE4+Release-4.13-CL-3172292
LogInit: Engine Version: 4.13.2-3172292+++UE4+Release-4.13
LogInit: Compatible Engine Version: 4.13.0-3106830+++UE4+Release-4.13
LogInit: Net CL: 3172292
LogDevObjectVersion: Number of dev versions registered: 13
LogDevObjectVersion:   Dev-Blueprints (B0D832E4-1F89-4F0D-ACCF-7EB736FD4AA2): 5
LogDevObjectVersion:   Dev-Build (E1C64328-A22C-4D53-A36C-8E866417BD8C): 0
LogDevObjectVersion:   Dev-Core (375EC13C-06E4-48FB-B500-84F0262A717E): 1
LogDevObjectVersion:   Dev-Editor (E4B068ED-F494-42E9-A231-DA0B2E46BB41): 6
LogDevObjectVersion:   Dev-Framework (CFFC743F-43B0-4480-9391-14DF171D2073): 12
LogDevObjectVersion:   Dev-Mobile (B02B49B5-BB20-44E9-A304-32B752E40360): 0
LogDevObjectVersion:   Dev-Networking (A4E4105C-59A1-49B5-A7C5-40C4547EDFEE): 0
LogDevObjectVersion:   Dev-Online (39C831C9-5AE6-47DC-9A44-9C173E1C8E7C): 0
LogDevObjectVersion:   Dev-Physics (78F01B33-EBEA-4F98-B9B4-84EACCB95AA2): 0
LogDevObjectVersion:   Dev-Platform (6631380F-2D4D-43E0-8009-CF276956A95A): 0
LogDevObjectVersion:   Dev-Rendering (12F88B9F-8875-4AFC-A67C-D90C383ABD29): 4
LogDevObjectVersion:   Dev-Sequencer (7B5AE74C-D270-4C10-A958-57980B212A5A): 0
LogDevObjectVersion:   Dev-VR (D7296918-1DD6-4BDD-9DE2-64A83CC13884): 0
LogInit: Compiled (64-bit): Oct 24 2016 14:29:06
LogInit: Compiled with Visual C++: 19.00.23026.00
LogInit: Build Configuration: Development
LogInit: Branch Name: ++UE4+Release-4.13
LogInit: Command line:  
LogInit: Base directory: C:/Program Files (x86)/Epic Games/4.13/Engine/Binaries/Win64/
LogInit: Installed Engine Build: 1
LogInit: Presizing for max 8388607 objects, including 0 objects not considered by GC, pre-allocating 0 bytes for permanent pool.
LogInit: Object subsystem initialized
[2016.12.03-02.16.08:359][  0]LogInit: Selected Device Profile: [Windows]
[2016.12.03-02.16.08:359][  0]LogInit: Applying CVar settings loaded from the selected device profile: [Windows]
[2016.12.03-02.16.08:381][  0]LogInit: Computer: CRUCIBLEPC
[2016.12.03-02.16.08:381][  0]LogInit: User: Zac
[2016.12.03-02.16.08:381][  0]LogInit: CPU Page size=65536, Cores=2
[2016.12.03-02.16.08:381][  0]LogInit: High frequency timer resolution =3.506894 MHz
[2016.12.03-02.16.08:382][  0]LogMemory: Memory total: Physical=7.9GB (8GB approx)
[2016.12.03-02.16.08:382][  0]LogMemory: Platform Memory Stats for Windows
[2016.12.03-02.16.08:382][  0]LogMemory: Process Physical Memory: 256.15 MB used, 256.15 MB peak
[2016.12.03-02.16.08:382][  0]LogMemory: Process Virtual Memory: 260.46 MB used, 260.46 MB peak
[2016.12.03-02.16.08:382][  0]LogMemory: Physical Memory: 3214.90 MB used, 8135.47 MB total
[2016.12.03-02.16.08:382][  0]LogMemory: Virtual Memory: 589.64 MB used, 8388608.00 MB total
[2016.12.03-02.16.09:020][  0]LogTextLocalizationManager: No specific translations for ('en-AU') exist, so ('en') translations will be used.
[2016.12.03-02.16.10:430][  0]LogD3D11RHI: D3D11 adapters:
[2016.12.03-02.16.10:455][  0]LogD3D11RHI:    0. 'AMD Radeon (TM) R9 390 Series' (Feature Level 11_0)
[2016.12.03-02.16.10:455][  0]LogD3D11RHI:       8168/0/3811 MB DedicatedVideo/DedicatedSystem/SharedSystem, Outputs:1, VendorId:0x1002
[2016.12.03-02.16.10:455][  0]LogD3D11RHI: Chosen D3D11 Adapter: 0
[2016.12.03-02.16.10:466][  0]LogD3D11RHI: Creating new Direct3DDevice
[2016.12.03-02.16.10:466][  0]LogD3D11RHI:     GPU DeviceId: 0x67b0 (for the marketing name, search the web for "GPU Device Id")
[2016.12.03-02.16.10:466][  0]LogWindows: EnumDisplayDevices:
[2016.12.03-02.16.10:466][  0]LogWindows:    0. 'AMD Radeon (TM) R9 390 Series' (P:1 D:1)
[2016.12.03-02.16.10:467][  0]LogWindows:    1. 'AMD Radeon (TM) R9 390 Series' (P:0 D:0)
[2016.12.03-02.16.10:468][  0]LogWindows:    2. 'AMD Radeon (TM) R9 390 Series' (P:0 D:0)
[2016.12.03-02.16.10:468][  0]LogWindows:    3. 'AMD Radeon (TM) R9 390 Series' (P:0 D:0)
[2016.12.03-02.16.10:469][  0]LogWindows:    4. 'AMD Radeon (TM) R9 390 Series' (P:0 D:0)
[2016.12.03-02.16.10:470][  0]LogWindows:    5. 'AMD Radeon (TM) R9 390 Series' (P:0 D:0)
[2016.12.03-02.16.10:470][  0]LogWindows:    6. 'RDPDD Chained DD' (P:0 D:0)
[2016.12.03-02.16.10:471][  0]LogWindows:    7. 'RDP Encoder Mirror Driver' (P:0 D:0)
[2016.12.03-02.16.10:471][  0]LogWindows:    8. 'RDP Reflector Display Driver' (P:0 D:0)
[2016.12.03-02.16.10:472][  0]LogWindows: DebugString: GetVideoDriverDetailsInvalid PrimaryIsNotTheChoosenAdapter GetVideoDriverDetailsInvalid PrimaryIsNotTheChoosenAdapter GetVideoDriverDetailsInvalid PrimaryIsNotTheChoosenAdapter FoundDriverCount:6 
[2016.12.03-02.16.10:472][  0]LogD3D11RHI:     Adapter Name: AMD Radeon (TM) R9 390 Series
[2016.12.03-02.16.10:472][  0]LogD3D11RHI:   Driver Version: Crimson 16.10.1 (internal:21.19.151.3, unified:21.19.151.3)
[2016.12.03-02.16.10:472][  0]LogD3D11RHI:      Driver Date: 10-4-2016
[2016.12.03-02.16.10:472][  0]LogRHI: Texture pool is 1361 MB (70% of 1945 MB)
[2016.12.03-02.16.10:489][  0]LogD3D11RHI: Async texture creation enabled
[2016.12.03-02.16.10:510][  0]LogD3D11RHI: GPU Timing Frequency: 27.000000 (Debug: 2 1)
[2016.12.03-02.16.10:513][  0]LogShaderCompilers: Guid format shader working directory is -5 characters bigger than the processId version (../../../../../../Users/Zac/Desktop/The-Deep-West/Intermediate/Shaders/WorkingDirectory/4216/).
[2016.12.03-02.16.10:513][  0]LogShaderCompilers: Cleaned the shader compiler working directory 'C:/Users/Zac/AppData/Local/Temp/UnrealShaderWorkingDir/153BFA4E4E9D1D4C42825C86E7496956/'.
[2016.12.03-02.16.10:513][  0]LogShaderCompilers:Display: Using Local Shader Compiler.
[2016.12.03-02.16.13:416][  0]LogTemp:Display: Loaded TP AllDesktopTargetPlatform
[2016.12.03-02.16.13:453][  0]LogTemp:Display: Loaded TP WindowsClientTargetPlatform
[2016.12.03-02.16.13:492][  0]LogTemp:Display: Loaded TP WindowsNoEditorTargetPlatform
[2016.12.03-02.16.13:549][  0]LogTemp:Display: Loaded TP WindowsServerTargetPlatform
[2016.12.03-02.16.13:610][  0]LogTemp:Display: Loaded TP WindowsTargetPlatform
[2016.12.03-02.16.13:667][  0]LogTemp:Display: Loaded TP AndroidTargetPlatform
[2016.12.03-02.16.13:728][  0]LogTemp:Display: Loaded TP Android_ASTCTargetPlatform
[2016.12.03-02.16.13:783][  0]LogTemp:Display: Loaded TP Android_ATCTargetPlatform
[2016.12.03-02.16.13:838][  0]LogTemp:Display: Loaded TP Android_DXTTargetPlatform
[2016.12.03-02.16.13:894][  0]LogTemp:Display: Loaded TP Android_ETC1TargetPlatform
[2016.12.03-02.16.13:950][  0]LogTemp:Display: Loaded TP Android_ETC2TargetPlatform
[2016.12.03-02.16.14:065][  0]LogTemp:Display: Loaded TP Android_MultiTargetPlatform
[2016.12.03-02.16.14:065][  0]LogTemp:Display: Loaded TP Android_PVRTCTargetPlatform
[2016.12.03-02.16.14:101][  0]LogTemp:Display: Loaded TP HTML5TargetPlatform
[2016.12.03-02.16.14:233][  0]LogTemp:Display: Loaded TP IOSTargetPlatform
[2016.12.03-02.16.14:274][  0]LogTemp:Display: Loaded TP TVOSTargetPlatform
[2016.12.03-02.16.14:320][  0]LogTemp:Display: Loaded TP LinuxClientTargetPlatform
[2016.12.03-02.16.14:363][  0]LogTemp:Display: Loaded TP LinuxNoEditorTargetPlatform
[2016.12.03-02.16.14:406][  0]LogTemp:Display: Loaded TP LinuxServerTargetPlatform
[2016.12.03-02.16.14:453][  0]LogTemp:Display: Loaded TP LinuxTargetPlatform
[2016.12.03-02.16.14:453][  0]LogTargetPlatformManager:Display: Building Assets For Windows
[2016.12.03-02.16.15:669][  0]LogDerivedDataCache:Display: Max Cache Size: 512 MB
[2016.12.03-02.16.15:995][  0]LogDerivedDataCache: Loaded boot cache 0.32s 62MB C:/Users/Zac/AppData/Local/UnrealEngine/4.13/DerivedDataCache/Boot.ddc.
[2016.12.03-02.16.15:995][  0]LogDerivedDataCache:Display: Loaded Boot cache: C:/Users/Zac/AppData/Local/UnrealEngine/4.13/DerivedDataCache/Boot.ddc
[2016.12.03-02.16.15:995][  0]LogDerivedDataCache: FDerivedDataBackendGraph:  Pak pak cache file ../../../../../../Users/Zac/Desktop/The-Deep-West/DerivedDataCache/DDC.ddp not found, will not use a pak cache.
[2016.12.03-02.16.15:995][  0]LogDerivedDataCache: Unable to find inner node Pak for hierarchical cache Hierarchy.
[2016.12.03-02.16.15:995][  0]LogDerivedDataCache: FDerivedDataBackendGraph:  CompressedPak pak cache file ../../../../../../Users/Zac/Desktop/The-Deep-West/DerivedDataCache/Compressed.ddp not found, will not use a pak cache.
[2016.12.03-02.16.15:995][  0]LogDerivedDataCache: Unable to find inner node CompressedPak for hierarchical cache Hierarchy.
[2016.12.03-02.16.16:041][  0]LogDerivedDataCache:Display: Pak cache opened for reading ../../../Engine/DerivedDataCache/Compressed.ddp.
[2016.12.03-02.16.16:054][  0]LogDerivedDataCache: Using Local data cache path C:/Users/Zac/AppData/Local/UnrealEngine/Common/DerivedDataCache: Writable
[2016.12.03-02.16.16:881][  0]LogInit: Selected Device Profile: [Windows]
[2016.12.03-02.16.16:894][  0]LogMaterial: Uniform references updated for custom material expression Custom.
[2016.12.03-02.16.16:897][  0]LogContentStreaming: Texture pool size is 0.00 MB
[2016.12.03-02.16.17:307][  0]LogMeshUtilities: No automatic mesh reduction module available
[2016.12.03-02.16.17:307][  0]LogMeshUtilities: No automatic mesh merging module available
[2016.12.03-02.16.17:307][  0]LogMeshUtilities: No distributed automatic mesh merging module available
[2016.12.03-02.16.18:345][  0]LogNetVersion: GetLocalNetworkVersion: CL: 3106830, ProjectName: thedeepwest, ProjectVersion: , EngineNetworkVersion: 1, GameNetworkVersion: 0, NetworkChecksum: 3813382272
[2016.12.03-02.16.18:453][  0]LogAssetRegistry: FAssetRegistry took 0.0205 seconds to start up
[2016.12.03-02.16.18:514][  0]LogPackageLocalizationCache: Processed 3 localized package path(s) for 2 prioritized culture(s) in 0.048012 seconds
[2016.12.03-02.16.18:526][  0]LogUObjectArray: 29778 objects as part of root set at end of initial load.
[2016.12.03-02.16.18:526][  0]LogUObjectAllocator: 6125448 out of 0 bytes used by permanent object pool.
[2016.12.03-02.16.18:526][  0]LogUObjectArray: CloseDisregardForGC: 0/0 objects in disregard for GC pool
[2016.12.03-02.16.18:589][  0]LogInit: WinSock: version 1.1 (2.2), MaxSocks=32767, MaxUdp=65467
[2016.12.03-02.16.22:029][  0]LogSlate: SlateFontCache - WITH_FREETYPE: 1, WITH_HARFBUZZ: 1
[2016.12.03-02.16.22:029][  0]LogSlate: SlateFontCache - WITH_FREETYPE: 1, WITH_HARFBUZZ: 1
[2016.12.03-02.16.24:585][  0]LogTcpMessaging: Initializing TcpMessaging bridge
[2016.12.03-02.16.24:671][  0]LogUdpMessaging: Initializing bridge on interface 0.0.0.0:0 to multicast group 230.0.0.1:6666.
[2016.12.03-02.16.25:834][  0]SourceControl: Info Source control is disabled
[2016.12.03-02.16.26:366][  0]SourceControl: Info Source control is disabled
[2016.12.03-02.16.26:484][  0]SourceControl: Info Source control is disabled
[2016.12.03-02.16.26:572][  0]SourceControl: Info Source control is disabled
[2016.12.03-02.16.29:008][  0]LogEngine: Initializing Engine...
[2016.12.03-02.16.29:010][  0]LogHMD: Failed to initialize OpenVR with code 110
[2016.12.03-02.16.29:458][  0]LogAIModule: Creating AISystem for world Untitled
[2016.12.03-02.16.29:577][  0]LogInit: XAudio2 using '1 - LG IPS FULLHD (AMD High Definition Audio Device)' : 2 channels at 48 kHz using 16 bits per sample (channel mask 0x3)
[2016.12.03-02.16.29:767][  0]LogInit: FAudioDevice initialized.
[2016.12.03-02.16.29:878][  0]LogDerivedDataCache: Saved boot cache 0.11s 62MB C:/Users/Zac/AppData/Local/UnrealEngine/4.13/DerivedDataCache/Boot.ddc.
[2016.12.03-02.16.29:905][  0]LogInit: Texture streaming: Enabled
[2016.12.03-02.16.30:626][  0]LogInit: Transaction tracking system initialized
[2016.12.03-02.16.31:065][  0]BlueprintLog: New page: Editor Load
[2016.12.03-02.16.32:605][  0]LocalizationService: Info Localization service is disabled
[2016.12.03-02.16.33:461][  0]LogConsoleResponse:Display: 
[2016.12.03-02.16.33:841][  0]LogCook:Display: Max memory allowance for cook 16384mb min free memory 0mb
[2016.12.03-02.16.33:841][  0]LogCook:Display: Mobile HDR setting 1
[2016.12.03-02.16.33:971][  0]LogFileCache: Scanning file cache for directory 'C:/Users/Zac/Desktop/The-Deep-West/Content/' took 0.04s
[2016.12.03-02.16.35:111][  0]SourceControl: Info Source control is disabled
[2016.12.03-02.16.35:111][  0]Cmd: MAP LOAD FILE="../../../../../../Users/Zac/Desktop/The-Deep-West/Content/Maps/Greybox2.umap" TEMPLATE=0 SHOWPROGRESS=1 FEATURELEVEL=3
[2016.12.03-02.16.35:112][  0]LightingResults: New page: Lighting Build
[2016.12.03-02.16.35:122][  0]MapCheck: New page: Map Check
[2016.12.03-02.16.35:122][  0]LightingResults: New page: Lighting Build
[2016.12.03-02.16.40:885][  0]LogLinker:Warning: Can't find file '/Game/ModularKit/FBX/OldOrange_TEX'
[2016.12.03-02.16.40:885][  0]LogLinker:Warning: Can't find file for asset '/Game/ModularKit/FBX/OldOrange_TEX' while loading ../../../../../../Users/Zac/Desktop/The-Deep-West/Content/Bills_Stuff/ModularKit/FBX/Material_001.uasset.
[2016.12.03-02.16.40:885][  0]LoadErrors:Error: Error /Game/Bills_Stuff/ModularKit/FBX/Material_001 : Can't find file for asset. /Game/ModularKit/FBX/OldOrange_TEX
[2016.12.03-02.16.40:886][  0]LogLinker:Warning: Can't find file '/Game/ModularKit/FBX/OldOrange_TEX'
[2016.12.03-02.16.40:886][  0]LogLinker:Warning: Can't find file for asset '/Game/ModularKit/FBX/OldOrange_TEX' while loading ../../../../../../Users/Zac/Desktop/The-Deep-West/Content/Bills_Stuff/ModularKit/FBX/Material_001.uasset.
[2016.12.03-02.16.40:886][  0]LoadErrors:Error: Error /Game/Bills_Stuff/ModularKit/FBX/Material_001 : Can't find file for asset. /Game/ModularKit/FBX/OldOrange_TEX
[2016.12.03-02.16.41:248][  0]LogLinker:Warning: Can't find file '/Game/ModularKit/FBX/OldOrange_TEX'
[2016.12.03-02.16.41:248][  0]LoadErrors: Info Failed to load /Game/ModularKit/FBX/OldOrange_TEX.OldOrange_TEX Referenced by MaterialExpressionTextureSample_0
[2016.12.03-02.16.41:249][  0]LogLinker:Warning: Can't find file for asset '/Game/ModularKit/FBX/OldOrange_TEX' while loading NULL.
[2016.12.03-02.16.41:249][  0]LoadErrors: Info Failed to load /Game/ModularKit/FBX/OldOrange_TEX.OldOrange_TEX Referenced by MaterialExpressionTextureSample_0
[2016.12.03-02.16.43:926][  0]LogMaterial: Missing cached shader map for material Material_001, compiling. 
[2016.12.03-02.16.43:927][  0]LogMaterial:Warning: Failed to compile Material /Game/Bills_Stuff/ModularKit/FBX/Material_001.Material_001 for platform PCD3D_SM5, Default Material will be used in game.
[2016.12.03-02.16.43:927][  0]LogMaterial:Warning: 	(Node TextureSample) TextureSample> Missing input texture
[2016.12.03-02.16.44:096][  0]LogAIModule: Creating AISystem for world Greybox2
[2016.12.03-02.16.44:164][  0]LogScriptCore:Warning: Script Msg: Attempted to access index 3 from array AllDialogueLines of length 1!
[2016.12.03-02.16.44:164][  0]LogScriptCore:Warning: 
[2016.12.03-02.16.44:164][  0]LogScriptCore:Warning: Script Msg: Attempted to access index 2 from array AllDialogueLines of length 1!
[2016.12.03-02.16.44:164][  0]LogScriptCore:Warning: 
[2016.12.03-02.16.44:164][  0]LogScriptCore:Warning: Script Msg: Attempted to access index 1 from array AllDialogueLines of length 1!
[2016.12.03-02.16.44:164][  0]LogScriptCore:Warning: 
[2016.12.03-02.16.44:167][  0]LogEditorServer: Finished looking for orphan Actors (0.000 secs)
[2016.12.03-02.16.44:171][  0]Cmd: MAP CHECKDEP NOCLEARLOG
[2016.12.03-02.16.44:299][  0]MapCheck: Info Map check complete: 0 Error(s), 0 Warning(s), took 127.224ms to complete.
[2016.12.03-02.16.44:299][  0]LogFileHelpers: Loading map 'Greybox2' took 9.187
[2016.12.03-02.16.44:608][  0]LogCollectionManager: Loaded 0 collections in 0.006049 seconds
[2016.12.03-02.16.44:672][  0]LogFileCache: Scanning file cache for directory 'C:/Users/Zac/Desktop/The-Deep-West/Saved/Collections/' took 0.01s
[2016.12.03-02.16.44:672][  0]LogFileCache: Scanning file cache for directory 'C:/Users/Zac/Desktop/The-Deep-West/Content/Developers/Zac/Collections/' took 0.01s
[2016.12.03-02.16.44:672][  0]LogFileCache: Scanning file cache for directory 'C:/Users/Zac/Desktop/The-Deep-West/Content/Collections/' took 0.01s
[2016.12.03-02.16.44:672][  0]LogCollectionManager: Rebuilt the GUID cache for 0 collections in 0.000017 seconds
[2016.12.03-02.16.44:701][  0]LogContentBrowser: Native class hierarchy populated in 0.0283 seconds. Added 2141 classes and 415 folders.
[2016.12.03-02.16.44:716][  0]LogStats: UGameplayTagsManager::ConstructGameplayTagTree: Construct from data asset -  0.000 s
[2016.12.03-02.16.44:716][  0]LogStats: UGameplayTagsManager::ConstructGameplayTagTree: GameplayTagTreeChangedEvent.Broadcast -  0.000 s
[2016.12.03-02.16.44:718][  0]LogContentBrowser: Native class hierarchy updated for 'GameplayTags' in 0.0013 seconds. Added 12 classes and 0 folders.
[2016.12.03-02.16.44:741][  0]LogContentBrowser: Native class hierarchy updated for 'WidgetCarousel' in 0.0010 seconds. Added 0 classes and 0 folders.
[2016.12.03-02.16.44:944][  0]LogContentBrowser: Native class hierarchy updated for 'AddContentDialog' in 0.0010 seconds. Added 0 classes and 0 folders.
[2016.12.03-02.16.45:039][  0]LogContentBrowser: Native class hierarchy updated for 'SceneOutliner' in 0.0013 seconds. Added 1 classes and 2 folders.
[2016.12.03-02.16.45:114][  0]LogCrashTracker: Crashtracker disabled due to settings.
[2016.12.03-02.16.45:126][  0]LogUObjectGlobals:Warning: Failed to find object 'Class None.'
[2016.12.03-02.16.45:228][  0]LogContentBrowser: Native class hierarchy updated for 'HierarchicalLODOutliner' in 0.0012 seconds. Added 1 classes and 2 folders.
[2016.12.03-02.16.45:229][  0]LogLoad: (Engine Initialization) Total time: 39.99 seconds
[2016.12.03-02.16.45:229][  0]LogLoad: (Engine Initialization) Total Blueprint compile time: 3.61 seconds
[2016.12.03-02.16.45:229][  0]LogExternalProfiler: Found external profiler: VSPerf
[2016.12.03-02.16.45:229][  0]LogExternalProfiler: Using external profiler: VSPerf
[2016.12.03-02.16.45:569][  0]LogOcInput: OculusInput pre-init called
[2016.12.03-02.16.45:596][  0]LogContentStreaming: Texture pool size now 1000 MB
[2016.12.03-02.16.46:257][  3]LogRenderer: Reallocating scene render targets to support 128x128 (Frame:1).
[2016.12.03-02.16.46:577][  3]LogAssetRegistry: Asset discovery search completed in 28.1433 seconds
[2016.12.03-02.16.46:577][  3]LogCollectionManager: Rebuilt the object cache for 0 collections in 0.000001 seconds (found 0 objects)
[2016.12.03-02.16.46:577][  3]LogCollectionManager: Fixed up redirectors for 0 collections in 0.000080 seconds (updated 0 objects)
[2016.12.03-02.16.47:129][  5]LogRenderer: Reallocating scene render targets to support 256x256 (Frame:2).
[2016.12.03-02.16.47:129][  5]LogRenderer: Reallocating scene render targets to support 1168x600 (Frame:2).
[2016.12.03-02.16.49:403][182]LogEditorViewport: Clicking on Actor (LMB): ConversableNPC_C (ConversableNPC2)
[2016.12.03-02.16.54:986][580]LogScript:Warning: Accessed None trying to read property CallFunc_GetPlayerCharacter_ReturnValue16
	TexDawn_AnimBP_C /Engine/Transient.World_0:PersistentLevel.ThirdPersonCharacter_C_0.CharacterMesh0.TexDawn_AnimBP_C_0
	Function /Game/Animations/Tex_Dawn/TexDawn_AnimBP.TexDawn_AnimBP_C:ExecuteUbergraph_TexDawn_AnimBP:08AB
[2016.12.03-02.16.54:986][580]LogScript:Warning: Accessed None
	TexDawn_AnimBP_C /Engine/Transient.World_0:PersistentLevel.ThirdPersonCharacter_C_0.CharacterMesh0.TexDawn_AnimBP_C_0
	Function /Game/Animations/Tex_Dawn/TexDawn_AnimBP.TexDawn_AnimBP_C:ExecuteUbergraph_TexDawn_AnimBP:08C0
[2016.12.03-02.16.54:986][580]LogScript:Warning: Accessed None trying to read property CallFunc_GetPlayerCharacter_ReturnValue15
	TexDawn_AnimBP_C /Engine/Transient.World_0:PersistentLevel.ThirdPersonCharacter_C_0.CharacterMesh0.TexDawn_AnimBP_C_0
	Function /Game/Animations/Tex_Dawn/TexDawn_AnimBP.TexDawn_AnimBP_C:ExecuteUbergraph_TexDawn_AnimBP:0C3A
[2016.12.03-02.16.54:987][580]LogScript:Warning: Accessed None trying to read property CallFunc_GetPlayerCharacter_ReturnValue15
	TexDawn_AnimBP_C /Engine/Transient.World_0:PersistentLevel.ThirdPersonCharacter_C_0.CharacterMesh0.TexDawn_AnimBP_C_0
	Function /Game/Animations/Tex_Dawn/TexDawn_AnimBP.TexDawn_AnimBP_C:ExecuteUbergraph_TexDawn_AnimBP:0C8E
[2016.12.03-02.16.54:987][580]LogScript:Warning: Accessed None
	TexDawn_AnimBP_C /Engine/Transient.World_0:PersistentLevel.ThirdPersonCharacter_C_0.CharacterMesh0.TexDawn_AnimBP_C_0
	Function /Game/Animations/Tex_Dawn/TexDawn_AnimBP.TexDawn_AnimBP_C:ExecuteUbergraph_TexDawn_AnimBP:0CA3
[2016.12.03-02.16.57:916][711]LogContentBrowser: Native class hierarchy updated for 'BlueprintGraph' in 0.0014 seconds. Added 112 classes and 0 folders.
[2016.12.03-02.17.04:246][955]LogScriptCore:Warning: Script Msg: Attempted to access index 3 from array AllDialogueLines of length 1!
[2016.12.03-02.17.04:246][955]LogScriptCore:Warning: 
[2016.12.03-02.17.04:246][955]LogScriptCore:Warning: Script Msg: Attempted to access index 2 from array AllDialogueLines of length 1!
[2016.12.03-02.17.04:246][955]LogScriptCore:Warning: 
[2016.12.03-02.17.04:246][955]LogScriptCore:Warning: Script Msg: Attempted to access index 1 from array AllDialogueLines of length 1!
[2016.12.03-02.17.04:247][955]LogScriptCore:Warning: 
[2016.12.03-02.17.04:253][955]LogScriptCore:Warning: Script Msg: Attempted to access index 3 from array AllDialogueLines of length 1!
[2016.12.03-02.17.04:253][955]LogScriptCore:Warning: 
[2016.12.03-02.17.04:253][955]LogScriptCore:Warning: Script Msg: Attempted to access index 2 from array AllDialogueLines of length 1!
[2016.12.03-02.17.04:253][955]LogScriptCore:Warning: 
[2016.12.03-02.17.04:253][955]LogScriptCore:Warning: Script Msg: Attempted to access index 1 from array AllDialogueLines of length 1!
[2016.12.03-02.17.04:253][955]LogScriptCore:Warning: 
[2016.12.03-02.17.04:255][955]LogScriptCore:Warning: Script Msg: Attempted to access index 3 from array AllDialogueLines of length 1!
[2016.12.03-02.17.04:255][955]LogScriptCore:Warning: 
[2016.12.03-02.17.04:255][955]LogScriptCore:Warning: Script Msg: Attempted to access index 2 from array AllDialogueLines of length 1!
[2016.12.03-02.17.04:255][955]LogScriptCore:Warning: 
[2016.12.03-02.17.04:255][955]LogScriptCore:Warning: Script Msg: Attempted to access index 1 from array AllDialogueLines of length 1!
[2016.12.03-02.17.04:255][955]LogScriptCore:Warning: 
[2016.12.03-02.17.04:261][955]LogScriptCore:Warning: Script Msg: Attempted to access index 3 from array AllDialogueLines of length 1!
[2016.12.03-02.17.04:261][955]LogScriptCore:Warning: 
[2016.12.03-02.17.04:261][955]LogScriptCore:Warning: Script Msg: Attempted to access index 2 from array AllDialogueLines of length 1!
[2016.12.03-02.17.04:261][955]LogScriptCore:Warning: 
[2016.12.03-02.17.04:261][955]LogScriptCore:Warning: Script Msg: Attempted to access index 1 from array AllDialogueLines of length 1!
[2016.12.03-02.17.04:261][955]LogScriptCore:Warning: 
[2016.12.03-02.17.04:267][955]LogScriptCore:Warning: Script Msg: Attempted to access index 3 from array AllDialogueLines of length 1!
[2016.12.03-02.17.04:267][955]LogScriptCore:Warning: 
[2016.12.03-02.17.04:267][955]LogScriptCore:Warning: Script Msg: Attempted to access index 2 from array AllDialogueLines of length 1!
[2016.12.03-02.17.04:267][955]LogScriptCore:Warning: 
[2016.12.03-02.17.04:267][955]LogScriptCore:Warning: Script Msg: Attempted to access index 1 from array AllDialogueLines of length 1!
[2016.12.03-02.17.04:267][955]LogScriptCore:Warning: 
[2016.12.03-02.17.04:269][955]LogScriptCore:Warning: Script Msg: Attempted to access index 3 from array AllDialogueLines of length 1!
[2016.12.03-02.17.04:269][955]LogScriptCore:Warning: 
[2016.12.03-02.17.04:269][955]LogScriptCore:Warning: Script Msg: Attempted to access index 2 from array AllDialogueLines of length 1!
[2016.12.03-02.17.04:269][955]LogScriptCore:Warning: 
[2016.12.03-02.17.04:269][955]LogScriptCore:Warning: Script Msg: Attempted to access index 1 from array AllDialogueLines of length 1!
[2016.12.03-02.17.04:269][955]LogScriptCore:Warning: 
[2016.12.03-02.17.04:506][962]LogScriptCore:Warning: Script Msg: Attempted to access index 3 from array AllDialogueLines of length 2!
[2016.12.03-02.17.04:506][962]LogScriptCore:Warning: 
[2016.12.03-02.17.04:507][962]LogScriptCore:Warning: Script Msg: Attempted to access index 2 from array AllDialogueLines of length 2!
[2016.12.03-02.17.04:507][962]LogScriptCore:Warning: 
[2016.12.03-02.17.04:512][962]LogScriptCore:Warning: Script Msg: Attempted to access index 3 from array AllDialogueLines of length 2!
[2016.12.03-02.17.04:512][962]LogScriptCore:Warning: 
[2016.12.03-02.17.04:512][962]LogScriptCore:Warning: Script Msg: Attempted to access index 2 from array AllDialogueLines of length 2!
[2016.12.03-02.17.04:512][962]LogScriptCore:Warning: 
[2016.12.03-02.17.04:514][962]LogScriptCore:Warning: Script Msg: Attempted to access index 3 from array AllDialogueLines of length 2!
[2016.12.03-02.17.04:514][962]LogScriptCore:Warning: 
[2016.12.03-02.17.04:514][962]LogScriptCore:Warning: Script Msg: Attempted to access index 2 from array AllDialogueLines of length 2!
[2016.12.03-02.17.04:514][962]LogScriptCore:Warning: 
[2016.12.03-02.17.04:517][962]LogScriptCore:Warning: Script Msg: Attempted to access index 3 from array AllDialogueLines of length 2!
[2016.12.03-02.17.04:518][962]LogScriptCore:Warning: 
[2016.12.03-02.17.04:518][962]LogScriptCore:Warning: Script Msg: Attempted to access index 2 from array AllDialogueLines of length 2!
[2016.12.03-02.17.04:518][962]LogScriptCore:Warning: 
[2016.12.03-02.17.04:524][962]LogScriptCore:Warning: Script Msg: Attempted to access index 3 from array AllDialogueLines of length 2!
[2016.12.03-02.17.04:524][962]LogScriptCore:Warning: 
[2016.12.03-02.17.04:524][962]LogScriptCore:Warning: Script Msg: Attempted to access index 2 from array AllDialogueLines of length 2!
[2016.12.03-02.17.04:524][962]LogScriptCore:Warning: 
[2016.12.03-02.17.04:526][962]LogScriptCore:Warning: Script Msg: Attempted to access index 3 from array AllDialogueLines of length 2!
[2016.12.03-02.17.04:526][962]LogScriptCore:Warning: 
[2016.12.03-02.17.04:526][962]LogScriptCore:Warning: Script Msg: Attempted to access index 2 from array AllDialogueLines of length 2!
[2016.12.03-02.17.04:526][962]LogScriptCore:Warning: 
[2016.12.03-02.17.04:708][966]LogScriptCore:Warning: Script Msg: Attempted to access index 3 from array AllDialogueLines of length 3!
[2016.12.03-02.17.04:708][966]LogScriptCore:Warning: 
[2016.12.03-02.17.04:714][966]LogScriptCore:Warning: Script Msg: Attempted to access index 3 from array AllDialogueLines of length 3!
[2016.12.03-02.17.04:714][966]LogScriptCore:Warning: 
[2016.12.03-02.17.04:715][966]LogScriptCore:Warning: Script Msg: Attempted to access index 3 from array AllDialogueLines of length 3!
[2016.12.03-02.17.04:716][966]LogScriptCore:Warning: 
[2016.12.03-02.17.04:719][966]LogScriptCore:Warning: Script Msg: Attempted to access index 3 from array AllDialogueLines of length 3!
[2016.12.03-02.17.04:719][966]LogScriptCore:Warning: 
[2016.12.03-02.17.04:724][966]LogScriptCore:Warning: Script Msg: Attempted to access index 3 from array AllDialogueLines of length 3!
[2016.12.03-02.17.04:724][966]LogScriptCore:Warning: 
[2016.12.03-02.17.04:726][966]LogScriptCore:Warning: Script Msg: Attempted to access index 3 from array AllDialogueLines of length 3!
[2016.12.03-02.17.04:726][966]LogScriptCore:Warning: 
[2016.12.03-02.17.44:298][800]Cmd: OBJ SAVEPACKAGE PACKAGE="/Game/Maps/Greybox2" FILE="../../../../../../Users/Zac/Desktop/The-Deep-West/Content/Maps/Greybox2.umap" SILENT=true AUTOSAVING=false KEEPDIRTY=false
[2016.12.03-02.17.45:597][800]LogSavePackage: Save=1102.15ms
[2016.12.03-02.17.45:597][800]LogSavePackage: Moving '../../../../../../Users/Zac/Desktop/The-Deep-West/Saved/Greybox2235751164538E07474CFDEB36F172998.tmp' to '../../../../../../Users/Zac/Desktop/The-Deep-West/Content/Maps/Greybox2.umap'
[2016.12.03-02.17.45:606][800]LogSavePackage:Display: Finished SavePackage ../../../../../../Users/Zac/Desktop/The-Deep-West/Content/Maps/Greybox2.umap
[2016.12.03-02.17.45:623][800]LogFileHelpers: Saving map 'Greybox2' took 1.516
[2016.12.03-02.17.45:704][800]Cmd: OBJ SAVEPACKAGE PACKAGE="/Game/ThirdPersonBP/Blueprints/ConversableNPC" FILE="../../../../../../Users/Zac/Desktop/The-Deep-West/Content/ThirdPersonBP/Blueprints/ConversableNPC.uasset" SILENT=true
[2016.12.03-02.17.46:298][800]LogSavePackage: Save=562.57ms
[2016.12.03-02.17.46:298][800]L